This is pdfTeX, Version 3.141592653-2.6-1.40.29 (MiKTeX 26.2) (preloaded format=pdflatex 2026.5.11)  13 MAY 2026 12:23
entering extended mode
 restricted \write18 enabled.
 %&-line parsing enabled.
**./rapport.tex
(rapport.tex
LaTeX2e <2025-11-01>
L3 programming layer <2026-03-20>
(C:\Users\KIMERA\AppData\Local\Programs\MiKTeX\tex/latex/base\book.cls
Document Class: book 2025/01/22 v1.4n Standard LaTeX document class
(C:\Users\KIMERA\AppData\Local\Programs\MiKTeX\tex/latex/base\bk11.clo
File: bk11.clo 2025/01/22 v1.4n Standard LaTeX file (size option)
)
\c@part=\count275
\c@chapter=\count276
\c@section=\count277
\c@subsection=\count278
\c@subsubsection=\count279
\c@paragraph=\count280
\c@subparagraph=\count281
\c@figure=\count282
\c@table=\count283
\abovecaptionskip=\skip49
\belowcaptionskip=\skip50
\bibindent=\dimen150
)
(C:\Users\KIMERA\AppData\Local\Programs\MiKTeX\tex/latex/base\fontenc.sty
Package: fontenc 2025/07/18 v2.1d Standard LaTeX package
)
(C:\Users\KIMERA\AppData\Local\Programs\MiKTeX\tex/latex/base\inputenc.sty
Package: inputenc 2024/02/08 v1.3d Input encoding file
\inpenc@prehook=\toks17
\inpenc@posthook=\toks18
)
   defining Unicode char U+202F (decimal 8239)

(C:\Users\KIMERA\AppData\Local\Programs\MiKTeX\tex/generic/babel\babel.sty
Package: babel 2026/04/15 v26.6 The multilingual framework for LuaLaTeX, pdfLaT
eX and XeLaTeX
\babel@savecnt=\count284
LaTeX Encoding Info:    Redeclaring text command \ij (encoding OT1) on input li
ne 2078.
LaTeX Encoding Info:    Redeclaring text command \IJ (encoding OT1) on input li
ne 2080.
LaTeX Encoding Info:    Redeclaring text command \ij (encoding T1) on input lin
e 2082.
LaTeX Encoding Info:    Redeclaring text command \IJ (encoding T1) on input lin
e 2083.
LaTeX Encoding Info:    Ignoring declaration for text command \ij (encoding ?) 
on input line 2084.
LaTeX Encoding Info:    Ignoring declaration for text command \IJ (encoding ?) 
on input line 2086.
LaTeX Encoding Info:    Ignoring declaration for text command \SS (encoding ?) 
on input line 2111.
\U@D=\dimen151
\l@unhyphenated=\language79

(C:\Users\KIMERA\AppData\Local\Programs\MiKTeX\tex/generic/babel\txtbabel.def)
\bbl@readstream=\read2
\bbl@dirlevel=\count285
Package babel Info: Configuration files are deprecated, as
(babel)             they can break document portability.
(babel)             Reported on input line 4206.

*************************************
* Local config file bblopts.cfg used
*
(C:\Users\KIMERA\AppData\Local\Programs\MiKTeX\tex/latex/arabi\bblopts.cfg
File: bblopts.cfg 2005/09/08 v0.1 add Arabic and Farsi to "declared" options of
 babel
)
(C:\Users\KIMERA\AppData\Local\Programs\MiKTeX\tex/generic/babel/locale/fr\babe
l-french.tex)
Package babel Info: Importing font and identification data for french
(babel)             from babel-fr.ini. Reported on input line 4330.

(C:\Users\KIMERA\AppData\Local\Programs\MiKTeX\tex/generic/babel-french\french.
ldf
Language: french 2025-08-15 v4.0e French support from the babel system

(C:\Users\KIMERA\AppData\Local\Programs\MiKTeX\tex/generic/babel-french\french3
.ldf
Language: french 2025-08-15 v3.7e French support from the babel system
\FB@stdchar=\count286
Package babel Info: Making : an active character on input line 273.
Package babel Info: Making ; an active character on input line 274.
Package babel Info: Making ! an active character on input line 275.
Package babel Info: Making ? an active character on input line 276.
\FBguill@level=\count287
\FBold@everypar=\toks19
\FB@Mht=\dimen152
\mc@charclass=\count288
\mc@charfam=\count289
\mc@charslot=\count290
\std@mcc=\count291
\dec@mcc=\count292
\FB@pardim=\dimen153
\listindentFB=\dimen154
\descindentFB=\dimen155
\labelindentFB=\dimen156
\labelwidthFB=\dimen157
\leftmarginFB=\dimen158
\parindentFFN=\dimen159
\FBfnindent=\dimen160
)))
(C:\Users\KIMERA\AppData\Local\Programs\MiKTeX\tex/latex/carlisle\scalefnt.sty)
(C:\Users\KIMERA\AppData\Local\Programs\MiKTeX\tex/latex/tools\calc.sty
Package: calc 2025/03/01 v4.3b Infix arithmetic (KKT,FJ)
\calc@Acount=\count293
\calc@Bcount=\count294
\calc@Adimen=\dimen161
\calc@Bdimen=\dimen162
\calc@Askip=\skip51
\calc@Bskip=\skip52
LaTeX Info: Redefining \setlength on input line 86.
LaTeX Info: Redefining \addtolength on input line 87.
\calc@Ccount=\count295
\calc@Cskip=\skip53
)
(C:\Users\KIMERA\AppData\Local\Programs\MiKTeX\tex/latex/graphics\graphicx.sty
Package: graphicx 2024/12/31 v1.2e Enhanced LaTeX Graphics (DPC,SPQR)

(C:\Users\KIMERA\AppData\Local\Programs\MiKTeX\tex/latex/graphics\keyval.sty
Package: keyval 2022/05/29 v1.15 key=value parser (DPC)
\KV@toks@=\toks20
)
(C:\Users\KIMERA\AppData\Local\Programs\MiKTeX\tex/latex/graphics\graphics.sty
Package: graphics 2024/08/06 v1.4g Standard LaTeX Graphics (DPC,SPQR)

(C:\Users\KIMERA\AppData\Local\Programs\MiKTeX\tex/latex/graphics\trig.sty
Package: trig 2023/12/02 v1.11 sin cos tan (DPC)
)
(C:\Users\KIMERA\AppData\Local\Programs\MiKTeX\tex/latex/graphics-cfg\graphics.
cfg
File: graphics.cfg 2016/06/04 v1.11 sample graphics configuration
)
Package graphics Info: Driver file: pdftex.def on input line 106.

(C:\Users\KIMERA\AppData\Local\Programs\MiKTeX\tex/latex/graphics-def\pdftex.de
f
File: pdftex.def 2025/09/29 v1.2d Graphics/color driver for pdftex
))
\Gin@req@height=\dimen163
\Gin@req@width=\dimen164
)
(C:\Users\KIMERA\AppData\Local\Programs\MiKTeX\tex/latex/amsmath\amsmath.sty
Package: amsmath 2025/07/09 v2.17z AMS math features
\@mathmargin=\skip54

For additional information on amsmath, use the `?' option.
(C:\Users\KIMERA\AppData\Local\Programs\MiKTeX\tex/latex/amsmath\amstext.sty
Package: amstext 2024/11/17 v2.01 AMS text

(C:\Users\KIMERA\AppData\Local\Programs\MiKTeX\tex/latex/amsmath\amsgen.sty
File: amsgen.sty 1999/11/30 v2.0 generic functions
\@emptytoks=\toks21
\ex@=\dimen165
))
(C:\Users\KIMERA\AppData\Local\Programs\MiKTeX\tex/latex/amsmath\amsbsy.sty
Package: amsbsy 1999/11/29 v1.2d Bold Symbols
\pmbraise@=\dimen166
)
(C:\Users\KIMERA\AppData\Local\Programs\MiKTeX\tex/latex/amsmath\amsopn.sty
Package: amsopn 2022/04/08 v2.04 operator names
)
\inf@bad=\count296
LaTeX Info: Redefining \frac on input line 233.
\uproot@=\count297
\leftroot@=\count298
LaTeX Info: Redefining \overline on input line 398.
LaTeX Info: Redefining \colon on input line 409.
\classnum@=\count299
\DOTSCASE@=\count300
LaTeX Info: Redefining \ldots on input line 495.
LaTeX Info: Redefining \dots on input line 498.
LaTeX Info: Redefining \cdots on input line 619.
\Mathstrutbox@=\box53
\strutbox@=\box54
LaTeX Info: Redefining \big on input line 721.
LaTeX Info: Redefining \Big on input line 722.
LaTeX Info: Redefining \bigg on input line 723.
LaTeX Info: Redefining \Bigg on input line 724.
\big@size=\dimen167
LaTeX Font Info:    Redeclaring font encoding OML on input line 742.
LaTeX Font Info:    Redeclaring font encoding OMS on input line 743.
\macc@depth=\count301
LaTeX Info: Redefining \bmod on input line 904.
LaTeX Info: Redefining \pmod on input line 909.
LaTeX Info: Redefining \smash on input line 939.
LaTeX Info: Redefining \relbar on input line 969.
LaTeX Info: Redefining \Relbar on input line 970.
\c@MaxMatrixCols=\count302
\dotsspace@=\muskip17
\c@parentequation=\count303
\dspbrk@lvl=\count304
\tag@help=\toks22
\row@=\count305
\column@=\count306
\maxfields@=\count307
\andhelp@=\toks23
\eqnshift@=\dimen168
\alignsep@=\dimen169
\tagshift@=\dimen170
\tagwidth@=\dimen171
\totwidth@=\dimen172
\lineht@=\dimen173
\@envbody=\toks24
\multlinegap=\skip55
\multlinetaggap=\skip56
\mathdisplay@stack=\toks25
LaTeX Info: Redefining \[ on input line 2950.
LaTeX Info: Redefining \] on input line 2951.
)
(C:\Users\KIMERA\AppData\Local\Programs\MiKTeX\tex/latex/amsfonts\amssymb.sty
Package: amssymb 2013/01/14 v3.01 AMS font symbols

(C:\Users\KIMERA\AppData\Local\Programs\MiKTeX\tex/latex/amsfonts\amsfonts.sty
Package: amsfonts 2013/01/14 v3.01 Basic AMSFonts support
\symAMSa=\mathgroup4
\symAMSb=\mathgroup5
LaTeX Font Info:    Redeclaring math symbol \hbar on input line 98.
LaTeX Font Info:    Overwriting math alphabet `\mathfrak' in version `bold'
(Font)                  U/euf/m/n --> U/euf/b/n on input line 106.
)) (overpic.sty
Package: overpic 1999/07/04 v0.52  Overwriting eps pictures

Package: overpic v0.52 <1999/07/04> (RN)
(C:\Users\KIMERA\AppData\Local\Programs\MiKTeX\tex/latex/eepic\epic.sty
Enhancements to Picture Environment. Version 1.2 - Released June 1, 1986
\@@multicnt=\count308
\d@lta=\count309
\@delta=\dimen174
\@@delta=\dimen175
\@gridcnt=\count310
\@joinkind=\count311
\@dotgap=\dimen176
\@ddotgap=\dimen177
\@x@diff=\count312
\@y@diff=\count313
\x@diff=\dimen178
\y@diff=\dimen179
\@dotbox=\box55
\num@segments=\count314
\num@segmentsi=\count315
\@datafile=\read3
)
overpic: relative positioning in percent
) (C:\Users\KIMERA\AppData\Local\Programs\MiKTeX\tex/latex/graphics\color.sty
Package: color 2025/01/14 v1.3e Standard LaTeX Color (DPC)

(C:\Users\KIMERA\AppData\Local\Programs\MiKTeX\tex/latex/graphics-cfg\color.cfg
File: color.cfg 2016/01/02 v1.6 sample color configuration
)
Package color Info: Driver file: pdftex.def on input line 149.

(C:\Users\KIMERA\AppData\Local\Programs\MiKTeX\tex/latex/graphics\mathcolor.ltx
)) (C:\Users\KIMERA\AppData\Local\Programs\MiKTeX\tex/generic/dvips\rotate.sty
\@rotdimen=\dimen180
\@rotbox=\box56
)
(C:\Users\KIMERA\AppData\Local\Programs\MiKTeX\tex/latex/tcolorbox\tcolorbox.st
y
Package: tcolorbox 2025/11/28 version 6.9.0 text color boxes

(C:\Users\KIMERA\AppData\Local\Programs\MiKTeX\tex/latex/pgf/frontendlayer\tikz
.sty
(C:\Users\KIMERA\AppData\Local\Programs\MiKTeX\tex/latex/pgf/basiclayer\pgf.sty

(C:\Users\KIMERA\AppData\Local\Programs\MiKTeX\tex/latex/pgf/utilities\pgfrcs.s
ty
(C:\Users\KIMERA\AppData\Local\Programs\MiKTeX\tex/generic/pgf/utilities\pgfuti
l-common.tex
\pgfutil@everybye=\toks26
\pgfutil@tempdima=\dimen181
\pgfutil@tempdimb=\dimen182
)
(C:\Users\KIMERA\AppData\Local\Programs\MiKTeX\tex/generic/pgf/utilities\pgfuti
l-latex.def
\pgfutil@abb=\box57
)
(C:\Users\KIMERA\AppData\Local\Programs\MiKTeX\tex/generic/pgf/utilities\pgfrcs
.code.tex
(C:\Users\KIMERA\AppData\Local\Programs\MiKTeX\tex/generic/pgf\pgf.revision.tex
)
Package: pgfrcs 2025-08-29 v3.1.11a (3.1.11a)
))
Package: pgf 2025-08-29 v3.1.11a (3.1.11a)

(C:\Users\KIMERA\AppData\Local\Programs\MiKTeX\tex/latex/pgf/basiclayer\pgfcore
.sty
(C:\Users\KIMERA\AppData\Local\Programs\MiKTeX\tex/latex/pgf/systemlayer\pgfsys
.sty
(C:\Users\KIMERA\AppData\Local\Programs\MiKTeX\tex/generic/pgf/systemlayer\pgfs
ys.code.tex
Package: pgfsys 2025-08-29 v3.1.11a (3.1.11a)

(C:\Users\KIMERA\AppData\Local\Programs\MiKTeX\tex/generic/pgf/utilities\pgfkey
s.code.tex
\pgfkeys@pathtoks=\toks27
\pgfkeys@temptoks=\toks28

(C:\Users\KIMERA\AppData\Local\Programs\MiKTeX\tex/generic/pgf/utilities\pgfkey
slibraryfiltered.code.tex
\pgfkeys@tmptoks=\toks29
))
\pgf@x=\dimen183
\pgf@y=\dimen184
\pgf@xa=\dimen185
\pgf@ya=\dimen186
\pgf@xb=\dimen187
\pgf@yb=\dimen188
\pgf@xc=\dimen189
\pgf@yc=\dimen190
\pgf@xd=\dimen191
\pgf@yd=\dimen192
\w@pgf@writea=\write3
\r@pgf@reada=\read4
\c@pgf@counta=\count316
\c@pgf@countb=\count317
\c@pgf@countc=\count318
\c@pgf@countd=\count319
\t@pgf@toka=\toks30
\t@pgf@tokb=\toks31
\t@pgf@tokc=\toks32
\pgf@sys@id@count=\count320

(C:\Users\KIMERA\AppData\Local\Programs\MiKTeX\tex/generic/pgf/systemlayer\pgf.
cfg
File: pgf.cfg 2025-08-29 v3.1.11a (3.1.11a)
)
Driver file for pgf: pgfsys-pdftex.def

(C:\Users\KIMERA\AppData\Local\Programs\MiKTeX\tex/generic/pgf/systemlayer\pgfs
ys-pdftex.def
File: pgfsys-pdftex.def 2025-08-29 v3.1.11a (3.1.11a)

(C:\Users\KIMERA\AppData\Local\Programs\MiKTeX\tex/generic/pgf/systemlayer\pgfs
ys-common-pdf.def
File: pgfsys-common-pdf.def 2025-08-29 v3.1.11a (3.1.11a)
)))
(C:\Users\KIMERA\AppData\Local\Programs\MiKTeX\tex/generic/pgf/systemlayer\pgfs
yssoftpath.code.tex
File: pgfsyssoftpath.code.tex 2025-08-29 v3.1.11a (3.1.11a)
\pgfsyssoftpath@smallbuffer@items=\count321
\pgfsyssoftpath@bigbuffer@items=\count322
)
(C:\Users\KIMERA\AppData\Local\Programs\MiKTeX\tex/generic/pgf/systemlayer\pgfs
ysprotocol.code.tex
File: pgfsysprotocol.code.tex 2025-08-29 v3.1.11a (3.1.11a)
))
(C:\Users\KIMERA\AppData\Local\Programs\MiKTeX\tex/latex/xcolor\xcolor.sty
Package: xcolor 2024/09/29 v3.02 LaTeX color extensions (UK)

(C:\Users\KIMERA\AppData\Local\Programs\MiKTeX\tex/latex/graphics-cfg\color.cfg
File: color.cfg 2016/01/02 v1.6 sample color configuration
)
Package xcolor Info: Driver file: pdftex.def on input line 274.
LaTeX Info: Redefining \color on input line 762.

(C:\Users\KIMERA\AppData\Local\Programs\MiKTeX\tex/latex/graphics\mathcolor.ltx
)
Package xcolor Info: Model `cmy' substituted by `cmy0' on input line 1349.
Package xcolor Info: Model `hsb' substituted by `rgb' on input line 1353.
Package xcolor Info: Model `RGB' extended on input line 1365.
Package xcolor Info: Model `HTML' substituted by `rgb' on input line 1367.
Package xcolor Info: Model `Hsb' substituted by `hsb' on input line 1368.
Package xcolor Info: Model `tHsb' substituted by `hsb' on input line 1369.
Package xcolor Info: Model `HSB' substituted by `hsb' on input line 1370.
Package xcolor Info: Model `Gray' substituted by `gray' on input line 1371.
Package xcolor Info: Model `wave' substituted by `hsb' on input line 1372.
)
(C:\Users\KIMERA\AppData\Local\Programs\MiKTeX\tex/generic/pgf/basiclayer\pgfco
re.code.tex
Package: pgfcore 2025-08-29 v3.1.11a (3.1.11a)

(C:\Users\KIMERA\AppData\Local\Programs\MiKTeX\tex/generic/pgf/math\pgfmath.cod
e.tex
(C:\Users\KIMERA\AppData\Local\Programs\MiKTeX\tex/generic/pgf/math\pgfmathutil
.code.tex)
(C:\Users\KIMERA\AppData\Local\Programs\MiKTeX\tex/generic/pgf/math\pgfmathpars
er.code.tex
\pgfmath@dimen=\dimen193
\pgfmath@count=\count323
\pgfmath@box=\box58
\pgfmath@toks=\toks33
\pgfmath@stack@operand=\toks34
\pgfmath@stack@operation=\toks35
)
(C:\Users\KIMERA\AppData\Local\Programs\MiKTeX\tex/generic/pgf/math\pgfmathfunc
tions.code.tex)
(C:\Users\KIMERA\AppData\Local\Programs\MiKTeX\tex/generic/pgf/math\pgfmathfunc
tions.basic.code.tex)
(C:\Users\KIMERA\AppData\Local\Programs\MiKTeX\tex/generic/pgf/math\pgfmathfunc
tions.trigonometric.code.tex)
(C:\Users\KIMERA\AppData\Local\Programs\MiKTeX\tex/generic/pgf/math\pgfmathfunc
tions.random.code.tex)
(C:\Users\KIMERA\AppData\Local\Programs\MiKTeX\tex/generic/pgf/math\pgfmathfunc
tions.comparison.code.tex)
(C:\Users\KIMERA\AppData\Local\Programs\MiKTeX\tex/generic/pgf/math\pgfmathfunc
tions.base.code.tex)
(C:\Users\KIMERA\AppData\Local\Programs\MiKTeX\tex/generic/pgf/math\pgfmathfunc
tions.round.code.tex)
(C:\Users\KIMERA\AppData\Local\Programs\MiKTeX\tex/generic/pgf/math\pgfmathfunc
tions.misc.code.tex)
(C:\Users\KIMERA\AppData\Local\Programs\MiKTeX\tex/generic/pgf/math\pgfmathfunc
tions.integerarithmetics.code.tex)
(C:\Users\KIMERA\AppData\Local\Programs\MiKTeX\tex/generic/pgf/math\pgfmathcalc
.code.tex)
(C:\Users\KIMERA\AppData\Local\Programs\MiKTeX\tex/generic/pgf/math\pgfmathfloa
t.code.tex
\c@pgfmathroundto@lastzeros=\count324
))
(C:\Users\KIMERA\AppData\Local\Programs\MiKTeX\tex/generic/pgf/math\pgfint.code
.tex)
(C:\Users\KIMERA\AppData\Local\Programs\MiKTeX\tex/generic/pgf/basiclayer\pgfco
repoints.code.tex
File: pgfcorepoints.code.tex 2025-08-29 v3.1.11a (3.1.11a)
\pgf@picminx=\dimen194
\pgf@picmaxx=\dimen195
\pgf@picminy=\dimen196
\pgf@picmaxy=\dimen197
\pgf@pathminx=\dimen198
\pgf@pathmaxx=\dimen199
\pgf@pathminy=\dimen256
\pgf@pathmaxy=\dimen257
\pgf@xx=\dimen258
\pgf@xy=\dimen259
\pgf@yx=\dimen260
\pgf@yy=\dimen261
\pgf@zx=\dimen262
\pgf@zy=\dimen263
)
(C:\Users\KIMERA\AppData\Local\Programs\MiKTeX\tex/generic/pgf/basiclayer\pgfco
repathconstruct.code.tex
File: pgfcorepathconstruct.code.tex 2025-08-29 v3.1.11a (3.1.11a)
\pgf@path@lastx=\dimen264
\pgf@path@lasty=\dimen265
)
(C:\Users\KIMERA\AppData\Local\Programs\MiKTeX\tex/generic/pgf/basiclayer\pgfco
repathusage.code.tex
File: pgfcorepathusage.code.tex 2025-08-29 v3.1.11a (3.1.11a)
\pgf@shorten@end@additional=\dimen266
\pgf@shorten@start@additional=\dimen267
)
(C:\Users\KIMERA\AppData\Local\Programs\MiKTeX\tex/generic/pgf/basiclayer\pgfco
rescopes.code.tex
File: pgfcorescopes.code.tex 2025-08-29 v3.1.11a (3.1.11a)
\pgfpic=\box59
\pgf@hbox=\box60
\pgf@layerbox@main=\box61
\pgf@picture@serial@count=\count325
)
(C:\Users\KIMERA\AppData\Local\Programs\MiKTeX\tex/generic/pgf/basiclayer\pgfco
regraphicstate.code.tex
File: pgfcoregraphicstate.code.tex 2025-08-29 v3.1.11a (3.1.11a)
\pgflinewidth=\dimen268
)
(C:\Users\KIMERA\AppData\Local\Programs\MiKTeX\tex/generic/pgf/basiclayer\pgfco
retransformations.code.tex
File: pgfcoretransformations.code.tex 2025-08-29 v3.1.11a (3.1.11a)
\pgf@pt@x=\dimen269
\pgf@pt@y=\dimen270
\pgf@pt@temp=\dimen271
)
(C:\Users\KIMERA\AppData\Local\Programs\MiKTeX\tex/generic/pgf/basiclayer\pgfco
requick.code.tex
File: pgfcorequick.code.tex 2025-08-29 v3.1.11a (3.1.11a)
)
(C:\Users\KIMERA\AppData\Local\Programs\MiKTeX\tex/generic/pgf/basiclayer\pgfco
reobjects.code.tex
File: pgfcoreobjects.code.tex 2025-08-29 v3.1.11a (3.1.11a)
)
(C:\Users\KIMERA\AppData\Local\Programs\MiKTeX\tex/generic/pgf/basiclayer\pgfco
repathprocessing.code.tex
File: pgfcorepathprocessing.code.tex 2025-08-29 v3.1.11a (3.1.11a)
)
(C:\Users\KIMERA\AppData\Local\Programs\MiKTeX\tex/generic/pgf/basiclayer\pgfco
rearrows.code.tex
File: pgfcorearrows.code.tex 2025-08-29 v3.1.11a (3.1.11a)
\pgfarrowsep=\dimen272
)
(C:\Users\KIMERA\AppData\Local\Programs\MiKTeX\tex/generic/pgf/basiclayer\pgfco
reshade.code.tex
File: pgfcoreshade.code.tex 2025-08-29 v3.1.11a (3.1.11a)
\pgf@max=\dimen273
\pgf@sys@shading@range@num=\count326
\pgf@shadingcount=\count327
)
(C:\Users\KIMERA\AppData\Local\Programs\MiKTeX\tex/generic/pgf/basiclayer\pgfco
reimage.code.tex
File: pgfcoreimage.code.tex 2025-08-29 v3.1.11a (3.1.11a)
)
(C:\Users\KIMERA\AppData\Local\Programs\MiKTeX\tex/generic/pgf/basiclayer\pgfco
reexternal.code.tex
File: pgfcoreexternal.code.tex 2025-08-29 v3.1.11a (3.1.11a)
\pgfexternal@startupbox=\box62
)
(C:\Users\KIMERA\AppData\Local\Programs\MiKTeX\tex/generic/pgf/basiclayer\pgfco
relayers.code.tex
File: pgfcorelayers.code.tex 2025-08-29 v3.1.11a (3.1.11a)
)
(C:\Users\KIMERA\AppData\Local\Programs\MiKTeX\tex/generic/pgf/basiclayer\pgfco
retransparency.code.tex
File: pgfcoretransparency.code.tex 2025-08-29 v3.1.11a (3.1.11a)
)
(C:\Users\KIMERA\AppData\Local\Programs\MiKTeX\tex/generic/pgf/basiclayer\pgfco
repatterns.code.tex
File: pgfcorepatterns.code.tex 2025-08-29 v3.1.11a (3.1.11a)
)
(C:\Users\KIMERA\AppData\Local\Programs\MiKTeX\tex/generic/pgf/basiclayer\pgfco
rerdf.code.tex
File: pgfcorerdf.code.tex 2025-08-29 v3.1.11a (3.1.11a)
)))
(C:\Users\KIMERA\AppData\Local\Programs\MiKTeX\tex/generic/pgf/modules\pgfmodul
eshapes.code.tex
File: pgfmoduleshapes.code.tex 2025-08-29 v3.1.11a (3.1.11a)
\pgfnodeparttextbox=\box63
)
(C:\Users\KIMERA\AppData\Local\Programs\MiKTeX\tex/generic/pgf/modules\pgfmodul
eplot.code.tex
File: pgfmoduleplot.code.tex 2025-08-29 v3.1.11a (3.1.11a)
)
(C:\Users\KIMERA\AppData\Local\Programs\MiKTeX\tex/latex/pgf/compatibility\pgfc
omp-version-0-65.sty
Package: pgfcomp-version-0-65 2025-08-29 v3.1.11a (3.1.11a)
\pgf@nodesepstart=\dimen274
\pgf@nodesepend=\dimen275
)
(C:\Users\KIMERA\AppData\Local\Programs\MiKTeX\tex/latex/pgf/compatibility\pgfc
omp-version-1-18.sty
Package: pgfcomp-version-1-18 2025-08-29 v3.1.11a (3.1.11a)
))
(C:\Users\KIMERA\AppData\Local\Programs\MiKTeX\tex/latex/pgf/utilities\pgffor.s
ty
(C:\Users\KIMERA\AppData\Local\Programs\MiKTeX\tex/latex/pgf/utilities\pgfkeys.
sty
(C:\Users\KIMERA\AppData\Local\Programs\MiKTeX\tex/generic/pgf/utilities\pgfkey
s.code.tex))
(C:\Users\KIMERA\AppData\Local\Programs\MiKTeX\tex/latex/pgf/math\pgfmath.sty
(C:\Users\KIMERA\AppData\Local\Programs\MiKTeX\tex/generic/pgf/math\pgfmath.cod
e.tex))
(C:\Users\KIMERA\AppData\Local\Programs\MiKTeX\tex/generic/pgf/utilities\pgffor
.code.tex
Package: pgffor 2025-08-29 v3.1.11a (3.1.11a)
\pgffor@iter=\dimen276
\pgffor@skip=\dimen277
\pgffor@stack=\toks36
\pgffor@toks=\toks37
))
(C:\Users\KIMERA\AppData\Local\Programs\MiKTeX\tex/generic/pgf/frontendlayer/ti
kz\tikz.code.tex
Package: tikz 2025-08-29 v3.1.11a (3.1.11a)

(C:\Users\KIMERA\AppData\Local\Programs\MiKTeX\tex/generic/pgf/libraries\pgflib
raryplothandlers.code.tex
File: pgflibraryplothandlers.code.tex 2025-08-29 v3.1.11a (3.1.11a)
\pgf@plot@mark@count=\count328
\pgfplotmarksize=\dimen278
)
\tikz@lastx=\dimen279
\tikz@lasty=\dimen280
\tikz@lastxsaved=\dimen281
\tikz@lastysaved=\dimen282
\tikz@lastmovetox=\dimen283
\tikz@lastmovetoy=\dimen284
\tikzleveldistance=\dimen285
\tikzsiblingdistance=\dimen286
\tikz@figbox=\box64
\tikz@figbox@bg=\box65
\tikz@tempbox=\box66
\tikz@tempbox@bg=\box67
\tikztreelevel=\count329
\tikznumberofchildren=\count330
\tikznumberofcurrentchild=\count331
\tikz@fig@count=\count332

(C:\Users\KIMERA\AppData\Local\Programs\MiKTeX\tex/generic/pgf/modules\pgfmodul
ematrix.code.tex
File: pgfmodulematrix.code.tex 2025-08-29 v3.1.11a (3.1.11a)
\pgfmatrixcurrentrow=\count333
\pgfmatrixcurrentcolumn=\count334
\pgf@matrix@numberofcolumns=\count335
)
\tikz@expandcount=\count336

(C:\Users\KIMERA\AppData\Local\Programs\MiKTeX\tex/generic/pgf/frontendlayer/ti
kz/libraries\tikzlibrarytopaths.code.tex
File: tikzlibrarytopaths.code.tex 2025-08-29 v3.1.11a (3.1.11a)
)))
(C:\Users\KIMERA\AppData\Local\Programs\MiKTeX\tex/latex/tools\verbatim.sty
Package: verbatim 2024-01-22 v1.5x LaTeX2e package for verbatim enhancements
\every@verbatim=\toks38
\verbatim@line=\toks39
\verbatim@in@stream=\read5
)
(C:\Users\KIMERA\AppData\Local\Programs\MiKTeX\tex/latex/environ\environ.sty
Package: environ 2014/05/04 v0.3 A new way to define environments

(C:\Users\KIMERA\AppData\Local\Programs\MiKTeX\tex/latex/trimspaces\trimspaces.
sty
Package: trimspaces 2009/09/17 v1.1 Trim spaces around a token list
))
(C:\Users\KIMERA\AppData\Local\Programs\MiKTeX\tex/latex/etoolbox\etoolbox.sty
Package: etoolbox 2025/10/02 v2.5m e-TeX tools for LaTeX (JAW)
\etb@tempcnta=\count337
)
\tcb@titlebox=\box68
\tcb@upperbox=\box69
\tcb@lowerbox=\box70
\tcb@phantombox=\box71
\c@tcbbreakpart=\count338
\c@tcblayer=\count339
\c@tcolorbox@number=\count340
\l__tcobox_tmpa_box=\box72
\l__tcobox_tmpa_dim=\dimen287
\tcb@temp=\box73
\tcb@temp=\box74
\tcb@temp=\box75
\tcb@temp=\box76

(C:\Users\KIMERA\AppData\Local\Programs\MiKTeX\tex/latex/tcolorbox\tcbraster.co
de.tex
Library (tcolorbox): 'tcbraster.code.tex' version '6.9.0'
\c@tcbrastercolumn=\count341
\c@tcbrasterrow=\count342
\c@tcbrasternum=\count343
\c@tcbraster=\count344
)
(C:\Users\KIMERA\AppData\Local\Programs\MiKTeX\tex/latex/tcolorbox\tcbskins.cod
e.tex
Library (tcolorbox): 'tcbskins.code.tex' version '6.9.0'

(C:\Users\KIMERA\AppData\Local\Programs\MiKTeX\tex/latex/tikzfill\tikzfill.imag
e.sty
Package: tikzfill.image 2026/04/23 v1.2.0 Image filling library for TikZ

(C:\Users\KIMERA\AppData\Local\Programs\MiKTeX\tex/latex/tikzfill\tikzlibraryfi
ll.image.code.tex
File: tikzlibraryfill.image.code.tex 2026/04/23 v1.2.0 Image filling library
\l__tikzfill_tmpa_dim=\dimen288
\l__tikzfill_tmpb_dim=\dimen289
\l__tikzfill_img_box=\box77
))
(C:\Users\KIMERA\AppData\Local\Programs\MiKTeX\tex/latex/tcolorbox\tcbskinsjigs
aw.code.tex
Library (tcolorbox): 'tcbskinsjigsaw.code.tex' version '6.9.0'
))
(C:\Users\KIMERA\AppData\Local\Programs\MiKTeX\tex/latex/tcolorbox\tcbbreakable
.code.tex
Library (tcolorbox): 'tcbbreakable.code.tex' version '6.9.0'
(C:\Users\KIMERA\AppData\Local\Programs\MiKTeX\tex/latex/pdfcol\pdfcol.sty
Package: pdfcol 2022-09-21 v1.7 Handle new color stacks for pdfTeX (HO)

(C:\Users\KIMERA\AppData\Local\Programs\MiKTeX\tex/generic/ltxcmds\ltxcmds.sty
Package: ltxcmds 2023-12-04 v1.26 LaTeX kernel commands for general use (HO)
)
(C:\Users\KIMERA\AppData\Local\Programs\MiKTeX\tex/generic/infwarerr\infwarerr.
sty
Package: infwarerr 2019/12/03 v1.5 Providing info/warning/error messages (HO)
) (C:\Users\KIMERA\AppData\Local\Programs\MiKTeX\tex/generic/iftex\iftex.sty
Package: iftex 2024/12/12 v1.0g TeX engine tests
))
Package pdfcol Info: New color stack `tcb@breakable' = 1 on input line 23.
\tcb@testbox=\box78
\tcb@totalupperbox=\box79
\tcb@totallowerbox=\box80
)
(C:\Users\KIMERA\AppData\Local\Programs\MiKTeX\tex/latex/tcolorbox\tcbhooks.cod
e.tex
Library (tcolorbox): 'tcbhooks.code.tex' version '6.9.0'
)
(C:\Users\KIMERA\AppData\Local\Programs\MiKTeX\tex/latex/tcolorbox\tcbtheorems.
code.tex
Library (tcolorbox): 'tcbtheorems.code.tex' version '6.9.0'
)
(C:\Users\KIMERA\AppData\Local\Programs\MiKTeX\tex/latex/tcolorbox\tcbfitting.c
ode.tex
Library (tcolorbox): 'tcbfitting.code.tex' version '6.9.0'
\tcbfitdim=\dimen290
\tcb@lowerfitdim=\dimen291
\tcb@upperfitdim=\dimen292
\tcb@cur@hbadness=\count345
)
(C:\Users\KIMERA\AppData\Local\Programs\MiKTeX\tex/latex/tcolorbox\tcblistingsu
tf8.code.tex
Library (tcolorbox): 'tcblistingsutf8.code.tex' version '6.9.0'

(C:\Users\KIMERA\AppData\Local\Programs\MiKTeX\tex/latex/tcolorbox\tcblistings.
code.tex
Library (tcolorbox): 'tcblistings.code.tex' version '6.9.0'
(C:\Users\KIMERA\AppData\Local\Programs\MiKTeX\tex/latex/listings\listings.sty
\lst@mode=\count346
\lst@gtempboxa=\box81
\lst@token=\toks40
\lst@length=\count347
\lst@currlwidth=\dimen293
\lst@column=\count348
\lst@pos=\count349
\lst@lostspace=\dimen294
\lst@width=\dimen295
\lst@newlines=\count350
\lst@lineno=\count351
\lst@maxwidth=\dimen296

(C:\Users\KIMERA\AppData\Local\Programs\MiKTeX\tex/latex/listings\lstpatch.sty
File: lstpatch.sty 2025/11/14 1.11b (Carsten Heinz)
) (C:\Users\KIMERA\AppData\Local\Programs\MiKTeX\tex/latex/listings\lstmisc.sty
File: lstmisc.sty 2025/11/14 1.11b (Carsten Heinz)
\c@lstnumber=\count352
\lst@skipnumbers=\count353
\lst@framebox=\box82
) (C:\Users\KIMERA\AppData\Local\Programs\MiKTeX\tex/latex/listings\listings.cf
g
File: listings.cfg 2025/11/14 1.11b listings configuration
))
Package: listings 2025/11/14 1.11b (Carsten Heinz)

==> First Aid for listings.sty no longer applied!
    Expected:
        2024/09/23 1.10c (Carsten Heinz)
    but found:
        2025/11/14 1.11b (Carsten Heinz)
    so I'm assuming it got fixed.

(C:\Users\KIMERA\AppData\Local\Programs\MiKTeX\tex/latex/tcolorbox\tcblistingsc
ore.code.tex
Library (tcolorbox): 'tcblistingscore.code.tex' version '6.9.0'

(C:\Users\KIMERA\AppData\Local\Programs\MiKTeX\tex/latex/tcolorbox\tcbprocessin
g.code.tex
Library (tcolorbox): 'tcbprocessing.code.tex' version '6.9.0'
)
\c@tcblisting=\count354
))
(C:\Users\KIMERA\AppData\Local\Programs\MiKTeX\tex/latex/listingsutf8\listingsu
tf8.sty
Package: listingsutf8 2019-12-10 v1.5 Allow UTF-8 in listings input (HO)

(C:\Users\KIMERA\AppData\Local\Programs\MiKTeX\tex/generic/pdftexcmds\pdftexcmd
s.sty
Package: pdftexcmds 2020-06-27 v0.33 Utility functions of pdfTeX for LuaTeX (HO
)
Package pdftexcmds Info: \pdf@primitive is available.
Package pdftexcmds Info: \pdf@ifprimitive is available.
Package pdftexcmds Info: \pdfdraftmode found.
)
(C:\Users\KIMERA\AppData\Local\Programs\MiKTeX\tex/generic/stringenc\stringenc.
sty
Package: stringenc 2019/11/29 v1.12 Convert strings between diff. encodings (HO
)

(C:\Users\KIMERA\AppData\Local\Programs\MiKTeX\tex/generic/pdfescape\pdfescape.
sty
Package: pdfescape 2019/12/09 v1.15 Implements pdfTeX's escape features (HO)
))))
(C:\Users\KIMERA\AppData\Local\Programs\MiKTeX\tex/latex/tcolorbox\tcbexternal.
code.tex
Library (tcolorbox): 'tcbexternal.code.tex' version '6.9.0'
)
(C:\Users\KIMERA\AppData\Local\Programs\MiKTeX\tex/latex/tcolorbox\tcbmagazine.
code.tex
Library (tcolorbox): 'tcbmagazine.code.tex' version '6.9.0'
)
(C:\Users\KIMERA\AppData\Local\Programs\MiKTeX\tex/latex/tcolorbox\tcbvignette.
code.tex
Library (tcolorbox): 'tcbvignette.code.tex' version '6.9.0'

(C:\Users\KIMERA\AppData\Local\Programs\MiKTeX\tex/generic/pgf/frontendlayer/ti
kz/libraries\tikzlibraryfadings.code.tex
File: tikzlibraryfadings.code.tex 2025-08-29 v3.1.11a (3.1.11a)

(C:\Users\KIMERA\AppData\Local\Programs\MiKTeX\tex/generic/pgf/libraries\pgflib
raryfadings.code.tex
File: pgflibraryfadings.code.tex 2025-08-29 v3.1.11a (3.1.11a)
)))
(C:\Users\KIMERA\AppData\Local\Programs\MiKTeX\tex/latex/tcolorbox\tcbposter.co
de.tex
Library (tcolorbox): 'tcbposter.code.tex' version '6.9.0'
))
(C:\Users\KIMERA\AppData\Local\Programs\MiKTeX\tex/latex/multirow\multirow.sty
Package: multirow 2024/11/12 v2.9 Span multiple rows of a table
\multirow@colwidth=\skip57
\multirow@cntb=\count355
\multirow@dima=\skip58
\bigstrutjot=\dimen297
) (mychapter.sty
Redefining defaults from book.cls in MyMacros.sty!

) (mymacros.sty
Style-File: MyMacros v1.2 <2000/10/02>

\c@theorem=\count356
\c@lemma=\count357
\c@corollary=\count358
\c@definition=\count359
\c@Prop=\count360
\c@Proof=\count361
\c@Corol=\count362
\algobox=\box83
\algolength=\skip59
\c@exmpl=\count363
(pifont.sty
Package: pifont 1998/01/07 PSNFSS v.7 Pi font support : S Rahtz
LaTeX Font Info:    Trying to load font information for U+pzd on input line 59.


(C:\Users\KIMERA\AppData\Local\Programs\MiKTeX\tex/latex/psnfss\upzd.fd
File: upzd.fd 2001/06/04 font definitions for U/pzd.
)
LaTeX Font Info:    Trying to load font information for U+psy on input line 60.


(C:\Users\KIMERA\AppData\Local\Programs\MiKTeX\tex/latex/psnfss\upsy.fd
File: upsy.fd 2001/06/04 font definitions for U/psy.
))
\myfigrule=\box84
)
(C:\Users\KIMERA\AppData\Local\Programs\MiKTeX\tex/latex/base\makeidx.sty
Package: makeidx 2021/10/04 v1.0m Standard LaTeX package
)
(C:\Users\KIMERA\AppData\Local\Programs\MiKTeX\tex/latex/pdfpages\pdfpages.sty
Package: pdfpages 2026/03/30 v0.6h Insert pages of external PDF documents (AM)

(C:\Users\KIMERA\AppData\Local\Programs\MiKTeX\tex/latex/base\ifthen.sty
Package: ifthen 2024/03/16 v1.1e Standard LaTeX ifthen package (DPC)
)
(C:\Users\KIMERA\AppData\Local\Programs\MiKTeX\tex/latex/eso-pic\eso-pic.sty
Package: eso-pic 2025/12/10 v3.0d eso-pic (RN)
\ESO@tempdima=\dimen298
\ESO@tempdimb=\dimen299
)
\AM@pagewidth=\dimen300
\AM@pageheight=\dimen301
\AM@fboxrule=\dimen302

(C:\Users\KIMERA\AppData\Local\Programs\MiKTeX\tex/latex/pdfpages\pppdftex.def
File: pppdftex.def 2026/03/30 v0.6h Pdfpages driver for pdfTeX (AM)
)
\pdfpages@includegraphics@status=\count364
\AM@pagebox=\box85
\AM@global@opts=\toks41
\AM@pagecnt=\count365
\AM@toc@title=\toks42
\AM@lof@heading=\toks43
\c@AM@survey=\count366
\AM@templatesizebox=\box86
) (C:\Users\KIMERA\AppData\Local\Programs\MiKTeX\tex/latex/graphics\lscape.sty
Package: lscape 2020/05/28 v3.02 Landscape Pages (DPC)
) (PhS_Header.tex (PhS_Goodies.sty
\circleheight=\skip60
)
(C:\Users\KIMERA\AppData\Local\Programs\MiKTeX\tex/latex/base\latexsym.sty
Package: latexsym 1998/08/17 v2.2e Standard LaTeX package (lasy symbols)
\symlasy=\mathgroup6
LaTeX Font Info:    Overwriting symbol font `lasy' in version `bold'
(Font)                  U/lasy/m/n --> U/lasy/b/n on input line 52.
)
(C:\Users\KIMERA\AppData\Local\Programs\MiKTeX\tex/latex/amsfonts\euscript.sty
Package: euscript 2009/06/22 v3.00 Euler Script fonts
LaTeX Font Info:    Overwriting math alphabet `\EuScript' in version `bold'
(Font)                  U/eus/m/n --> U/eus/b/n on input line 33.
) (C:\Users\KIMERA\AppData\Local\Programs\MiKTeX\tex/latex/graphics\epsfig.sty
Package: epsfig 2024/01/14 v1.7b (e)psfig emulation (SPQR)
\epsfxsize=\dimen303
\epsfysize=\dimen304
)
(C:\Users\KIMERA\AppData\Local\Programs\MiKTeX\tex/latex/tools\array.sty
Package: array 2025/09/25 v2.6n Tabular extension package (FMi)
\col@sep=\dimen305
\ar@mcellbox=\box87
\extrarowheight=\dimen306
\NC@list=\toks44
\extratabsurround=\skip61
\backup@length=\skip62
\ar@cellbox=\box88
)
\c@parnum=\count367
\@indexfile=\write4
\openout4 = `rapport.idx'.


Writing index file rapport.idx
(PhSAbbreviations.sty)
\c@axiom=\count368
\c@proposition=\count369
\c@examplenum=\count370
)
(C:\Users\KIMERA\AppData\Local\Programs\MiKTeX\tex/latex/tools\longtable.sty
Package: longtable 2025-10-13 v4.24 Multi-page Table package (DPC)
\LTleft=\skip63
\LTright=\skip64
\LTpre=\skip65
\LTpost=\skip66
\LTchunksize=\count371
\LTcapwidth=\dimen307
\LT@head=\box89
\LT@firsthead=\box90
\LT@foot=\box91
\LT@lastfoot=\box92
\LT@gbox=\box93
\LT@cols=\count372
\LT@rows=\count373
\c@LT@tables=\count374
\c@LT@chunks=\count375
\LT@p@ftn=\toks45
)
(C:\Users\KIMERA\AppData\Local\Programs\MiKTeX\tex/latex/booktabs\booktabs.sty
Package: booktabs 2020/01/12 v1.61803398 Publication quality tables
\heavyrulewidth=\dimen308
\lightrulewidth=\dimen309
\cmidrulewidth=\dimen310
\belowrulesep=\dimen311
\belowbottomsep=\dimen312
\aboverulesep=\dimen313
\abovetopsep=\dimen314
\cmidrulesep=\dimen315
\cmidrulekern=\dimen316
\defaultaddspace=\dimen317
\@cmidla=\count376
\@cmidlb=\count377
\@aboverulesep=\dimen318
\@belowrulesep=\dimen319
\@thisruleclass=\count378
\@lastruleclass=\count379
\@thisrulewidth=\dimen320
) (C:\Users\KIMERA\AppData\Local\Programs\MiKTeX\tex/latex/colortbl\colortbl.st
y
Package: colortbl 2024/10/29 v1.0k Color table columns (DPC)
\everycr=\toks46
\minrowclearance=\skip67
\rownum=\count380
) (C:\Users\KIMERA\AppData\Local\Programs\MiKTeX\tex/latex/float\float.sty
Package: float 2001/11/08 v1.3d Float enhancements (AL)
\c@float@type=\count381
\float@exts=\toks47
\float@box=\box94
\@float@everytoks=\toks48
\@floatcapt=\box95
)
(C:\Users\KIMERA\AppData\Local\Programs\MiKTeX\tex/latex/placeins\placeins.sty
Package: placeins 2005/04/18  v 2.2
) (C:\Users\KIMERA\AppData\Local\Programs\MiKTeX\tex/latex/tools\tabularx.sty
Package: tabularx 2023/12/11 v2.12a `tabularx' package (DPC)
\TX@col@width=\dimen321
\TX@old@table=\dimen322
\TX@old@col=\dimen323
\TX@target=\dimen324
\TX@delta=\dimen325
\TX@cols=\count382
\TX@ftn=\toks49
)
(algorithm.sty
Package: algorithm 2009/08/24 v0.1 Document Style `algorithm' - floating enviro
nment
\@float@every@algorithm=\toks50
\c@algorithm=\count383
)
(C:\Users\KIMERA\AppData\Local\Programs\MiKTeX\tex/latex/minitoc\minitoc.sty
Package: minitoc 2018/07/12 v62 Package minitoc

(C:\Users\KIMERA\AppData\Local\Programs\MiKTeX\tex/latex/minitoc\mtcmess.sty
Package: mtcmess 2006/03/14
)
Package minitoc Info: I0001
(minitoc)             *** minitoc package, version 62 ***.
\tf@mtc=\write5
\mtcindent=\skip68
\mtcskipamount=\skip69
Package minitoc Info: I0005
(minitoc)             compatible with hyperref.
Package minitoc Info: I0023
(minitoc)             part level macros available.
Package minitoc Info: I0003
(minitoc)             chapter level macros available.
\mtc@toks=\toks51
\mtc@strutbox=\box96
\mtc@hstrutbox=\box97
Package minitoc Info: I0002
(minitoc)             Autoconfiguration of extensions.
\openout5 = `rapport.mtc0'.

\openout5 = `rapport.mtc'.


(rapport.mtc0)
Package minitoc Info: I0012
(minitoc)             Long extensions (Unix-like) will be used.
Package minitoc Info: I0031
(minitoc)             ==> this version is configured for UNIX-like 
(minitoc)                 (long extensions) file names.
\openout5 = `rapport.mtc'.

\openout5 = `rapport.mtc0'.

\c@mtc=\count384
\c@minitocdepth=\count385
\c@ptc=\count386
\c@parttocdepth=\count387
\ptcindent=\skip70
Package minitoc Info: I0010
(minitoc)             The english language is selected.
(minitoc)              on input line 4910.

(C:\Users\KIMERA\AppData\Local\Programs\MiKTeX\tex/latex/minitoc\english.mld
File: english.mld 2006/01/13
)
(C:\Users\KIMERA\AppData\Local\Programs\MiKTeX\tex/latex/minitoc\english.mld
File: english.mld 2006/01/13
))

Package minitoc Warning: W0010
(minitoc)                No file rapport.toc. 
(minitoc)                MINITOCS NOT PREPARED on input line 36.

(C:\Users\KIMERA\AppData\Local\Programs\MiKTeX\tex/latex/csquotes\csquotes.sty
Package: csquotes 2024-04-04 v5.2o context-sensitive quotations (JAW)
\csq@reset=\count388
\csq@gtype=\count389
\csq@glevel=\count390
\csq@qlevel=\count391
\csq@maxlvl=\count392
\csq@tshold=\count393
\csq@ltx@everypar=\toks52

(C:\Users\KIMERA\AppData\Local\Programs\MiKTeX\tex/latex/csquotes\csquotes.def
File: csquotes.def 2024-04-04 v5.2o csquotes generic definitions (JAW)
)
Package csquotes Info: Trying to load configuration file 'csquotes.cfg'...
Package csquotes Info: ... configuration file loaded successfully.
(C:\Users\KIMERA\AppData\Local\Programs\MiKTeX\tex/latex/csquotes\csquotes.cfg
File: csquotes.cfg 
)
Package csquotes Info: Option 'babel' depreciated.
(csquotes)             Using 'autostyle'.
Package csquotes Info: Enabling multilingual quotes.
)
(C:\Users\KIMERA\AppData\Local\Programs\MiKTeX\tex/latex/setspace\setspace.sty
Package: setspace 2022/12/04 v6.7b set line spacing
)
(C:\Users\KIMERA\AppData\Local\Programs\MiKTeX\tex/latex/algorithmicx\algorithm
icx.sty
Package: algorithmicx 2005/04/27 v1.2 Algorithmicx

Document Style algorithmicx 1.2 - a greatly improved `algorithmic' style
\c@ALG@line=\count394
\c@ALG@rem=\count395
\c@ALG@nested=\count396
\ALG@tlm=\skip71
\ALG@thistlm=\skip72
\c@ALG@Lnr=\count397
\c@ALG@blocknr=\count398
\c@ALG@storecount=\count399
\c@ALG@tmpcounter=\count400
\ALG@tmplength=\skip73
)
(C:\Users\KIMERA\AppData\Local\Programs\MiKTeX\tex/latex/algorithmicx\algpseudo
code.sty
Package: algpseudocode 

Document Style - pseudocode environments for use with the `algorithmicx' style
)
(C:\Users\KIMERA\AppData\Local\Programs\MiKTeX\tex/latex/hyperref\hyperref.sty
Package: hyperref 2026-04-24 v7.01q Hypertext links for LaTeX

(C:\Users\KIMERA\AppData\Local\Programs\MiKTeX\tex/latex/kvsetkeys\kvsetkeys.st
y
Package: kvsetkeys 2022-10-05 v1.19 Key value parser (HO)
)
(C:\Users\KIMERA\AppData\Local\Programs\MiKTeX\tex/generic/kvdefinekeys\kvdefin
ekeys.sty
Package: kvdefinekeys 2019-12-19 v1.6 Define keys (HO)
)
(C:\Users\KIMERA\AppData\Local\Programs\MiKTeX\tex/latex/hycolor\hycolor.sty
Package: hycolor 2020-01-27 v1.10 Color options for hyperref/bookmark (HO)
)
(C:\Users\KIMERA\AppData\Local\Programs\MiKTeX\tex/latex/hyperref\nameref.sty
Package: nameref 2026-01-29 v2.58 Cross-referencing by name of section

(C:\Users\KIMERA\AppData\Local\Programs\MiKTeX\tex/latex/refcount\refcount.sty
Package: refcount 2019/12/15 v3.6 Data extraction from label references (HO)
)
(C:\Users\KIMERA\AppData\Local\Programs\MiKTeX\tex/generic/gettitlestring\getti
tlestring.sty
Package: gettitlestring 2019/12/15 v1.6 Cleanup title references (HO)

(C:\Users\KIMERA\AppData\Local\Programs\MiKTeX\tex/latex/kvoptions\kvoptions.st
y
Package: kvoptions 2022-06-15 v3.15 Key value format for package options (HO)
))
\c@section@level=\count401
)
\@linkdim=\dimen326
\Hy@linkcounter=\count402
\Hy@pagecounter=\count403

(C:\Users\KIMERA\AppData\Local\Programs\MiKTeX\tex/latex/hyperref\pd1enc.def
File: pd1enc.def 2026-04-24 v7.01q Hyperref: PDFDocEncoding definition (HO)
Now handling font encoding PD1 ...
... no UTF-8 mapping file for font encoding PD1
)
(C:\Users\KIMERA\AppData\Local\Programs\MiKTeX\tex/generic/intcalc\intcalc.sty
Package: intcalc 2019/12/15 v1.3 Expandable calculations with integers (HO)
)
\Hy@SavedSpaceFactor=\count404
(C:\Users\KIMERA\AppData\Local\Programs\MiKTeX\tex/latex/hyperref\puenc.def
File: puenc.def 2026-04-24 v7.01q Hyperref: PDF Unicode definition (HO)
Now handling font encoding PU ...
... no UTF-8 mapping file for font encoding PU
)
Package hyperref Info: Hyper figures OFF on input line 4199.
Package hyperref Info: Link nesting OFF on input line 4204.
Package hyperref Info: Hyper index ON on input line 4207.
Package hyperref Info: Plain pages OFF on input line 4214.
Package hyperref Info: Backreferencing OFF on input line 4219.
Package hyperref Info: Implicit mode ON; LaTeX internals redefined.
Package hyperref Info: Bookmarks ON on input line 4466.
\c@Hy@tempcnt=\count405

(C:\Users\KIMERA\AppData\Local\Programs\MiKTeX\tex/latex/url\url.sty
\Urlmuskip=\muskip18
Package: url 2013/09/16  ver 3.4  Verb mode for urls, etc.
)
LaTeX Info: Redefining \url on input line 4805.
\XeTeXLinkMargin=\dimen327

(C:\Users\KIMERA\AppData\Local\Programs\MiKTeX\tex/generic/bitset\bitset.sty
Package: bitset 2019/12/09 v1.3 Handle bit-vector datatype (HO)

(C:\Users\KIMERA\AppData\Local\Programs\MiKTeX\tex/generic/bigintcalc\bigintcal
c.sty
Package: bigintcalc 2019/12/15 v1.5 Expandable calculations on big integers (HO
)
))
\Fld@menulength=\count406
\Field@Width=\dimen328
\Fld@charsize=\dimen329
Package hyperref Info: Hyper figures OFF on input line 6091.
Package hyperref Info: Link nesting OFF on input line 6096.
Package hyperref Info: Hyper index ON on input line 6099.
Package hyperref Info: backreferencing OFF on input line 6106.
Package hyperref Info: Link coloring OFF on input line 6111.
Package hyperref Info: Link coloring with OCG OFF on input line 6116.
Package hyperref Info: PDF/A mode OFF on input line 6121.
\Hy@abspage=\count407
\c@Item=\count408
\c@Hfootnote=\count409
)
Package hyperref Info: Driver (autodetected): hpdftex.

(C:\Users\KIMERA\AppData\Local\Programs\MiKTeX\tex/latex/hyperref\hpdftex.def
File: hpdftex.def 2026-04-24 v7.01q Hyperref driver for pdfTeX
\Fld@listcount=\count410
\c@bookmark@seq@number=\count411

(C:\Users\KIMERA\AppData\Local\Programs\MiKTeX\tex/latex/rerunfilecheck\rerunfi
lecheck.sty
Package: rerunfilecheck 2025-06-21 v1.11 Rerun checks for auxiliary files (HO)

(C:\Users\KIMERA\AppData\Local\Programs\MiKTeX\tex/generic/uniquecounter\unique
counter.sty
Package: uniquecounter 2019/12/15 v1.4 Provide unlimited unique counter (HO)
)
Package uniquecounter Info: New unique counter `rerunfilecheck' on input line 2
84.
)
\Hy@SectionHShift=\skip74
)
(C:\Users\KIMERA\AppData\Local\Programs\MiKTeX\tex/latex/fancybox\fancybox.sty
Package: fancybox 2010/05/15 1.4

Style option: `fancybox' v1.4 <2010/05/15> (tvz)
\@fancybox=\box98
\shadowsize=\dimen330
\@Sbox=\box99
\do@VerbBox=\toks53
\the@fancyput=\toks54
\this@fancyput=\toks55
\EndVerbatimTokens=\toks56
\Verbatim@Outfile=\write6
\Verbatim@Infile=\read6
)
(C:\Users\KIMERA\AppData\Local\Programs\MiKTeX\tex/latex/enumitem\enumitem.sty
Package: enumitem 2025/02/06 v3.11 Customized lists
\labelindent=\skip75
\enit@outerparindent=\dimen331
\enit@toks=\toks57
\enit@inbox=\box100
\enit@count@id=\count412
\enitdp@description=\count413
) (C:\Users\KIMERA\AppData\Local\Programs\MiKTeX\tex/latex/biblatex\biblatex.st
y
Package: biblatex 2025/07/10 v3.21 programmable bibliographies (PK/MW)
(C:\Users\KIMERA\AppData\Local\Programs\MiKTeX\tex/latex/logreq\logreq.sty
Package: logreq 2010/08/04 v1.0 xml request logger
\lrq@indent=\count414

(C:\Users\KIMERA\AppData\Local\Programs\MiKTeX\tex/latex/logreq\logreq.def
File: logreq.def 2010/08/04 v1.0 logreq spec v1.0
))
\c@tabx@nest=\count415
\c@listtotal=\count416
\c@listcount=\count417
\c@liststart=\count418
\c@liststop=\count419
\c@citecount=\count420
\c@citetotal=\count421
\c@multicitecount=\count422
\c@multicitetotal=\count423
\c@instcount=\count424
\c@maxnames=\count425
\c@minnames=\count426
\c@maxitems=\count427
\c@minitems=\count428
\c@citecounter=\count429
\c@maxcitecounter=\count430
\c@savedcitecounter=\count431
\c@uniquelist=\count432
\c@uniquename=\count433
\c@refsection=\count434
\c@refsegment=\count435
\c@maxextratitle=\count436
\c@maxextratitleyear=\count437
\c@maxextraname=\count438
\c@maxextradate=\count439
\c@maxextraalpha=\count440
\c@abbrvpenalty=\count441
\c@highnamepenalty=\count442
\c@lownamepenalty=\count443
\c@maxparens=\count444
\c@parenlevel=\count445
\blx@tempcnta=\count446
\blx@tempcntb=\count447
\blx@tempcntc=\count448
\c@blx@maxsection=\count449
\blx@maxsegment@0=\count450
\blx@notetype=\count451
\blx@parenlevel@text=\count452
\blx@parenlevel@foot=\count453
\blx@sectionciteorder@0=\count454
\blx@sectionciteorderinternal@0=\count455
\blx@entrysetcounter=\count456
\blx@biblioinstance=\count457
\labelnumberwidth=\skip76
\labelalphawidth=\skip77
\biblabelsep=\skip78
\bibitemsep=\skip79
\bibnamesep=\skip80
\bibinitsep=\skip81
\bibparsep=\skip82
\bibhang=\skip83
\blx@bcfin=\read7
\blx@bcfout=\write7
\blx@langwohyphens=\language80
\c@mincomprange=\count458
\c@maxcomprange=\count459
\c@mincompwidth=\count460
Package biblatex Info: Trying to load biblatex default data model...
Package biblatex Info: ... file 'blx-dm.def' found.

(C:\Users\KIMERA\AppData\Local\Programs\MiKTeX\tex/latex/biblatex\blx-dm.def
File: blx-dm.def 2025/07/10 v3.21 biblatex datamodel (PK/MW)
)
Package biblatex Info: Trying to load biblatex style data model...
Package biblatex Info: ... file 'numeric.dbx' not found.
Package biblatex Info: Trying to load biblatex custom data model...
Package biblatex Info: ... file 'biblatex-dm.cfg' not found.
\c@afterword=\count461
\c@savedafterword=\count462
\c@annotator=\count463
\c@savedannotator=\count464
\c@author=\count465
\c@savedauthor=\count466
\c@bookauthor=\count467
\c@savedbookauthor=\count468
\c@commentator=\count469
\c@savedcommentator=\count470
\c@editor=\count471
\c@savededitor=\count472
\c@editora=\count473
\c@savededitora=\count474
\c@editorb=\count475
\c@savededitorb=\count476
\c@editorc=\count477
\c@savededitorc=\count478
\c@foreword=\count479
\c@savedforeword=\count480
\c@holder=\count481
\c@savedholder=\count482
\c@introduction=\count483
\c@savedintroduction=\count484
\c@namea=\count485
\c@savednamea=\count486
\c@nameb=\count487
\c@savednameb=\count488
\c@namec=\count489
\c@savednamec=\count490
\c@translator=\count491
\c@savedtranslator=\count492
\c@shortauthor=\count493
\c@savedshortauthor=\count494
\c@shorteditor=\count495
\c@savedshorteditor=\count496
\c@labelname=\count497
\c@savedlabelname=\count498
\c@institution=\count499
\c@savedinstitution=\count500
\c@lista=\count501
\c@savedlista=\count502
\c@listb=\count503
\c@savedlistb=\count504
\c@listc=\count505
\c@savedlistc=\count506
\c@listd=\count507
\c@savedlistd=\count508
\c@liste=\count509
\c@savedliste=\count510
\c@listf=\count511
\c@savedlistf=\count512
\c@location=\count513
\c@savedlocation=\count514
\c@organization=\count515
\c@savedorganization=\count516
\c@origlocation=\count517
\c@savedoriglocation=\count518
\c@origpublisher=\count519
\c@savedorigpublisher=\count520
\c@publisher=\count521
\c@savedpublisher=\count522
\c@language=\count523
\c@savedlanguage=\count524
\c@origlanguage=\count525
\c@savedoriglanguage=\count526
\c@pageref=\count527
\c@savedpageref=\count528
\shorthandwidth=\skip84
\shortjournalwidth=\skip85
\shortserieswidth=\skip86
\shorttitlewidth=\skip87
\shortauthorwidth=\skip88
\shorteditorwidth=\skip89
\locallabelnumberwidth=\skip90
\locallabelalphawidth=\skip91
\localshorthandwidth=\skip92
\localshortjournalwidth=\skip93
\localshortserieswidth=\skip94
\localshorttitlewidth=\skip95
\localshortauthorwidth=\skip96
\localshorteditorwidth=\skip97
Package biblatex Info: Trying to load compatibility code...
Package biblatex Info: ... file 'blx-compat.def' found.

(C:\Users\KIMERA\AppData\Local\Programs\MiKTeX\tex/latex/biblatex\blx-compat.de
f
File: blx-compat.def 2025/07/10 v3.21 biblatex compatibility (PK/MW)
)
Package biblatex Info: Trying to load generic definitions...
Package biblatex Info: ... file 'biblatex.def' found.

(C:\Users\KIMERA\AppData\Local\Programs\MiKTeX\tex/latex/biblatex\biblatex.def
File: biblatex.def 2025/07/10 v3.21 biblatex compatibility (PK/MW)
\c@textcitecount=\count529
\c@textcitetotal=\count530
\c@textcitemaxnames=\count531
\c@biburlbigbreakpenalty=\count532
\c@biburlbreakpenalty=\count533
\c@biburlnumpenalty=\count534
\c@biburlucpenalty=\count535
\c@biburllcpenalty=\count536
\biburlbigskip=\muskip19
\biburlnumskip=\muskip20
\biburlucskip=\muskip21
\biburllcskip=\muskip22
\c@smartand=\count537
)
Package biblatex Info: Trying to load bibliography style 'numeric'...
Package biblatex Info: ... file 'numeric.bbx' found.

(C:\Users\KIMERA\AppData\Local\Programs\MiKTeX\tex/latex/biblatex/bbx\numeric.b
bx
File: numeric.bbx 2025/07/10 v3.21 biblatex bibliography style (PK/MW)
Package biblatex Info: Trying to load bibliography style 'standard'...
Package biblatex Info: ... file 'standard.bbx' found.

(C:\Users\KIMERA\AppData\Local\Programs\MiKTeX\tex/latex/biblatex/bbx\standard.
bbx
File: standard.bbx 2025/07/10 v3.21 biblatex bibliography style (PK/MW)
\c@bbx:relatedcount=\count538
\c@bbx:relatedtotal=\count539
))
Package biblatex Info: Trying to load citation style 'numeric'...
Package biblatex Info: ... file 'numeric.cbx' found.

(C:\Users\KIMERA\AppData\Local\Programs\MiKTeX\tex/latex/biblatex/cbx\numeric.c
bx
File: numeric.cbx 2025/07/10 v3.21 biblatex citation style (PK/MW)
Package biblatex Info: Redefining '\cite'.
Package biblatex Info: Redefining '\parencite'.
Package biblatex Info: Redefining '\footcite'.
Package biblatex Info: Redefining '\footcitetext'.
Package biblatex Info: Redefining '\smartcite'.
Package biblatex Info: Redefining '\supercite'.
Package biblatex Info: Redefining '\textcite'.
Package biblatex Info: Redefining '\textcites'.
Package biblatex Info: Redefining '\cites'.
Package biblatex Info: Redefining '\parencites'.
Package biblatex Info: Redefining '\smartcites'.
)
Package biblatex Info: Trying to load configuration file...
Package biblatex Info: ... file 'biblatex.cfg' found.

(C:\Users\KIMERA\AppData\Local\Programs\MiKTeX\tex/latex/biblatex\biblatex.cfg
File: biblatex.cfg 
)
Package biblatex Info: Input encoding 'utf8' detected.
Package biblatex Info: Document encoding is UTF8 ....
(C:\Users\KIMERA\AppData\Local\Programs\MiKTeX\tex/latex/l3kernel\expl3.sty
Package: expl3 2026-03-20 L3 programming layer (loader) 

(C:\Users\KIMERA\AppData\Local\Programs\MiKTeX\tex/latex/l3backend\l3backend-pd
ftex.def
File: l3backend-pdftex.def 2026-02-18 L3 backend support: PDF output (pdfTeX)
\l__color_backend_stack_int=\count540
))
Package biblatex Info: ... and expl3
(biblatex)             2026-03-20 L3 programming layer (loader) 
(biblatex)             is new enough (at least 2020/04/06),
(biblatex)             setting 'casechanger=expl3'.

(C:\Users\KIMERA\AppData\Local\Programs\MiKTeX\tex/latex/biblatex\blx-case-expl
3.sty
(C:\Users\KIMERA\AppData\Local\Programs\MiKTeX\tex/latex/l3packages/xparse\xpar
se.sty
Package: xparse 2025-10-09 L3 Experimental document command parser
)
Package: blx-case-expl3 2025/07/10 v3.21 expl3 case changing code for biblatex
))
\longueurequation=\skip98
\longueurrestante=\skip99
Package french3.ldf Info: Setting StandardItemizeEnv=true for
(french3.ldf)             compatibility with enumitem package,
(french3.ldf)             reported on input line 82.
Package french3.ldf Info: Setting StandardEnumerateEnv=true for
(french3.ldf)             compatibility with enumitem package,
(french3.ldf)             reported on input line 82.
Package csquotes Info: Checking for multilingual support...
Package csquotes Info: ... found 'babel' package.

No file rapport.aux.
\openout1 = `rapport.aux'.

LaTeX Font Info:    Checking defaults for OML/cmm/m/it on input line 82.
LaTeX Font Info:    ... okay on input line 82.
LaTeX Font Info:    Checking defaults for OMS/cmsy/m/n on input line 82.
LaTeX Font Info:    ... okay on input line 82.
LaTeX Font Info:    Checking defaults for OT1/cmr/m/n on input line 82.
LaTeX Font Info:    ... okay on input line 82.
LaTeX Font Info:    Checking defaults for T1/cmr/m/n on input line 82.
LaTeX Font Info:    ... okay on input line 82.
LaTeX Font Info:    Checking defaults for TS1/cmr/m/n on input line 82.
LaTeX Font Info:    ... okay on input line 82.
LaTeX Font Info:    Checking defaults for OMX/cmex/m/n on input line 82.
LaTeX Font Info:    ... okay on input line 82.
LaTeX Font Info:    Checking defaults for U/cmr/m/n on input line 82.
LaTeX Font Info:    ... okay on input line 82.
LaTeX Font Info:    Checking defaults for PD1/pdf/m/n on input line 82.
LaTeX Font Info:    ... okay on input line 82.
LaTeX Font Info:    Checking defaults for PU/pdf/m/n on input line 82.
LaTeX Font Info:    ... okay on input line 82.
Package babel Info: 'french' activates 'french' shorthands.
(babel)             Reported on input line 82.
LaTeX Info: Redefining \degres on input line 82.

(C:\Users\KIMERA\AppData\Local\Programs\MiKTeX\tex/context/base/mkii\supp-pdf.m
kii
[Loading MPS to PDF converter (version 2006.09.02).]
\scratchcounter=\count541
\scratchdimen=\dimen332
\scratchbox=\box101
\nofMPsegments=\count542
\nofMParguments=\count543
\everyMPshowfont=\toks58
\MPscratchCnt=\count544
\MPscratchDim=\dimen333
\MPnumerator=\count545
\makeMPintoPDFobject=\count546
\everyMPtoPDFconversion=\toks59
)
(C:\Users\KIMERA\AppData\Local\Programs\MiKTeX\tex/latex/epstopdf-pkg\epstopdf-
base.sty
Package: epstopdf-base 2020-01-24 v2.11 Base part for package epstopdf
Package epstopdf-base Info: Redefining graphics rule for `.eps' on input line 4
85.

(C:\Users\KIMERA\AppData\Local\Programs\MiKTeX\tex/latex/00miktex\epstopdf-sys.
cfg
File: epstopdf-sys.cfg 2021/03/18 v2.0 Configuration of epstopdf for MiKTeX
))
\c@lstlisting=\count547

(C:\Users\KIMERA\AppData\Local\Programs\MiKTeX\tex/latex/pdflscape\pdflscape.st
y
Package: pdflscape 2022-10-27 v0.13 Display of landscape pages in PDF

(C:\Users\KIMERA\AppData\Local\Programs\MiKTeX\tex/latex/pdflscape\pdflscape-no
metadata.sty
Package: pdflscape-nometadata 2022-10-28 v0.13 Display of landscape pages in PD
F (HO)
Package pdflscape Info: Auto-detected driver: pdftex on input line 81.
))
Package minitoc(hints) Info: I0049
(minitoc(hints))             ==> You requested the hints option. 
(minitoc(hints))             Some hints are eventually given below.


Package minitoc(hints) Warning: W0030
(minitoc(hints))                --- The \part command is altered 
(minitoc(hints))                after minitoc.


Package minitoc(hints) Warning: W0023
(minitoc(hints))                --- It may be the consequence 
(minitoc(hints))                of loading the ``hyperref'' package.


Package minitoc(hints) Warning: W0028
(minitoc(hints))                --- The \chapter command is altered 
(minitoc(hints))                after minitoc.


Package minitoc(hints) Warning: W0023
(minitoc(hints))                --- It may be the consequence 
(minitoc(hints))                of loading the ``hyperref'' package.

Package hyperref Info: Link coloring OFF on input line 82.
\@outlinefile=\write8
\openout8 = `rapport.out'.

Package biblatex Info: Trying to load language 'french'...
Package biblatex Info: ... file 'french.lbx' found.

(C:\Users\KIMERA\AppData\Local\Programs\MiKTeX\tex/latex/biblatex/lbx\french.lb
x
File: french.lbx 2025/07/10 v3.21 biblatex localization (PK/MW)
)
Package biblatex Info: Input encoding 'utf8' detected.
Package biblatex Info: Automatic encoding selection.
(biblatex)             Assuming data encoding 'utf8'.
\openout7 = `rapport.bcf'.

Package biblatex Info: Trying to load bibliographic data...
Package biblatex Info: ... file 'rapport.bbl' not found.

No file rapport.bbl.
Package biblatex Info: Reference section=0 on input line 82.
Package biblatex Info: Reference segment=0 on input line 82.
<Chapitres/Page_garde_BC.pdf, id=42, 597.432pt x 845.07718pt>
File: Chapitres/Page_garde_BC.pdf Graphic file (type pdf)
<use Chapitres/Page_garde_BC.pdf>
Package pdftex.def Info: Chapitres/Page_garde_BC.pdf  used on input line 84.
(pdftex.def)             Requested size: 597.43054pt x 845.07512pt.
<Chapitres/Page_garde_BC.pdf, id=44, page=1, 597.432pt x 845.07718pt>
File: Chapitres/Page_garde_BC.pdf Graphic file (type pdf)
<use Chapitres/Page_garde_BC.pdf, page 1>
Package pdftex.def Info: Chapitres/Page_garde_BC.pdf , page1 used on input line
 84.
(pdftex.def)             Requested size: 597.43054pt x 845.07512pt.
File: Chapitres/Page_garde_BC.pdf Graphic file (type pdf)
<use Chapitres/Page_garde_BC.pdf, page 1>
Package pdftex.def Info: Chapitres/Page_garde_BC.pdf , page1 used on input line
 84.
(pdftex.def)             Requested size: 597.45789pt x 845.1138pt.
File: Chapitres/Page_garde_BC.pdf Graphic file (type pdf)
<use Chapitres/Page_garde_BC.pdf, page 1>
Package pdftex.def Info: Chapitres/Page_garde_BC.pdf , page1 used on input line
 84.
(pdftex.def)             Requested size: 597.45789pt x 845.1138pt.
File: Chapitres/Page_garde_BC.pdf Graphic file (type pdf)
<use Chapitres/Page_garde_BC.pdf, page 1>
Package pdftex.def Info: Chapitres/Page_garde_BC.pdf , page1 used on input line
 84.
(pdftex.def)             Requested size: 597.45789pt x 845.1138pt.
File: Chapitres/Page_garde_BC.pdf Graphic file (type pdf)
<use Chapitres/Page_garde_BC.pdf, page 1>
Package pdftex.def Info: Chapitres/Page_garde_BC.pdf , page1 used on input line
 84.
(pdftex.def)             Requested size: 597.45789pt x 845.1138pt.
[1


 <./Chapitres/Page_garde_BC.pdf>]
\openout2 = `Chapitres/Declaration.aux'.

 (Chapitres/Declaration.tex [2


]) [3{C:/Users/KIMERA/AppData/Local/MiKTeX/fonts/map/pdftex/pdftex.map}]
\openout2 = `Chapitres/dedication.aux'.


(Chapitres/dedication.tex [4




]) [5]
\openout2 = `Chapitres/Acknowledgements.aux'.

 (Chapitres/Acknowledgements.tex [6




])
[7]
\openout2 = `Chapitres/Abstract.aux'.

 (Chapitres/Abstract.tex) [8



]
No file rapport.toc.
\tf@toc=\write9
\openout9 = `rapport.toc'.

[1



]
\openout2 = `Chapitres/Notations.aux'.

 (Chapitres/Notations.tex)
\openout2 = `Chapitres/Introduction.aux'.

 (Chapitres/Introduction.tex
pdfTeX warning (ext4): destination with the same identifier (name{page.1}) has 
been already used, duplicate ignored
<to be read again> 
                   \relax 
l.38 \item L
            e cinquiĂ¨me chapitre prĂ©sente le Sprint 3 qui porte sur la val...
[1





])
Package babel Info: 'french' activates 'french' shorthands.
(babel)             Reported on input line 111.

pdfTeX warning (ext4): destination with the same identifier (name{page.2}) has 
been already used, duplicate ignored
<to be read again> 
                   \relax 
l.111 \include{Chapitres/Introduction}
                                       [2]
\openout2 = `Chapitres/Chapitre1.aux'.

 (Chapitres/Chapitre1.tex
Chapitre 1.

pdfTeX warning (ext4): destination with the same identifier (name{page.3}) has 
been already used, duplicate ignored
<to be read again> 
                   \relax 
l.4 \newpage
             [3




]
<figures/logo_virtualdev.png, id=151, 146.79843pt x 129.48375pt>
File: figures/logo_virtualdev.png Graphic file (type png)
<use figures/logo_virtualdev.png>
Package pdftex.def Info: figures/logo_virtualdev.png  used on input line 27.
(pdftex.def)             Requested size: 115.51767pt x 101.89192pt.
<figures/domaines_intervention_simple.png, id=153, 1541.76pt x 1027.84pt>
File: figures/domaines_intervention_simple.png Graphic file (type png)
<use figures/domaines_intervention_simple.png>
Package pdftex.def Info: figures/domaines_intervention_simple.png  used on inpu
t line 46.
(pdftex.def)             Requested size: 412.56496pt x 275.04251pt.

Underfull \vbox (badness 10000) has occurred while \output is active []


pdfTeX warning (ext4): destination with the same identifier (name{page.4}) has 
been already used, duplicate ignored
<to be read again> 
                   \relax 
l.50 
      [4 <./figures/logo_virtualdev.png>]
<figures/processus_actuel.jpg, id=165, 554.07pt x 416.30531pt>
File: figures/processus_actuel.jpg Graphic file (type jpg)
<use figures/processus_actuel.jpg>
Package pdftex.def Info: figures/processus_actuel.jpg  used on input line 78.
(pdftex.def)             Requested size: 412.56496pt x 309.98586pt.

pdfTeX warning (ext4): destination with the same identifier (name{page.5}) has 
been already used, duplicate ignored
<to be read again> 
                   \relax 
l.82 
      [5 <./figures/domaines_intervention_simple.png (PNG copy)>]
(C:\Users\KIMERA\AppData\Local\Programs\MiKTeX\tex/latex/amsfonts\umsa.fd)
(C:\Users\KIMERA\AppData\Local\Programs\MiKTeX\tex/latex/amsfonts\umsb.fd)
(C:\Users\KIMERA\AppData\Local\Programs\MiKTeX\tex/latex/base\ulasy.fd)
pdfTeX warning (ext4): destination with the same identifier (name{page.6}) has 
been already used, duplicate ignored
<to be read again> 
                   \relax 
l.149 
       [6 <./figures/processus_actuel.jpg>]
<figures/workflow_systeme.jpg, id=181, 1541.76pt x 1027.84pt>
File: figures/workflow_systeme.jpg Graphic file (type jpg)
<use figures/workflow_systeme.jpg>
Package pdftex.def Info: figures/workflow_systeme.jpg  used on input line 164.
(pdftex.def)             Requested size: 412.56496pt x 275.04251pt.
<figures/architecture_generale.jpg, id=182, 607.51968pt x 417.81094pt>
File: figures/architecture_generale.jpg Graphic file (type jpg)
<use figures/architecture_generale.jpg>
Package pdftex.def Info: figures/architecture_generale.jpg  used on input line 
177.
(pdftex.def)             Requested size: 412.56496pt x 283.73792pt.

pdfTeX warning (ext4): destination with the same identifier (name{page.7}) has 
been already used, duplicate ignored
<to be read again> 
                   \relax 
l.181 
       [7 <./figures/workflow_systeme.jpg (PNG copy)>]
Underfull \hbox (badness 1205) in paragraph at lines 215--215
[]|\T1/cmr/m/n/10.95 Détection des ano-ma-lies et cal-cul du score de
 []


Underfull \vbox (badness 10000) has occurred while \output is active []


pdfTeX warning (ext4): destination with the same identifier (name{page.8}) has 
been already used, duplicate ignored
<to be read again> 
                   \relax 
l.221 
       [8 <./figures/architecture_generale.jpg>]
Underfull \hbox (badness 10000) in paragraph at lines 255--255
[]|\T1/cmr/m/n/10.95 Analyse in-tel-li-
 []


Underfull \vbox (badness 10000) has occurred while \output is active []

 [9]
Underfull \hbox (badness 10000) in paragraph at lines 354--354
[]|\T1/cmr/m/n/10.95 Développement
 []


Underfull \hbox (badness 10000) in paragraph at lines 354--354
\T1/cmr/m/n/10.95 orienté pro-gram-
 []


Underfull \hbox (badness 10000) in paragraph at lines 354--354
[]|\T1/cmr/m/n/10.95 Réunions quo-ti-
 []


Underfull \hbox (badness 10000) in paragraph at lines 354--354
[]|\T1/cmr/m/n/10.95 Optimisation du
 []

<figures/scrum_cycle.jpg, id=204, 1072.005pt x 376.40625pt>
File: figures/scrum_cycle.jpg Graphic file (type jpg)
<use figures/scrum_cycle.jpg>
Package pdftex.def Info: figures/scrum_cycle.jpg  used on input line 369.
(pdftex.def)             Requested size: 412.56496pt x 144.85654pt.
[10]
Underfull \hbox (badness 3118) in paragraph at lines 397--397
[]|\T1/cmr/m/n/10.95 Authentification, ges-tion des uti-li-sa-teurs et ex-trac-
tion
 []

[11 <./figures/scrum_cycle.jpg>]
Underfull \hbox (badness 3029) in paragraph at lines 450--450
[]|\T1/cmr/bx/n/10.95 Type de mo-dé-li-sa-
 []


Underfull \hbox (badness 5696) in paragraph at lines 450--450
[]|\T1/cmr/m/n/10.95 Modélisation fonc-tion-
 []


Underfull \hbox (badness 10000) in paragraph at lines 450--450
[]|\T1/cmr/m/n/10.95 Modélisation dy-na-
 []


Underfull \hbox (badness 10000) in paragraph at lines 450--450
[]|\T1/cmr/m/n/10.95 Modélisation struc-tu-
 []


Underfull \hbox (badness 1448) in paragraph at lines 450--450
\T1/cmr/m/n/10.95 ainsi que les re-la-tions entre
 []


Underfull \vbox (badness 10000) has occurred while \output is active []

 [12]
<figures/uml_process.jpg, id=232, 1541.76pt x 1027.84pt>
File: figures/uml_process.jpg Graphic file (type jpg)
<use figures/uml_process.jpg>
Package pdftex.def Info: figures/uml_process.jpg  used on input line 497.
(pdftex.def)             Requested size: 350.68272pt x 233.77907pt.

Underfull \vbox (badness 10000) has occurred while \output is active []

 [13 <./figures/uml_process.jpg (PNG copy)>]) [14]
\openout2 = `Chapitres/Chapitre2.aux'.

 (Chapitres/Chapitre2.tex
Chapitre 2.

Underfull \vbox (badness 2828) has occurred while \output is active []

 [15




]
Underfull \vbox (badness 1478) has occurred while \output is active []

 [16]
<figures/usecase.jpg, id=264, 689.27513pt x 565.51276pt>
File: figures/usecase.jpg Graphic file (type jpg)
<use figures/usecase.jpg>
Package pdftex.def Info: figures/usecase.jpg  used on input line 78.
(pdftex.def)             Requested size: 412.56496pt x 338.49051pt.


LaTeX Warning: Citation 'mvc' on page 17 undefined on input line 90.

[17 <./figures/usecase.jpg>]
<figures/architecture_physique.jpg, id=274, 1541.76pt x 1027.84pt>
File: figures/architecture_physique.jpg Graphic file (type jpg)
<use figures/architecture_physique.jpg>
Package pdftex.def Info: figures/architecture_physique.jpg  used on input line 
101.
(pdftex.def)             Requested size: 412.56496pt x 275.04251pt.
 [18 <./figures/architecture_physique.jpg (PNG copy)>]
<figures/architecture_logique.jpg, id=281, 1541.76pt x 1027.84pt>
File: figures/architecture_logique.jpg Graphic file (type jpg)
<use figures/architecture_logique.jpg>
Package pdftex.def Info: figures/architecture_logique.jpg  used on input line 1
24.
(pdftex.def)             Requested size: 412.56496pt x 275.04251pt.
<figures/scrum_team.jpg, id=282, 528.47438pt x 256.70906pt>
File: figures/scrum_team.jpg Graphic file (type jpg)
<use figures/scrum_team.jpg>
Package pdftex.def Info: figures/scrum_team.jpg  used on input line 151.
(pdftex.def)             Requested size: 330.05322pt x 160.32524pt.
 [19 <./figures/architecture_logique.jpg (PNG copy)>]
Underfull \hbox (badness 1117) in paragraph at lines 217--217
[]|\T1/cmr/m/n/10 En tant qu'ad-mi-nis-tra-teur, je
 []


Underfull \hbox (badness 1117) in paragraph at lines 217--217
[]|\T1/cmr/m/n/10 En tant qu'ad-mi-nis-tra-teur, je
 []


Underfull \hbox (badness 1117) in paragraph at lines 217--217
[]|\T1/cmr/m/n/10 En tant qu'ad-mi-nis-tra-teur, je
 []


Underfull \hbox (badness 1117) in paragraph at lines 217--217
[]|\T1/cmr/m/n/10 En tant qu'ad-mi-nis-tra-teur, je
 []


Underfull \hbox (badness 1158) in paragraph at lines 217--217
\T1/cmr/m/n/10 veux sé-cu-ri-ser l'ac-cčs afin de
 []


Underfull \hbox (badness 4518) in paragraph at lines 217--217
\T1/cmr/m/n/10 ex-traire au-to-ma-ti-que-ment les
 []


Underfull \hbox (badness 1590) in paragraph at lines 217--217
[]|\T1/cmr/m/n/10 Consulter les fac-tures en at-
 []


Underfull \hbox (badness 2635) in paragraph at lines 217--217
[]|\T1/cmr/m/n/10 Approuver une fac-ture aprčs
 []


Underfull \vbox (badness 10000) has occurred while \output is active []

 [20 <./figures/scrum_team.jpg>] [21]
<figures/planification_sprints.jpg, id=303, 1288.815pt x 611.28375pt>
File: figures/planification_sprints.jpg Graphic file (type jpg)
<use figures/planification_sprints.jpg>
Package pdftex.def Info: figures/planification_sprints.jpg  used on input line 
235.
(pdftex.def)             Requested size: 412.56496pt x 195.68008pt.
 [22 <./figures/planification_sprints.jpg>]
File: figures/logos/staruml.jpg Graphic file (type jpg)
<use figures/logos/staruml.jpg>
Package pdftex.def Info: figures/logos/staruml.jpg  used on input line 322.
(pdftex.def)             Requested size: 34.14322pt x 13.04305pt.
File: figures/logos/react.jpg Graphic file (type jpg)
<use figures/logos/react.jpg>
Package pdftex.def Info: figures/logos/react.jpg  used on input line 322.
(pdftex.def)             Requested size: 34.14322pt x 19.39047pt.
File: figures/logos/fastapi.jpg Graphic file (type jpg)
<use figures/logos/fastapi.jpg>
Package pdftex.def Info: figures/logos/fastapi.jpg  used on input line 322.
(pdftex.def)             Requested size: 34.14322pt x 20.27129pt.
File: figures/logos/n8n.jpg Graphic file (type jpg)
<use figures/logos/n8n.jpg>
Package pdftex.def Info: figures/logos/n8n.jpg  used on input line 322.
(pdftex.def)             Requested size: 34.14322pt x 11.06453pt.
File: figures/logos/ocr.jpg Graphic file (type jpg)
<use figures/logos/ocr.jpg>
Package pdftex.def Info: figures/logos/ocr.jpg  used on input line 322.
(pdftex.def)             Requested size: 34.14322pt x 34.6054pt.


LaTeX Warning: Citation 'ocr' on page 23 undefined on input line 322.


Underfull \hbox (badness 1286) in paragraph at lines 322--322
[]|\T1/cmr/m/n/10.95 Technologies uti-li-sées pour ex-traire au-to-ma-ti-
 []

File: figures/logos/postgresql.jpg Graphic file (type jpg)
<use figures/logos/postgresql.jpg>
Package pdftex.def Info: figures/logos/postgresql.jpg  used on input line 322.
(pdftex.def)             Requested size: 34.14322pt x 13.69229pt.
File: figures/logos/pgadmin.jpg Graphic file (type jpg)
<use figures/logos/pgadmin.jpg>
Package pdftex.def Info: figures/logos/pgadmin.jpg  used on input line 322.
(pdftex.def)             Requested size: 34.14322pt x 37.5886pt.
File: figures/logos/postman.jpg Graphic file (type jpg)
<use figures/logos/postman.jpg>
Package pdftex.def Info: figures/logos/postman.jpg  used on input line 322.
(pdftex.def)             Requested size: 34.14322pt x 29.58928pt.
File: figures/logos/vscode.jpg Graphic file (type jpg)
<use figures/logos/vscode.jpg>
Package pdftex.def Info: figures/logos/vscode.jpg  used on input line 322.
(pdftex.def)             Requested size: 34.14322pt x 32.20947pt.

Underfull \vbox (badness 10000) has occurred while \output is active []

 [23]
Overfull \vbox (72.86963pt too high) has occurred while \output is active []


[24 <./figures/logos/staruml.jpg> <./figures/logos/react.jpg> <./figures/logos/
fastapi.jpg> <./figures/logos/n8n.jpg> <./figures/logos/ocr.jpg> <./figures/log
os/postgresql.jpg> <./figures/logos/pgadmin.jpg> <./figures/logos/postman.jpg> 
<./figures/logos/vscode.jpg>]
<figures/gantt.jpg, id=342, 1684.2925pt x 940.51375pt>
File: figures/gantt.jpg Graphic file (type jpg)
<use figures/gantt.jpg>
Package pdftex.def Info: figures/gantt.jpg  used on input line 344.
(pdftex.def)             Requested size: 412.56496pt x 230.37766pt.
) [25 <./figures/gantt.jpg (PNG copy)>]
\openout2 = `Chapitres/Chapitre3.aux'.


(Chapitres/Chapitre3.tex [26




]
Chapitre 3.
[27]
Underfull \hbox (badness 10000) in paragraph at lines 54--54
[]|\T1/cmr/m/n/10 Développement de l'in-ter-face de
 []


Underfull \hbox (badness 1655) in paragraph at lines 54--54
[]|\T1/cmr/m/n/10 Conception du pro-ces-sus d'im-por-ta-
 []


Overfull \hbox (28.81567pt too wide) in alignment at lines 54--54
[][][][][] 
 []


Underfull \vbox (badness 5091) has occurred while \output is active []

 [28]
<figures/usecase_sprint1.jpg, id=367, 491.58656pt x 318.43968pt>
File: figures/usecase_sprint1.jpg Graphic file (type jpg)
<use figures/usecase_sprint1.jpg>
Package pdftex.def Info: figures/usecase_sprint1.jpg  used on input line 74.
(pdftex.def)             Requested size: 350.68272pt x 227.17245pt.

Underfull \hbox (badness 10000) in paragraph at lines 117--117
[]|\T1/cmr/bx/n/10.95 Scénarios al-ter-na-
 []


Underfull \vbox (badness 10000) has occurred while \output is active []

 [29 <./figures/usecase_sprint1.jpg>]
Underfull \vbox (badness 10000) has occurred while \output is active []

 [30]
Underfull \vbox (badness 10000) has occurred while \output is active []

 [31]
<figures/seq_auth.jpg, id=390, 300.3722pt x 148.30406pt>
File: figures/seq_auth.jpg Graphic file (type jpg)
<use figures/seq_auth.jpg>
Package pdftex.def Info: figures/seq_auth.jpg  used on input line 199.
(pdftex.def)             Requested size: 371.30594pt x 183.34296pt.
<figures/seq_manage_users.jpg.png, id=391, 338.76563pt x 660.96938pt>
File: figures/seq_manage_users.jpg.png Graphic file (type png)
<use figures/seq_manage_users.jpg.png>
Package pdftex.def Info: figures/seq_manage_users.jpg.png  used on input line 2
12.
(pdftex.def)             Requested size: 371.30594pt x 724.48665pt.

Underfull \vbox (badness 10000) has occurred while \output is active []

 [32 <./figures/seq_auth.jpg>]
Overfull \vbox (144.83922pt too high) has occurred while \output is active []


[33 <./figures/seq_manage_users.jpg.png>]
<figures/seq_auth_detail.jpg, id=407, 624.08156pt x 276.28218pt>
File: figures/seq_auth_detail.jpg Graphic file (type jpg)
<use figures/seq_auth_detail.jpg>
Package pdftex.def Info: figures/seq_auth_detail.jpg  used on input line 229.
(pdftex.def)             Requested size: 371.30594pt x 164.3794pt.
<figures/seq_manage_users_detail.jpg, id=408, 738.50906pt x 1034.36438pt>
File: figures/seq_manage_users_detail.jpg Graphic file (type jpg)
<use figures/seq_manage_users_detail.jpg>
Package pdftex.def Info: figures/seq_manage_users_detail.jpg  used on input lin
e 242.
(pdftex.def)             Requested size: 371.30594pt x 520.05345pt.

Underfull \vbox (badness 10000) has occurred while \output is active []

 [34 <./figures/seq_auth_detail.jpg>]
Underfull \vbox (badness 10000) has occurred while \output is active []

 [35 <./figures/seq_manage_users_detail.jpg>]
<figures/diagramme_classe.jpg, id=426, 491.58656pt x 338.01282pt>
File: figures/diagramme_classe.jpg Graphic file (type jpg)
<use figures/diagramme_classe.jpg>
Package pdftex.def Info: figures/diagramme_classe.jpg  used on input line 257.
(pdftex.def)             Requested size: 371.30594pt x 255.3193pt.
<figures/login.jpg, id=427, 416.30531pt x 462.97969pt>
File: figures/login.jpg Graphic file (type jpg)
<use figures/login.jpg>
Package pdftex.def Info: figures/login.jpg  used on input line 274.
(pdftex.def)             Requested size: 371.30594pt x 412.95486pt.

Underfull \vbox (badness 10000) has occurred while \output is active []

 [36 <./figures/diagramme_classe.jpg>]
<figures/users_list.jpg, id=439, 796.47563pt x 219.82124pt>
File: figures/users_list.jpg Graphic file (type jpg)
<use figures/users_list.jpg>
Package pdftex.def Info: figures/users_list.jpg  used on input line 287.
(pdftex.def)             Requested size: 371.30594pt x 102.47743pt.

Underfull \vbox (badness 10000) has occurred while \output is active []

 [37 <./figures/login.jpg>]
<figures/add_user.jpg, id=447, 782.925pt x 211.54031pt>
File: figures/add_user.jpg Graphic file (type jpg)
<use figures/add_user.jpg>
Package pdftex.def Info: figures/add_user.jpg  used on input line 300.
(pdftex.def)             Requested size: 371.30594pt x 100.32451pt.
<figures/edit_user.jpg, id=448, 744.53156pt x 151.3153pt>
File: figures/edit_user.jpg Graphic file (type jpg)
<use figures/edit_user.jpg>
Package pdftex.def Info: figures/edit_user.jpg  used on input line 313.
(pdftex.def)             Requested size: 371.30594pt x 75.46352pt.

Underfull \vbox (badness 3803) has occurred while \output is active []

 [38 <./figures/users_list.jpg> <./figures/add_user.jpg> <./figures/edit_user.j
pg>]
<figures/ui_import.jpg, id=461, 812.28468pt x 467.49657pt>
File: figures/ui_import.jpg Graphic file (type jpg)
<use figures/ui_import.jpg>
Package pdftex.def Info: figures/ui_import.jpg  used on input line 326.
(pdftex.def)             Requested size: 371.30594pt x 213.69568pt.
<figures/ui_ocr_result.jpg, id=462, 825.83531pt x 483.30562pt>
File: figures/ui_ocr_result.jpg Graphic file (type jpg)
<use figures/ui_ocr_result.jpg>
Package pdftex.def Info: figures/ui_ocr_result.jpg  used on input line 339.
(pdftex.def)             Requested size: 371.30594pt x 217.30115pt.

Underfull \vbox (badness 10000) has occurred while \output is active []

 [39 <./figures/ui_import.jpg>]
Underfull \vbox (badness 10000) has occurred while \output is active []

 [40 <./figures/ui_ocr_result.jpg>]
Underfull \hbox (badness 3229) in paragraph at lines 513--514
[]|\T1/cmr/m/n/10.95 Cette re-quęte per-met ŕ
 []


LaTeX Warning: File `postman_login.jpg' not found on input line 517.


! Package pdftex.def Error: File `postman_login.jpg' not found: using draft set
ting.

See the pdftex.def package documentation for explanation.
Type  H <return>  for immediate help.
 ...                                              
                                                  
l.517 ...udegraphics[width=4cm]{postman_login.jpg}
                                                  
Try typing  <return>  to proceed.
If that doesn't work, type  X <return>  to quit.


Underfull \hbox (badness 3229) in paragraph at lines 522--523
[]|\T1/cmr/m/n/10.95 Cette re-quęte per-met ŕ
 []


Underfull \hbox (badness 1931) in paragraph at lines 522--523
\T1/cmr/m/n/10.95 l'ad-mi-nis-tra-teur d'ajou-ter
 []


LaTeX Warning: File `postman_add_user.jpg' not found on input line 526.


! Package pdftex.def Error: File `postman_add_user.jpg' not found: using draft 
setting.

See the pdftex.def package documentation for explanation.
Type  H <return>  for immediate help.
 ...                                              
                                                  
l.526 ...graphics[width=4cm]{postman_add_user.jpg}
                                                  
Try typing  <return>  to proceed.
If that doesn't work, type  X <return>  to quit.


Underfull \hbox (badness 1043) in paragraph at lines 531--532
[]|\T1/cmr/m/n/10.95 Cette re-quęte per-met de
 []


Underfull \hbox (badness 2057) in paragraph at lines 531--532
\T1/cmr/m/n/10.95 mo-di-fier les in-for-ma-tions
 []


LaTeX Warning: File `postman_edit_user.jpg' not found on input line 535.


! Package pdftex.def Error: File `postman_edit_user.jpg' not found: using draft
 setting.

See the pdftex.def package documentation for explanation.
Type  H <return>  for immediate help.
 ...                                              
                                                  
l.535 ...raphics[width=4cm]{postman_edit_user.jpg}
                                                  
Try typing  <return>  to proceed.
If that doesn't work, type  X <return>  to quit.


Underfull \hbox (badness 1043) in paragraph at lines 540--541
[]|\T1/cmr/m/n/10.95 Cette re-quęte per-met de
 []


LaTeX Warning: File `postman_delete_user.jpg' not found on input line 544.


! Package pdftex.def Error: File `postman_delete_user.jpg' not found: using dra
ft setting.

See the pdftex.def package documentation for explanation.
Type  H <return>  for immediate help.
 ...                                              
                                                  
l.544 ...phics[width=4cm]{postman_delete_user.jpg}
                                                  
Try typing  <return>  to proceed.
If that doesn't work, type  X <return>  to quit.


Underfull \hbox (badness 5802) in paragraph at lines 547--548
[]|\T1/cmr/m/n/10.95 Importation fac-
 []


Underfull \hbox (badness 2452) in paragraph at lines 549--550
\T1/cmr/m/n/10.95 por-ter une fac-ture pour
 []


LaTeX Warning: File `postman_import.jpg' not found on input line 553.


! Package pdftex.def Error: File `postman_import.jpg' not found: using draft se
tting.

See the pdftex.def package documentation for explanation.
Type  H <return>  for immediate help.
 ...                                              
                                                  
l.553 ...degraphics[width=4cm]{postman_import.jpg}
                                                  
Try typing  <return>  to proceed.
If that doesn't work, type  X <return>  to quit.


Underfull \hbox (badness 1337) in paragraph at lines 558--559
\T1/cmr/m/n/10.95 don-nées des fac-tures via
 []


LaTeX Warning: File `postman_ocr.jpg' not found on input line 562.


! Package pdftex.def Error: File `postman_ocr.jpg' not found: using draft setti
ng.

See the pdftex.def package documentation for explanation.
Type  H <return>  for immediate help.
 ...                                              
                                                  
l.562 ...cludegraphics[width=4cm]{postman_ocr.jpg}
                                                  
Try typing  <return>  to proceed.
If that doesn't work, type  X <return>  to quit.


Overfull \hbox (35.77357pt too wide) in alignment at lines 498--567
 [] [] [] [] 
 []


ignored: Infinite glue shrinkage found in box being split [41]
ignored: Infinite glue shrinkage fo
und in box being split [42]) [43]
\openout2 = `Chapitres/Chapitre4.aux'.

 (Chapitres/Chapitre4.tex [44




]
Chapitre 4.
[45]
Overfull \vbox (11.00006pt too high) detected at line 98
 []


Overfull \vbox (11.00006pt too high) detected at line 98
 []


Underfull \hbox (badness 10000) in paragraph at lines 98--98
[]|\T1/cmr/m/n/9 Développement de l'in-ter-face de
 []


Underfull \hbox (badness 3601) in paragraph at lines 98--98
[]|\T1/cmr/m/n/9 Implémentation ba-ckend d'af-fi-chage
 []


Underfull \hbox (badness 7740) in paragraph at lines 98--98
[]|\T1/cmr/m/n/9 Intégration des sta-tis-tiques dy-na-
 []


Overfull \vbox (11.00006pt too high) detected at line 98
 []


Underfull \vbox (badness 10000) has occurred while \output is active []

 [46]
<figures/usecase_sprint2.jpg, id=519, 523.20468pt x 375.65344pt>
File: figures/usecase_sprint2.jpg Graphic file (type jpg)
<use figures/usecase_sprint2.jpg>
Package pdftex.def Info: figures/usecase_sprint2.jpg  used on input line 119.
(pdftex.def)             Requested size: 350.68272pt x 251.78966pt.

Underfull \hbox (badness 10000) in paragraph at lines 164--164
[]|\T1/cmr/bx/n/10.95 Scénarios al-ter-na-
 []


Underfull \vbox (badness 10000) has occurred while \output is active []

 [47 <./figures/usecase_sprint2.jpg>]
Underfull \hbox (badness 10000) in paragraph at lines 232--232

 []


Underfull \hbox (badness 10000) in paragraph at lines 232--232

 []


Underfull \hbox (badness 10000) in paragraph at lines 232--232

 []


Underfull \hbox (badness 10000) in paragraph at lines 232--232

 []


Underfull \hbox (badness 10000) in paragraph at lines 232--232

 []


Underfull \hbox (badness 10000) in paragraph at lines 232--232

 []


Underfull \hbox (badness 10000) in paragraph at lines 232--232

 []


Underfull \vbox (badness 10000) has occurred while \output is active []

 [48]
<figures/seq_resultats_extraction.jpg, id=536, 195.73125pt x 199.49532pt>
File: figures/seq_resultats_extraction.jpg Graphic file (type jpg)
<use figures/seq_resultats_extraction.jpg>
Package pdftex.def Info: figures/seq_resultats_extraction.jpg  used on input li
ne 248.
(pdftex.def)             Requested size: 371.30594pt x 378.46663pt.

Underfull \vbox (badness 10000) has occurred while \output is active []

 [49]
<figures/seq_factures_statut.jpg, id=543, 310.91156pt x 191.9672pt>
File: figures/seq_factures_statut.jpg Graphic file (type jpg)
<use figures/seq_factures_statut.jpg>
Package pdftex.def Info: figures/seq_factures_statut.jpg  used on input line 26
0.
(pdftex.def)             Requested size: 371.30594pt x 229.2581pt.

Underfull \vbox (badness 10000) has occurred while \output is active []

 [50 <./figures/seq_resultats_extraction.jpg>]
<figures/seq_resultats_extraction_detail.jpg, id=552, 763.35187pt x 355.3275pt>

File: figures/seq_resultats_extraction_detail.jpg Graphic file (type jpg)
<use figures/seq_resultats_extraction_detail.jpg>
Package pdftex.def Info: figures/seq_resultats_extraction_detail.jpg  used on i
nput line 276.
(pdftex.def)             Requested size: 371.30594pt x 172.83784pt.

Underfull \vbox (badness 10000) has occurred while \output is active []

 [51 <./figures/seq_factures_statut.jpg>]
<figures/seq_factures_statut_detail.jpg, id=560, 797.98125pt x 353.82187pt>
File: figures/seq_factures_statut_detail.jpg Graphic file (type jpg)
<use figures/seq_factures_statut_detail.jpg>
Package pdftex.def Info: figures/seq_factures_statut_detail.jpg  used on input 
line 288.
(pdftex.def)             Requested size: 371.30594pt x 164.63344pt.
<figures/class_sprint2.jpg, id=561, 518.6878pt x 243.91125pt>
File: figures/class_sprint2.jpg Graphic file (type jpg)
<use figures/class_sprint2.jpg>
Package pdftex.def Info: figures/class_sprint2.jpg  used on input line 302.
(pdftex.def)             Requested size: 371.30594pt x 174.61479pt.

Underfull \vbox (badness 5050) has occurred while \output is active []

 [52 <./figures/seq_resultats_extraction_detail.jpg> <./figures/seq_factures_st
atut_detail.jpg>]
<figures/ui_resultats_extraction.jpg, id=575, 1927.2pt x 1023.825pt>
File: figures/ui_resultats_extraction.jpg Graphic file (type jpg)
<use figures/ui_resultats_extraction.jpg>
Package pdftex.def Info: figures/ui_resultats_extraction.jpg  used on input lin
e 320.
(pdftex.def)             Requested size: 371.30594pt x 197.24704pt.
<figures/ui_factures_attente.jpg, id=576, 1927.2pt x 1023.825pt>
File: figures/ui_factures_attente.jpg Graphic file (type jpg)
<use figures/ui_factures_attente.jpg>
Package pdftex.def Info: figures/ui_factures_attente.jpg  used on input line 33
2.
(pdftex.def)             Requested size: 371.30594pt x 197.24704pt.
 [53 <./figures/class_sprint2.jpg> <./figures/ui_resultats_extraction.jpg>]
<figures/ui_factures_validees.jpg, id=589, 1927.2pt x 1023.825pt>
File: figures/ui_factures_validees.jpg Graphic file (type jpg)
<use figures/ui_factures_validees.jpg>
Package pdftex.def Info: figures/ui_factures_validees.jpg  used on input line 3
44.
(pdftex.def)             Requested size: 371.30594pt x 197.24704pt.
<figures/ui_factures_rejetees.jpg, id=590, 1927.2pt x 1023.825pt>
File: figures/ui_factures_rejetees.jpg Graphic file (type jpg)
<use figures/ui_factures_rejetees.jpg>
Package pdftex.def Info: figures/ui_factures_rejetees.jpg  used on input line 3
56.
(pdftex.def)             Requested size: 371.30594pt x 197.24704pt.

Underfull \vbox (badness 10000) has occurred while \output is active []

 [54 <./figures/ui_factures_attente.jpg> <./figures/ui_factures_validees.jpg>]
<figures/ui_dashboard.jpg, id=599, 1927.2pt x 1023.825pt>
File: figures/ui_dashboard.jpg Graphic file (type jpg)
<use figures/ui_dashboard.jpg>
Package pdftex.def Info: figures/ui_dashboard.jpg  used on input line 368.
(pdftex.def)             Requested size: 371.30594pt x 197.24704pt.
<figures/ui_config_ia.jpg.jpg, id=600, 1927.2pt x 1023.825pt>
File: figures/ui_config_ia.jpg.jpg Graphic file (type jpg)
<use figures/ui_config_ia.jpg.jpg>
Package pdftex.def Info: figures/ui_config_ia.jpg.jpg  used on input line 380.
(pdftex.def)             Requested size: 371.30594pt x 197.24704pt.

Underfull \vbox (badness 10000) has occurred while \output is active []

 [55 <./figures/ui_factures_rejetees.jpg> <./figures/ui_dashboard.jpg>]
Underfull \hbox (badness 1721) in paragraph at lines 457--457
[]|\T1/cmr/m/n/9 Identifiant unique de la
 []


Underfull \vbox (badness 10000) has occurred while \output is active []

 [56 <./figures/ui_config_ia.jpg.jpg>]) [57]
\openout2 = `Chapitres/Chapitre5.aux'.

 (Chapitres/Chapitre5.tex [58




]
Chapitre 5.
[59]
Overfull \vbox (11.00006pt too high) detected at line 97
 []


Overfull \vbox (11.00006pt too high) detected at line 97
 []


Overfull \vbox (11.00006pt too high) detected at line 97
 []


Overfull \vbox (11.00006pt too high) detected at line 97
 []


Overfull \vbox (11.00006pt too high) detected at line 97
 []


Overfull \vbox (11.00006pt too high) detected at line 97
 []


Overfull \vbox (11.00006pt too high) detected at line 97
 []


Overfull \vbox (11.00006pt too high) detected at line 97
 []


Underfull \hbox (badness 7740) in paragraph at lines 97--97
[]|\T1/cmr/m/n/9 Intégration des sta-tis-tiques dy-na-
 []


Overfull \vbox (11.00006pt too high) detected at line 97
 []

[60]
<figures/usecase_sprint3.jpg, id=643, 526.21594pt x 344.78813pt>
File: figures/usecase_sprint3.jpg Graphic file (type jpg)
<use figures/usecase_sprint3.jpg>
Package pdftex.def Info: figures/usecase_sprint3.jpg  used on input line 118.
(pdftex.def)             Requested size: 350.68272pt x 229.78627pt.

Underfull \vbox (badness 10000) has occurred while \output is active []

 [61 <./figures/usecase_sprint3.jpg>]
Underfull \hbox (badness 10000) in paragraph at lines 216--216
[]|\T1/cmr/bx/n/10.95 Scénarios al-ter-na-
 []


Underfull \vbox (badness 6125) has occurred while \output is active []

 [62]
<figures/seq_system_validation.jpg, id=660, 280.04625pt x 446.41782pt>
File: figures/seq_system_validation.jpg Graphic file (type jpg)
<use figures/seq_system_validation.jpg>
Package pdftex.def Info: figures/seq_system_validation.jpg  used on input line 
231.
(pdftex.def)             Requested size: 371.30594pt x 591.92311pt.

Underfull \vbox (badness 10000) has occurred while \output is active []

 [63]
[64 <./figures/seq_system_validation.jpg>]
<figures/seq_system_journal.jpg, id=676, 353.06906pt x 178.41656pt>
File: figures/seq_system_journal.jpg Graphic file (type jpg)
<use figures/seq_system_journal.jpg>
Package pdftex.def Info: figures/seq_system_journal.jpg  used on input line 244
.
(pdftex.def)             Requested size: 371.30594pt x 187.63419pt.
<figures/seq_detail_validation.jpg, id=677, 860.46469pt x 1435.61343pt>
File: figures/seq_detail_validation.jpg Graphic file (type jpg)
<use figures/seq_detail_validation.jpg>
Package pdftex.def Info: figures/seq_detail_validation.jpg  used on input line 
261.
(pdftex.def)             Requested size: 412.56496pt x 688.34184pt.

Underfull \vbox (badness 10000) has occurred while \output is active []

 [65 <./figures/seq_system_journal.jpg>]
Overfull \vbox (97.22304pt too high) has occurred while \output is active []


[66 <./figures/seq_detail_validation.jpg>]
<figures/seq_detail_journal.jpg, id=694, 568.37344pt x 256.70906pt>
File: figures/seq_detail_journal.jpg Graphic file (type jpg)
<use figures/seq_detail_journal.jpg>
Package pdftex.def Info: figures/seq_detail_journal.jpg  used on input line 274
.
(pdftex.def)             Requested size: 371.30594pt x 167.7089pt.
<figures/class_sprint3.jpg, id=695, 293.59688pt x 385.44pt>
File: figures/class_sprint3.jpg Graphic file (type jpg)
<use figures/class_sprint3.jpg>
Package pdftex.def Info: figures/class_sprint3.jpg  used on input line 289.
(pdftex.def)             Requested size: 371.30594pt x 487.45665pt.

Underfull \vbox (badness 10000) has occurred while \output is active []

 [67 <./figures/seq_detail_journal.jpg>]
Underfull \vbox (badness 10000) has occurred while \output is active []

 [68 <./figures/class_sprint3.jpg>]
<figures/ui_validation_factures.jpg, id=711, 1927.2pt x 1023.825pt>
File: figures/ui_validation_factures.jpg Graphic file (type jpg)
<use figures/ui_validation_factures.jpg>
Package pdftex.def Info: figures/ui_validation_factures.jpg  used on input line
 306.
(pdftex.def)             Requested size: 371.30594pt x 197.24704pt.
<figures/ui_details_facture.jpg, id=712, 1927.2pt x 1023.825pt>
File: figures/ui_details_facture.jpg Graphic file (type jpg)
<use figures/ui_details_facture.jpg>
Package pdftex.def Info: figures/ui_details_facture.jpg  used on input line 319
.
(pdftex.def)             Requested size: 371.30594pt x 197.24704pt.

Underfull \vbox (badness 10000) has occurred while \output is active []

 [69 <./figures/ui_validation_factures.jpg>]
<figures/ui_modifier_facture.jpg, id=722, 933.4875pt x 268.00125pt>
File: figures/ui_modifier_facture.jpg Graphic file (type jpg)
<use figures/ui_modifier_facture.jpg>
Package pdftex.def Info: figures/ui_modifier_facture.jpg  used on input line 33
2.
(pdftex.def)             Requested size: 371.30594pt x 106.60155pt.
<figures/ui_commentaire_obligatoire.jpg.jpg, id=723, 1927.2pt x 1023.825pt>
File: figures/ui_commentaire_obligatoire.jpg.jpg Graphic file (type jpg)
<use figures/ui_commentaire_obligatoire.jpg.jpg>
Package pdftex.def Info: figures/ui_commentaire_obligatoire.jpg.jpg  used on in
put line 345.
(pdftex.def)             Requested size: 350.68272pt x 186.29582pt.

Underfull \vbox (badness 10000) has occurred while \output is active []

 [70 <./figures/ui_details_facture.jpg> <./figures/ui_modifier_facture.jpg>]
<figures/ui_dashboard_financier.jpg, id=733, 1927.2pt x 1023.825pt>
File: figures/ui_dashboard_financier.jpg Graphic file (type jpg)
<use figures/ui_dashboard_financier.jpg>
Package pdftex.def Info: figures/ui_dashboard_financier.jpg  used on input line
 358.
(pdftex.def)             Requested size: 371.30594pt x 197.24704pt.
<figures/ui_journal.jpg, id=734, 1927.2pt x 1023.825pt>
File: figures/ui_journal.jpg Graphic file (type jpg)
<use figures/ui_journal.jpg>
Package pdftex.def Info: figures/ui_journal.jpg  used on input line 371.
(pdftex.def)             Requested size: 371.30594pt x 197.24704pt.
 [71 <./figures/ui_commentaire_obligatoire.jpg.jpg> <./figures/ui_dashboard_fin
ancier.jpg>]
Underfull \hbox (badness 7522) in paragraph at lines 447--447
[]|\T1/cmr/m/n/9 Commentaire obli-ga-toire
 []


Underfull \hbox (badness 10000) in paragraph at lines 511--511
[]|\T1/cmr/m/n/9 Description de l'ac-tion
 []


Underfull \vbox (badness 10000) has occurred while \output is active []

 [72 <./figures/ui_journal.jpg>]) [73]
\openout2 = `Chapitres/Conclusion.aux'.

 (Chapitres/Conclusion.tex [74




]) [75]
Package minitoc Info: I0009
(minitoc)             Listing minitoc auxiliary files. 
(minitoc)             Creating the rapport.maf file.
\openout5 = `rapport.maf'.



Package minitoc(hints) Warning: W0078
(minitoc(hints))                You have used \dominitoc, 
(minitoc(hints))                but not \minitoc.

Package minitoc(hints) Info: I0053
(minitoc(hints))             You have loaded the float package; 
(minitoc(hints))             please be aware that the minitoc package 
(minitoc(hints))             facilities can not be used for new types 
(minitoc(hints))             of floats defined by the float package.

Package minitoc(hints) Warning: W0024
(minitoc(hints))                Some hints have been written 
(minitoc(hints))                in the rapport.log file.

[76


] (rapport.aux (Chapitres/Declaration.aux) (Chapitres/dedication.aux)
(Chapitres/Acknowledgements.aux) (Chapitres/Abstract.aux)
(Chapitres/Notations.aux) (Chapitres/Introduction.aux) (Chapitres/Chapitre1.aux
) (Chapitres/Chapitre2.aux) (Chapitres/Chapitre3.aux) (Chapitres/Chapitre4.aux)
(Chapitres/Chapitre5.aux) (Chapitres/Conclusion.aux))
 ***********
LaTeX2e <2025-11-01>
L3 programming layer <2026-03-20>
 ***********


LaTeX Warning: There were undefined references.


LaTeX Warning: Label(s) may have changed. Rerun to get cross-references right.


Package rerunfilecheck Warning: File `rapport.out' has changed.
(rerunfilecheck)                Rerun to get outlines right
(rerunfilecheck)                or use package `bookmark'.

Package rerunfilecheck Info: Checksums for `rapport.out':
(rerunfilecheck)             Before: <no file>
(rerunfilecheck)             After:  B803FB376A12E83886E3F54F46CFB747;13588.

Package biblatex Warning: Please (re)run Biber on the file:
(biblatex)                rapport
(biblatex)                and rerun LaTeX afterwards.

Package logreq Info: Writing requests to 'rapport.run.xml'.
\openout1 = `rapport.run.xml'.

 ) 
Here is how much of TeX's memory you used:
 43352 strings out of 467691
 869219 string characters out of 5414503
 1707479 words of memory out of 5000000
 71385 multiletter control sequences out of 15000+600000
 648889 words of font info for 98 fonts, out of 8000000 for 9000
 1141 hyphenation exceptions out of 8191
 98i,17n,118p,1202b,1887s stack positions out of 10000i,1000n,20000p,200000b,200000s
 <C:\Users\KIMERA\AppData\Local\MiKTeX\fonts/pk/ljfour/jknappen/ec/dpi600\ect
t1095.pk> <C:\Users\KIMERA\AppData\Local\MiKTeX\fonts/pk/ljfour/jknappen/ec/dpi
600\ecrm0900.pk> <C:\Users\KIMERA\AppData\Local\MiKTeX\fonts/pk/ljfour/jknappen
/ec/dpi600\ecbx0900.pk> <C:\Users\KIMERA\AppData\Local\MiKTeX\fonts/pk/ljfour/j
knappen/ec/dpi600\ecbx1000.pk> <C:\Users\KIMERA\AppData\Local\MiKTeX\fonts/pk/l
jfour/jknappen/ec/dpi600\ecti1095.pk> <C:\Users\KIMERA\AppData\Local\MiKTeX\fon
ts/pk/ljfour/jknappen/ec/dpi600\ecrm1000.pk> <C:\Users\KIMERA\AppData\Local\MiK
TeX\fonts/pk/ljfour/jknappen/ec/dpi600\eccc1095.pk> <C:\Users\KIMERA\AppData\Lo
cal\MiKTeX\fonts/pk/ljfour/jknappen/ec/dpi600\ecbx1440.pk> <C:\Users\KIMERA\App
Data\Local\MiKTeX\fonts/pk/ljfour/jknappen/ec/dpi600\ecti1000.pk> <C:\Users\KIM
ERA\AppData\Local\MiKTeX\fonts/pk/ljfour/jknappen/ec/dpi600\ecti1728.pk> <C:\Us
ers\KIMERA\AppData\Local\MiKTeX\fonts/pk/ljfour/jknappen/ec/dpi600\ecbx1200.pk>
 <C:\Users\KIMERA\AppData\Local\MiKTeX\fonts/pk/ljfour/jknappen/ec/dpi600\ecbx1
095.pk> <C:\Users\KIMERA\AppData\Local\MiKTeX\fonts/pk/ljfour/jknappen/ec/dpi60
0\ecrm1095.pk> <C:\Users\KIMERA\AppData\Local\MiKTeX\fonts/pk/ljfour/jknappen/e
c/dpi600\ecsx2488.pk><C:/Users/KIMERA/AppData/Local/Programs/MiKTeX/fonts/type1
/public/amsfonts/cm/cmss17.pfb>
Output written on rapport.pdf (85 pages, 11787518 bytes).
PDF statistics:
 1506 PDF objects out of 1728 (max. 8388607)
 302 named destinations out of 1000 (max. 500000)
 462 words of extra memory for PDF output out of 10000 (max. 10000000)

