This is XeTeX, Version 3.141592653-2.6-0.999998 (MiKTeX 26.2) (preloaded format=xelatex 2026.5.17)  29 MAY 2026 21:04
entering extended mode
 restricted \write18 enabled.
 %&-line parsing enabled.
**./Thesis-report.tex
(Thesis-report.tex
LaTeX2e <2025-11-01>
L3 programming layer <2026-03-20>
(C:\Users\KIMERA\AppData\Local\Programs\MiKTeX\tex/latex/base\book.cls
Document Class: book 2025/01/22 v1.4n Standard LaTeX document class
(C:\Users\KIMERA\AppData\Local\Programs\MiKTeX\tex/latex/base\bk11.clo
File: bk11.clo 2025/01/22 v1.4n Standard LaTeX file (size option)
)
\c@part=\count271
\c@chapter=\count272
\c@section=\count273
\c@subsection=\count274
\c@subsubsection=\count275
\c@paragraph=\count276
\c@subparagraph=\count277
\c@figure=\count278
\c@table=\count279
\abovecaptionskip=\skip49
\belowcaptionskip=\skip50
\bibindent=\dimen150
)
(C:\Users\KIMERA\AppData\Local\Programs\MiKTeX\tex/latex/base\fontenc.sty
Package: fontenc 2025/07/18 v2.1d Standard LaTeX package
LaTeX Font Info:    Trying to load font information for T1+lmr on input line 11
6.

(C:\Users\KIMERA\AppData\Local\Programs\MiKTeX\tex/latex/lm\t1lmr.fd
File: t1lmr.fd 2015/05/01 v1.6.1 Font defs for Latin Modern
))
(C:\Users\KIMERA\AppData\Local\Programs\MiKTeX\tex/latex/fontspec\fontspec.sty
(C:\Users\KIMERA\AppData\Local\Programs\MiKTeX\tex/latex/l3packages/xparse\xpar
se.sty
(C:\Users\KIMERA\AppData\Local\Programs\MiKTeX\tex/latex/l3kernel\expl3.sty
Package: expl3 2026-03-20 L3 programming layer (loader) 

(C:\Users\KIMERA\AppData\Local\Programs\MiKTeX\tex/latex/l3backend\l3backend-xe
tex.def
File: l3backend-xetex.def 2026-02-18 L3 backend support: XeTeX
\g__graphics_track_int=\count280
\g__pdfannot_backend_int=\count281
\g__pdfannot_backend_link_int=\count282
))
Package: xparse 2025-10-09 L3 Experimental document command parser
)
Package: fontspec 2025/09/29 v2.9g Font selection for XeLaTeX and LuaLaTeX

(C:\Users\KIMERA\AppData\Local\Programs\MiKTeX\tex/latex/fontspec\fontspec-xete
x.sty
Package: fontspec-xetex 2025/09/29 v2.9g Font selection for XeLaTeX and LuaLaTe
X
\l__fontspec_script_int=\count283
\l__fontspec_language_int=\count284
\l__fontspec_strnum_int=\count285
\l__fontspec_tmp_int=\count286
\l__fontspec_tmpa_int=\count287
\l__fontspec_tmpb_int=\count288
\l__fontspec_tmpc_int=\count289
\l__fontspec_em_int=\count290
\l__fontspec_emdef_int=\count291
\l__fontspec_strong_int=\count292
\l__fontspec_strongdef_int=\count293
\l__fontspec_tmpa_dim=\dimen151
\l__fontspec_tmpb_dim=\dimen152
\l__fontspec_tmpc_dim=\dimen153
 (C:\Users\KIMERA\AppData\Local\Programs\MiKTeX\tex/latex/base\fontenc.sty
Package: fontenc 2025/07/18 v2.1d Standard LaTeX package
)
(C:\Users\KIMERA\AppData\Local\Programs\MiKTeX\tex/latex/fontspec\fontspec.cfg)
))
(C:\Users\KIMERA\AppData\Local\Programs\MiKTeX\tex/latex/polyglossia\polyglossi
a.sty
Package: polyglossia 2026/04/18 v2.10 Modern multilingual typesetting with XeLa
TeX and LuaLaTeX

(C:\Users\KIMERA\AppData\Local\Programs\MiKTeX\tex/latex/etoolbox\etoolbox.sty
Package: etoolbox 2025/10/02 v2.5m e-TeX tools for LaTeX (JAW)
\etb@tempcnta=\count294
) (C:\Users\KIMERA\AppData\Local\Programs\MiKTeX\tex/generic/iftex\iftex.sty
Package: iftex 2024/12/12 v1.0g TeX engine tests
)
\l_xpg_alias_keyvals_int=\count295

(C:\Users\KIMERA\AppData\Local\Programs\MiKTeX\tex/latex/polyglossia\gloss-late
x.ldf
File: gloss-latex.ldf polyglossia: module for default language
))
(C:\Users\KIMERA\AppData\Local\Programs\MiKTeX\tex/latex/polyglossia\gloss-fren
ch.ldf
File: gloss-french.ldf polyglossia: module for French
\french@openbrackets=\XeTeXcharclass1
\french@closebrackets=\XeTeXcharclass2
\french@questionexclamation=\XeTeXcharclass3
\french@punctthin=\XeTeXcharclass4
\french@punctthick=\XeTeXcharclass5
\french@punctguillstart=\XeTeXcharclass6
\french@punctguillend=\XeTeXcharclass7
)

Package polyglossia Info: Default language is french


(C:\Users\KIMERA\AppData\Local\Programs\MiKTeX\tex/latex/polyglossia\gloss-arab
ic.ldf
File: gloss-arabic.ldf polyglossia: module for Arabic
 (C:\Users\KIMERA\AppData\Local\Programs\MiKTeX\tex/latex/bidi\bidi.sty
Package: bidi 2026/01/08 v26.01.08 (Release Iran) Bidirectional typesetting in 
plain TeX and LaTeX

****************************************************
* 
* bidi package (Bidirectional typesetting with
* plain TeX and LaTeX formats in XeTeX and LuaTeX engines)
* 
* Description: A convenient interface for
* typesetting bidirectional texts in plain TeX
* and LaTeX. The package includes adaptations
* for use with many other commonly-used packages.
* 
* Copyright (c) 2007--2026 Vafa Khalighi
* Copyright (c) 2018--2020 bidi-tex GitHub organization
* 
* v26.01.08 (Release Iran), 2026/01/08
* 
* License: LaTeX Project Public License, version
* 1.3c or higher (your choice)
* 
* Location on CTAN: /macros/unicodetex/generic/bidi
* 
* Issue tracker: https://github.com/xepersian/bidi/issues
* 
* Primary author of bidi package: Vafa Khalighi.
* 
****************************************************
(C:\Users\KIMERA\AppData\Local\Programs\MiKTeX\tex/latex/bidi\biditools.sty
Package: biditools 2025/12/19 v2.9 Programming tools for bidi package
\@bidi@envbody=\toks17
\@bidi@emptytoks=\toks18
\bidi@poscount=\count296
\bidi@tempcountb=\count297
\bidi@temptoksa=\toks19
\bidi@temptoksb=\toks20
\bidi@dummies=\count298
\bidi@are@these@correct=\toks21
\bidi@toks@lista=\toks22
\bidi@toks@listb=\toks23
\bidi@stack@length=\count299
\bidi@empty@stack=\toks24
\bidi@looprepeat@depth=\count300
)
(C:\Users\KIMERA\AppData\Local\Programs\MiKTeX\tex/latex/zref\zref-abspage.sty
Package: zref-abspage 2026-03-07 v2.37 Module abspage for zref (HO)

(C:\Users\KIMERA\AppData\Local\Programs\MiKTeX\tex/latex/zref\zref-base.sty
Package: zref-base 2026-03-07 v2.37 Module base for zref (HO)

(C:\Users\KIMERA\AppData\Local\Programs\MiKTeX\tex/generic/ltxcmds\ltxcmds.sty
Package: ltxcmds 2023-12-04 v1.26 LaTeX kernel commands for general use (HO)
)
(C:\Users\KIMERA\AppData\Local\Programs\MiKTeX\tex/generic/infwarerr\infwarerr.
sty
Package: infwarerr 2019/12/03 v1.5 Providing info/warning/error messages (HO)
)
(C:\Users\KIMERA\AppData\Local\Programs\MiKTeX\tex/latex/kvsetkeys\kvsetkeys.st
y
Package: kvsetkeys 2022-10-05 v1.19 Key value parser (HO)
)
(C:\Users\KIMERA\AppData\Local\Programs\MiKTeX\tex/generic/kvdefinekeys\kvdefin
ekeys.sty
Package: kvdefinekeys 2019-12-19 v1.6 Define keys (HO)
)
(C:\Users\KIMERA\AppData\Local\Programs\MiKTeX\tex/generic/pdftexcmds\pdftexcmd
s.sty
Package: pdftexcmds 2020-06-27 v0.33 Utility functions of pdfTeX for LuaTeX (HO
)
Package pdftexcmds Info: \pdf@primitive is available.
Package pdftexcmds Info: \pdf@ifprimitive is available.
Package pdftexcmds Info: \pdfdraftmode not found.
)
(C:\Users\KIMERA\AppData\Local\Programs\MiKTeX\tex/generic/etexcmds\etexcmds.st
y
Package: etexcmds 2019/12/15 v1.7 Avoid name clashes with e-TeX commands (HO)
) (C:\Users\KIMERA\AppData\Local\Programs\MiKTeX\tex/latex/auxhook\auxhook.sty
Package: auxhook 2019-12-17 v1.6 Hooks for auxiliary files (HO)
)
Package zref Info: New property list: main on input line 767.
Package zref Info: New property: default on input line 768.
Package zref Info: New property: page on input line 769.
)
\c@abspage=\count301
Package zref Info: New property: abspage on input line 67.
)
\@bidi@copyins@=\insert252
\bidi@typesethour=\count302
\bidi@typesetminute=\count303

(C:\Users\KIMERA\AppData\Local\Programs\MiKTeX\tex/latex/bidi\latex-xetex-bidi.
def
File: latex-xetex-bidi.def 2025/12/19 v1.5.6 bidi adaptations for `latex.ltx' f
or XeTeX engine
\bidi@n@everypar=\toks25
LaTeX Info: Redefining \centerline on input line 317.
LaTeX Info: Redefining \leftline on input line 326.
LaTeX Info: Redefining \rightline on input line 327.
LaTeX Info: Redefining \underline on input line 335.
\bidi@column@check@number=\count304

(C:\Users\KIMERA\AppData\Local\Programs\MiKTeX\tex/latex/bidi\footnote-xetex-bi
di.def
File: footnote-xetex-bidi.def 2025/09/30 v1.6 bidi footnote macros for XeTeX en
gine
\c@footdir@label=\count305
\footdir@toks=\toks26
)
(C:\Users\KIMERA\AppData\Local\Programs\MiKTeX\tex/latex/bidi\book-xetex-bidi.d
ef
File: book-xetex-bidi.def 2025/12/19 v1.6 bidi adaptations for standard book cl
ass for XeTeX engine
))
\bidi@digits=\count306
\bidi@digits@charclass=\XeTeXcharclass8
\bidi@sepmark@charclass=\XeTeXcharclass9
)
(C:\Users\KIMERA\AppData\Local\Programs\MiKTeX\tex/latex/polyglossia\arabicnumb
ers.sty
Package: arabicnumbers 2010/03/18 v0.2 Formatting of Arabic and Farsi digits an
d of Arabic abjad numerals
)
(C:\Users\KIMERA\AppData\Local\Programs\MiKTeX\tex/latex/polyglossia\hijrical.s
ty
Package: hijrical 2010/07/12 v0.2 Islamic calendar
 (C:\Users\KIMERA\AppData\Local\Programs\MiKTeX\tex/latex/tools\calc.sty
Package: calc 2025/03/01 v4.3b Infix arithmetic (KKT,FJ)
\calc@Acount=\count307
\calc@Bcount=\count308
\calc@Adimen=\dimen154
\calc@Bdimen=\dimen155
\calc@Askip=\skip51
\calc@Bskip=\skip52
LaTeX Info: Redefining \setlength on input line 86.
LaTeX Info: Redefining \addtolength on input line 87.
\calc@Ccount=\count309
\calc@Cskip=\skip53
)
(C:\Users\KIMERA\AppData\Local\Programs\MiKTeX\tex/latex/polyglossia\cal-util.d
ef
\c@tmpA=\count310
\c@tmpB=\count311
\c@tmpC=\count312
\c@tmpD=\count313
\c@tmpE=\count314
\c@tmpF=\count315
)
\c@Hijriday=\count316
\c@Hijrimonth=\count317
\c@Hijriyear=\count318
))

Package fontspec Info: 
(fontspec)             Font family 'Arial(0)' created for font 'Arial' with
(fontspec)             options [Script=Arabic].
(fontspec)              
(fontspec)              This font family consists of the following NFSS
(fontspec)             series/shapes:
(fontspec)              
(fontspec)             - 'normal' (m/n) with NFSS spec.:
(fontspec)             <->"Arial/OT:script=arab;language=dflt;"
(fontspec)             - 'small caps'  (m/sc) with NFSS spec.:
(fontspec)             <->"Arial/OT:script=arab;language=dflt;+smcp;"
(fontspec)             - 'bold' (b/n) with NFSS spec.:
(fontspec)             <->"Arial/B/OT:script=arab;language=dflt;"
(fontspec)             - 'bold small caps'  (b/sc) with NFSS spec.:
(fontspec)             <->"Arial/B/OT:script=arab;language=dflt;+smcp;"
(fontspec)             - 'italic' (m/it) with NFSS spec.:
(fontspec)             <->"Arial/I/OT:script=arab;language=dflt;"
(fontspec)             - 'italic small caps'  (m/scit) with NFSS spec.:
(fontspec)             <->"Arial/I/OT:script=arab;language=dflt;+smcp;"
(fontspec)             - 'bold italic' (b/it) with NFSS spec.:
(fontspec)             <->"Arial/BI/OT:script=arab;language=dflt;"
(fontspec)             - 'bold italic small caps'  (b/scit) with NFSS spec.:
(fontspec)             <->"Arial/BI/OT:script=arab;language=dflt;+smcp;"


(C:\Users\KIMERA\AppData\Local\Programs\MiKTeX\tex/latex/amsfonts\amssymb.sty
Package: amssymb 2013/01/14 v3.01 AMS font symbols

(C:\Users\KIMERA\AppData\Local\Programs\MiKTeX\tex/latex/amsfonts\amsfonts.sty
Package: amsfonts 2013/01/14 v3.01 Basic AMSFonts support
\@emptytoks=\toks27
\symAMSa=\mathgroup4
\symAMSb=\mathgroup5
LaTeX Font Info:    Redeclaring math symbol \hbar on input line 98.
LaTeX Font Info:    Overwriting math alphabet `\mathfrak' in version `bold'
(Font)                  U/euf/m/n --> U/euf/b/n on input line 106.
))
(C:\Users\KIMERA\AppData\Local\Programs\MiKTeX\tex/latex/hyperref\hyperref.sty
Package: hyperref 2026-04-24 v7.01q Hypertext links for LaTeX

(C:\Users\KIMERA\AppData\Local\Programs\MiKTeX\tex/latex/graphics\keyval.sty
Package: keyval 2022/05/29 v1.15 key=value parser (DPC)
\KV@toks@=\toks28
)
(C:\Users\KIMERA\AppData\Local\Programs\MiKTeX\tex/generic/pdfescape\pdfescape.
sty
Package: pdfescape 2019/12/09 v1.15 Implements pdfTeX's escape features (HO)
)
(C:\Users\KIMERA\AppData\Local\Programs\MiKTeX\tex/latex/hycolor\hycolor.sty
Package: hycolor 2020-01-27 v1.10 Color options for hyperref/bookmark (HO)
)
(C:\Users\KIMERA\AppData\Local\Programs\MiKTeX\tex/latex/hyperref\nameref.sty
Package: nameref 2026-01-29 v2.58 Cross-referencing by name of section

(C:\Users\KIMERA\AppData\Local\Programs\MiKTeX\tex/latex/refcount\refcount.sty
Package: refcount 2019/12/15 v3.6 Data extraction from label references (HO)
)
(C:\Users\KIMERA\AppData\Local\Programs\MiKTeX\tex/generic/gettitlestring\getti
tlestring.sty
Package: gettitlestring 2019/12/15 v1.6 Cleanup title references (HO)

(C:\Users\KIMERA\AppData\Local\Programs\MiKTeX\tex/latex/kvoptions\kvoptions.st
y
Package: kvoptions 2022-06-15 v3.15 Key value format for package options (HO)
))
\c@section@level=\count319
)
(C:\Users\KIMERA\AppData\Local\Programs\MiKTeX\tex/generic/stringenc\stringenc.
sty
Package: stringenc 2019/11/29 v1.12 Convert strings between diff. encodings (HO
)
)
\@linkdim=\dimen156
\Hy@linkcounter=\count320
\Hy@pagecounter=\count321

(C:\Users\KIMERA\AppData\Local\Programs\MiKTeX\tex/latex/hyperref\pd1enc.def
File: pd1enc.def 2026-04-24 v7.01q Hyperref: PDFDocEncoding definition (HO)
)
(C:\Users\KIMERA\AppData\Local\Programs\MiKTeX\tex/generic/intcalc\intcalc.sty
Package: intcalc 2019/12/15 v1.3 Expandable calculations with integers (HO)
)
\Hy@SavedSpaceFactor=\count322
(C:\Users\KIMERA\AppData\Local\Programs\MiKTeX\tex/latex/hyperref\puenc.def
File: puenc.def 2026-04-24 v7.01q Hyperref: PDF Unicode definition (HO)
)
Package hyperref Info: Hyper figures OFF on input line 4199.
Package hyperref Info: Link nesting OFF on input line 4204.
Package hyperref Info: Hyper index ON on input line 4207.
Package hyperref Info: Plain pages OFF on input line 4214.
Package hyperref Info: Backreferencing OFF on input line 4219.
Package hyperref Info: Implicit mode ON; LaTeX internals redefined.
Package hyperref Info: Bookmarks ON on input line 4466.
\c@Hy@tempcnt=\count323

(C:\Users\KIMERA\AppData\Local\Programs\MiKTeX\tex/latex/url\url.sty
\Urlmuskip=\muskip17
Package: url 2013/09/16  ver 3.4  Verb mode for urls, etc.
)
LaTeX Info: Redefining \url on input line 4805.
\XeTeXLinkMargin=\dimen157

(C:\Users\KIMERA\AppData\Local\Programs\MiKTeX\tex/generic/bitset\bitset.sty
Package: bitset 2019/12/09 v1.3 Handle bit-vector datatype (HO)

(C:\Users\KIMERA\AppData\Local\Programs\MiKTeX\tex/generic/bigintcalc\bigintcal
c.sty
Package: bigintcalc 2019/12/15 v1.5 Expandable calculations on big integers (HO
)
))
\Fld@menulength=\count324
\Field@Width=\dimen158
\Fld@charsize=\dimen159
Package hyperref Info: Hyper figures OFF on input line 6091.
Package hyperref Info: Link nesting OFF on input line 6096.
Package hyperref Info: Hyper index ON on input line 6099.
Package hyperref Info: backreferencing OFF on input line 6106.
Package hyperref Info: Link coloring OFF on input line 6111.
Package hyperref Info: Link coloring with OCG OFF on input line 6116.
Package hyperref Info: PDF/A mode OFF on input line 6121.
\Hy@abspage=\count325
\c@Item=\count326
\c@Hfootnote=\count327
)
Package hyperref Info: Driver (autodetected): hxetex.

(C:\Users\KIMERA\AppData\Local\Programs\MiKTeX\tex/latex/hyperref\hxetex.def
File: hxetex.def 2026-04-24 v7.01q Hyperref driver for XeTeX
\pdfm@box=\box53
\c@Hy@AnnotLevel=\count328
\HyField@AnnotCount=\count329
\Fld@listcount=\count330
\c@bookmark@seq@number=\count331

(C:\Users\KIMERA\AppData\Local\Programs\MiKTeX\tex/latex/rerunfilecheck\rerunfi
lecheck.sty
Package: rerunfilecheck 2025-06-21 v1.11 Rerun checks for auxiliary files (HO)

(C:\Users\KIMERA\AppData\Local\Programs\MiKTeX\tex/generic/uniquecounter\unique
counter.sty
Package: uniquecounter 2019/12/15 v1.4 Provide unlimited unique counter (HO)
)
Package uniquecounter Info: New unique counter `rerunfilecheck' on input line 2
84.
)
\Hy@SectionHShift=\skip54
)
(C:\Users\KIMERA\AppData\Local\Programs\MiKTeX\tex/latex/bidi\hyperref-xetex-bi
di.def
File: hyperref-xetex-bidi.def 2025/12/06 v1.5 bidi adaptations for hyperref pac
kage for XeTeX engine
)
(C:\Users\KIMERA\AppData\Local\Programs\MiKTeX\tex/latex/graphics\graphicx.sty
Package: graphicx 2024/12/31 v1.2e Enhanced LaTeX Graphics (DPC,SPQR)

(C:\Users\KIMERA\AppData\Local\Programs\MiKTeX\tex/latex/graphics\graphics.sty
Package: graphics 2024/08/06 v1.4g Standard LaTeX Graphics (DPC,SPQR)

(C:\Users\KIMERA\AppData\Local\Programs\MiKTeX\tex/latex/graphics\trig.sty
Package: trig 2023/12/02 v1.11 sin cos tan (DPC)
)
(C:\Users\KIMERA\AppData\Local\Programs\MiKTeX\tex/latex/graphics-cfg\graphics.
cfg
File: graphics.cfg 2016/06/04 v1.11 sample graphics configuration
)
Package graphics Info: Driver file: xetex.def on input line 106.

(C:\Users\KIMERA\AppData\Local\Programs\MiKTeX\tex/latex/graphics-def\xetex.def
File: xetex.def 2025/11/01 v5.0p Graphics/color driver for xetex
))
\Gin@req@height=\dimen160
\Gin@req@width=\dimen161
)
(C:\Users\KIMERA\AppData\Local\Programs\MiKTeX\tex/latex/bidi\graphicx-xetex-bi
di.def
File: graphicx-xetex-bidi.def 2017/06/17 v0.5 bidi adaptations for graphicx pac
kage for XeTeX engine
)
(C:\Users\KIMERA\AppData\Local\Programs\MiKTeX\tex/latex/amsmath\amsmath.sty
Package: amsmath 2025/07/09 v2.17z AMS math features
\@mathmargin=\skip55

For additional information on amsmath, use the `?' option.
(C:\Users\KIMERA\AppData\Local\Programs\MiKTeX\tex/latex/amsmath\amstext.sty
Package: amstext 2024/11/17 v2.01 AMS text

(C:\Users\KIMERA\AppData\Local\Programs\MiKTeX\tex/latex/amsmath\amsgen.sty
File: amsgen.sty 1999/11/30 v2.0 generic functions
\@emptytoks=\toks29
\ex@=\dimen162
))
(C:\Users\KIMERA\AppData\Local\Programs\MiKTeX\tex/latex/bidi\amstext-xetex-bid
i.def
File: amstext-xetex-bidi.def 2016/09/12 v0.2 bidi adaptations for amstext packa
ge for XeTeX engine
)
(C:\Users\KIMERA\AppData\Local\Programs\MiKTeX\tex/latex/amsmath\amsbsy.sty
Package: amsbsy 1999/11/29 v1.2d Bold Symbols
\pmbraise@=\dimen163
)
(C:\Users\KIMERA\AppData\Local\Programs\MiKTeX\tex/latex/amsmath\amsopn.sty
Package: amsopn 2022/04/08 v2.04 operator names
)
\inf@bad=\count332
LaTeX Info: Redefining \frac on input line 233.
\uproot@=\count333
\leftroot@=\count334
LaTeX Info: Redefining \overline on input line 398.
LaTeX Info: Redefining \colon on input line 409.
\classnum@=\count335
\DOTSCASE@=\count336
LaTeX Info: Redefining \ldots on input line 495.
LaTeX Info: Redefining \dots on input line 498.
LaTeX Info: Redefining \cdots on input line 619.
\Mathstrutbox@=\box54
\strutbox@=\box55
LaTeX Info: Redefining \big on input line 721.
LaTeX Info: Redefining \Big on input line 722.
LaTeX Info: Redefining \bigg on input line 723.
LaTeX Info: Redefining \Bigg on input line 724.
\big@size=\dimen164
LaTeX Font Info:    Redeclaring font encoding OML on input line 742.
LaTeX Font Info:    Redeclaring font encoding OMS on input line 743.
\macc@depth=\count337
LaTeX Info: Redefining \bmod on input line 904.
LaTeX Info: Redefining \pmod on input line 909.
LaTeX Info: Redefining \smash on input line 939.
LaTeX Info: Redefining \relbar on input line 969.
LaTeX Info: Redefining \Relbar on input line 970.
\c@MaxMatrixCols=\count338
\dotsspace@=\muskip18
\c@parentequation=\count339
\dspbrk@lvl=\count340
\tag@help=\toks30
\row@=\count341
\column@=\count342
\maxfields@=\count343
\andhelp@=\toks31
\eqnshift@=\dimen165
\alignsep@=\dimen166
\tagshift@=\dimen167
\tagwidth@=\dimen168
\totwidth@=\dimen169
\lineht@=\dimen170
\@envbody=\toks32
\multlinegap=\skip56
\multlinetaggap=\skip57
\mathdisplay@stack=\toks33
LaTeX Info: Redefining \[ on input line 2950.
LaTeX Info: Redefining \] on input line 2951.
)
(C:\Users\KIMERA\AppData\Local\Programs\MiKTeX\tex/latex/bidi\amsmath-xetex-bid
i.def
File: amsmath-xetex-bidi.def 2020/05/16 v1.2 bidi adaptations for amsmath packa
ge for XeTeX engine
) (overpic.sty
Package: overpic 1999/07/04 v0.52  Overwriting eps pictures

Package: overpic v0.52 <1999/07/04> (RN)
(C:\Users\KIMERA\AppData\Local\Programs\MiKTeX\tex/latex/eepic\epic.sty
Enhancements to Picture Environment. Version 1.2 - Released June 1, 1986
\@@multicnt=\count344
\d@lta=\count345
\@delta=\dimen171
\@@delta=\dimen172
\@gridcnt=\count346
\@joinkind=\count347
\@dotgap=\dimen173
\@ddotgap=\dimen174
\@x@diff=\count348
\@y@diff=\count349
\x@diff=\dimen175
\y@diff=\dimen176
\@dotbox=\box56
\num@segments=\count350
\num@segmentsi=\count351
\@datafile=\read2
)
overpic: relative positioning in percent
)
(C:\Users\KIMERA\AppData\Local\Programs\MiKTeX\tex/latex/bidi\overpic-xetex-bid
i.def
File: overpic-xetex-bidi.def 2026/01/08 v0.2 bidi adaptations for overpic packa
ge for XeTeX engine


Package bidi Warning: Oops! patching `\OVP@picture' failed.

) (C:\Users\KIMERA\AppData\Local\Programs\MiKTeX\tex/latex/graphics\color.sty
Package: color 2025/01/14 v1.3e Standard LaTeX Color (DPC)

(C:\Users\KIMERA\AppData\Local\Programs\MiKTeX\tex/latex/graphics-cfg\color.cfg
File: color.cfg 2016/01/02 v1.6 sample color configuration
)
Package color Info: Driver file: xetex.def on input line 149.

(C:\Users\KIMERA\AppData\Local\Programs\MiKTeX\tex/latex/graphics\mathcolor.ltx
))
(C:\Users\KIMERA\AppData\Local\Programs\MiKTeX\tex/latex/bidi\color-xetex-bidi.
def
File: color-xetex-bidi.def 2013/04/08 v0.2 bidi adaptations for color package f
or XeTeX engine
LaTeX Info: Redefining \color on input line 50.
)
(C:\Users\KIMERA\AppData\Local\Programs\MiKTeX\tex/generic/dvips\rotate.sty
\@rotdimen=\dimen177
\@rotbox=\box57
)
(C:\Users\KIMERA\AppData\Local\Programs\MiKTeX\tex/latex/tcolorbox\tcolorbox.st
y
Package: tcolorbox 2025/11/28 version 6.9.0 text color boxes

(C:\Users\KIMERA\AppData\Local\Programs\MiKTeX\tex/latex/pgf/frontendlayer\tikz
.sty
(C:\Users\KIMERA\AppData\Local\Programs\MiKTeX\tex/latex/pgf/basiclayer\pgf.sty

(C:\Users\KIMERA\AppData\Local\Programs\MiKTeX\tex/latex/pgf/utilities\pgfrcs.s
ty
(C:\Users\KIMERA\AppData\Local\Programs\MiKTeX\tex/generic/pgf/utilities\pgfuti
l-common.tex
\pgfutil@everybye=\toks34
\pgfutil@tempdima=\dimen178
\pgfutil@tempdimb=\dimen179
)
(C:\Users\KIMERA\AppData\Local\Programs\MiKTeX\tex/generic/pgf/utilities\pgfuti
l-latex.def
\pgfutil@abb=\box58
)
(C:\Users\KIMERA\AppData\Local\Programs\MiKTeX\tex/generic/pgf/utilities\pgfrcs
.code.tex
(C:\Users\KIMERA\AppData\Local\Programs\MiKTeX\tex/generic/pgf\pgf.revision.tex
)
Package: pgfrcs 2025-08-29 v3.1.11a (3.1.11a)
))
Package: pgf 2025-08-29 v3.1.11a (3.1.11a)

(C:\Users\KIMERA\AppData\Local\Programs\MiKTeX\tex/latex/pgf/basiclayer\pgfcore
.sty
(C:\Users\KIMERA\AppData\Local\Programs\MiKTeX\tex/latex/pgf/systemlayer\pgfsys
.sty
(C:\Users\KIMERA\AppData\Local\Programs\MiKTeX\tex/generic/pgf/systemlayer\pgfs
ys.code.tex
Package: pgfsys 2025-08-29 v3.1.11a (3.1.11a)

(C:\Users\KIMERA\AppData\Local\Programs\MiKTeX\tex/generic/pgf/utilities\pgfkey
s.code.tex
\pgfkeys@pathtoks=\toks35
\pgfkeys@temptoks=\toks36

(C:\Users\KIMERA\AppData\Local\Programs\MiKTeX\tex/generic/pgf/utilities\pgfkey
slibraryfiltered.code.tex
\pgfkeys@tmptoks=\toks37
))
\pgf@x=\dimen180
\pgf@y=\dimen181
\pgf@xa=\dimen182
\pgf@ya=\dimen183
\pgf@xb=\dimen184
\pgf@yb=\dimen185
\pgf@xc=\dimen186
\pgf@yc=\dimen187
\pgf@xd=\dimen188
\pgf@yd=\dimen189
\w@pgf@writea=\write3
\r@pgf@reada=\read3
\c@pgf@counta=\count352
\c@pgf@countb=\count353
\c@pgf@countc=\count354
\c@pgf@countd=\count355
\t@pgf@toka=\toks38
\t@pgf@tokb=\toks39
\t@pgf@tokc=\toks40
\pgf@sys@id@count=\count356

(C:\Users\KIMERA\AppData\Local\Programs\MiKTeX\tex/generic/pgf/systemlayer\pgf.
cfg
File: pgf.cfg 2025-08-29 v3.1.11a (3.1.11a)
)
Driver file for pgf: pgfsys-xetex.def

(C:\Users\KIMERA\AppData\Local\Programs\MiKTeX\tex/generic/pgf/systemlayer\pgfs
ys-xetex.def
File: pgfsys-xetex.def 2025-08-29 v3.1.11a (3.1.11a)

(C:\Users\KIMERA\AppData\Local\Programs\MiKTeX\tex/generic/pgf/systemlayer\pgfs
ys-dvipdfmx.def
File: pgfsys-dvipdfmx.def 2025-08-29 v3.1.11a (3.1.11a)

(C:\Users\KIMERA\AppData\Local\Programs\MiKTeX\tex/generic/pgf/systemlayer\pgfs
ys-common-pdf.def
File: pgfsys-common-pdf.def 2025-08-29 v3.1.11a (3.1.11a)
)
\pgfsys@objnum=\count357
)))
(C:\Users\KIMERA\AppData\Local\Programs\MiKTeX\tex/generic/pgf/systemlayer\pgfs
yssoftpath.code.tex
File: pgfsyssoftpath.code.tex 2025-08-29 v3.1.11a (3.1.11a)
\pgfsyssoftpath@smallbuffer@items=\count358
\pgfsyssoftpath@bigbuffer@items=\count359
)
(C:\Users\KIMERA\AppData\Local\Programs\MiKTeX\tex/generic/pgf/systemlayer\pgfs
ysprotocol.code.tex
File: pgfsysprotocol.code.tex 2025-08-29 v3.1.11a (3.1.11a)
))
(C:\Users\KIMERA\AppData\Local\Programs\MiKTeX\tex/latex/bidi\pgfsys-xetex-bidi
.def
File: pgfsys-xetex-bidi.def 2025/01/05 v0.1 bidi adaptations for pgfsys package
 for XeTeX engine
)
(C:\Users\KIMERA\AppData\Local\Programs\MiKTeX\tex/latex/xcolor\xcolor.sty
Package: xcolor 2024/09/29 v3.02 LaTeX color extensions (UK)

(C:\Users\KIMERA\AppData\Local\Programs\MiKTeX\tex/latex/graphics-cfg\color.cfg
File: color.cfg 2016/01/02 v1.6 sample color configuration
)
Package xcolor Info: Driver file: xetex.def on input line 274.
LaTeX Info: Redefining \color on input line 762.

(C:\Users\KIMERA\AppData\Local\Programs\MiKTeX\tex/latex/graphics\mathcolor.ltx
)
Package xcolor Info: Model `cmy' substituted by `cmy0' on input line 1349.
Package xcolor Info: Model `RGB' extended on input line 1365.
Package xcolor Info: Model `HTML' substituted by `rgb' on input line 1367.
Package xcolor Info: Model `Hsb' substituted by `hsb' on input line 1368.
Package xcolor Info: Model `tHsb' substituted by `hsb' on input line 1369.
Package xcolor Info: Model `HSB' substituted by `hsb' on input line 1370.
Package xcolor Info: Model `Gray' substituted by `gray' on input line 1371.
Package xcolor Info: Model `wave' substituted by `hsb' on input line 1372.
)
(C:\Users\KIMERA\AppData\Local\Programs\MiKTeX\tex/latex/bidi\xcolor-xetex-bidi
.def
File: xcolor-xetex-bidi.def 2022/06/13 v0.3 bidi adaptations for xcolor package
 for XeTeX engine
LaTeX Info: Redefining \color on input line 49.
LaTeX Info: Redefining \bidicolor on input line 92.
)
(C:\Users\KIMERA\AppData\Local\Programs\MiKTeX\tex/generic/pgf/basiclayer\pgfco
re.code.tex
Package: pgfcore 2025-08-29 v3.1.11a (3.1.11a)

(C:\Users\KIMERA\AppData\Local\Programs\MiKTeX\tex/generic/pgf/math\pgfmath.cod
e.tex
(C:\Users\KIMERA\AppData\Local\Programs\MiKTeX\tex/generic/pgf/math\pgfmathutil
.code.tex)
(C:\Users\KIMERA\AppData\Local\Programs\MiKTeX\tex/generic/pgf/math\pgfmathpars
er.code.tex
\pgfmath@dimen=\dimen190
\pgfmath@count=\count360
\pgfmath@box=\box59
\pgfmath@toks=\toks41
\pgfmath@stack@operand=\toks42
\pgfmath@stack@operation=\toks43
)
(C:\Users\KIMERA\AppData\Local\Programs\MiKTeX\tex/generic/pgf/math\pgfmathfunc
tions.code.tex)
(C:\Users\KIMERA\AppData\Local\Programs\MiKTeX\tex/generic/pgf/math\pgfmathfunc
tions.basic.code.tex)
(C:\Users\KIMERA\AppData\Local\Programs\MiKTeX\tex/generic/pgf/math\pgfmathfunc
tions.trigonometric.code.tex)
(C:\Users\KIMERA\AppData\Local\Programs\MiKTeX\tex/generic/pgf/math\pgfmathfunc
tions.random.code.tex)
(C:\Users\KIMERA\AppData\Local\Programs\MiKTeX\tex/generic/pgf/math\pgfmathfunc
tions.comparison.code.tex)
(C:\Users\KIMERA\AppData\Local\Programs\MiKTeX\tex/generic/pgf/math\pgfmathfunc
tions.base.code.tex)
(C:\Users\KIMERA\AppData\Local\Programs\MiKTeX\tex/generic/pgf/math\pgfmathfunc
tions.round.code.tex)
(C:\Users\KIMERA\AppData\Local\Programs\MiKTeX\tex/generic/pgf/math\pgfmathfunc
tions.misc.code.tex)
(C:\Users\KIMERA\AppData\Local\Programs\MiKTeX\tex/generic/pgf/math\pgfmathfunc
tions.integerarithmetics.code.tex)
(C:\Users\KIMERA\AppData\Local\Programs\MiKTeX\tex/generic/pgf/math\pgfmathcalc
.code.tex)
(C:\Users\KIMERA\AppData\Local\Programs\MiKTeX\tex/generic/pgf/math\pgfmathfloa
t.code.tex
\c@pgfmathroundto@lastzeros=\count361
))
(C:\Users\KIMERA\AppData\Local\Programs\MiKTeX\tex/generic/pgf/math\pgfint.code
.tex)
(C:\Users\KIMERA\AppData\Local\Programs\MiKTeX\tex/generic/pgf/basiclayer\pgfco
repoints.code.tex
File: pgfcorepoints.code.tex 2025-08-29 v3.1.11a (3.1.11a)
\pgf@picminx=\dimen191
\pgf@picmaxx=\dimen192
\pgf@picminy=\dimen193
\pgf@picmaxy=\dimen194
\pgf@pathminx=\dimen195
\pgf@pathmaxx=\dimen196
\pgf@pathminy=\dimen197
\pgf@pathmaxy=\dimen198
\pgf@xx=\dimen199
\pgf@xy=\dimen256
\pgf@yx=\dimen257
\pgf@yy=\dimen258
\pgf@zx=\dimen259
\pgf@zy=\dimen260
)
(C:\Users\KIMERA\AppData\Local\Programs\MiKTeX\tex/generic/pgf/basiclayer\pgfco
repathconstruct.code.tex
File: pgfcorepathconstruct.code.tex 2025-08-29 v3.1.11a (3.1.11a)
\pgf@path@lastx=\dimen261
\pgf@path@lasty=\dimen262
)
(C:\Users\KIMERA\AppData\Local\Programs\MiKTeX\tex/generic/pgf/basiclayer\pgfco
repathusage.code.tex
File: pgfcorepathusage.code.tex 2025-08-29 v3.1.11a (3.1.11a)
\pgf@shorten@end@additional=\dimen263
\pgf@shorten@start@additional=\dimen264
)
(C:\Users\KIMERA\AppData\Local\Programs\MiKTeX\tex/generic/pgf/basiclayer\pgfco
rescopes.code.tex
File: pgfcorescopes.code.tex 2025-08-29 v3.1.11a (3.1.11a)
\pgfpic=\box60
\pgf@hbox=\box61
\pgf@layerbox@main=\box62
\pgf@picture@serial@count=\count362
)
(C:\Users\KIMERA\AppData\Local\Programs\MiKTeX\tex/generic/pgf/basiclayer\pgfco
regraphicstate.code.tex
File: pgfcoregraphicstate.code.tex 2025-08-29 v3.1.11a (3.1.11a)
\pgflinewidth=\dimen265
)
(C:\Users\KIMERA\AppData\Local\Programs\MiKTeX\tex/generic/pgf/basiclayer\pgfco
retransformations.code.tex
File: pgfcoretransformations.code.tex 2025-08-29 v3.1.11a (3.1.11a)
\pgf@pt@x=\dimen266
\pgf@pt@y=\dimen267
\pgf@pt@temp=\dimen268
)
(C:\Users\KIMERA\AppData\Local\Programs\MiKTeX\tex/generic/pgf/basiclayer\pgfco
requick.code.tex
File: pgfcorequick.code.tex 2025-08-29 v3.1.11a (3.1.11a)
)
(C:\Users\KIMERA\AppData\Local\Programs\MiKTeX\tex/generic/pgf/basiclayer\pgfco
reobjects.code.tex
File: pgfcoreobjects.code.tex 2025-08-29 v3.1.11a (3.1.11a)
)
(C:\Users\KIMERA\AppData\Local\Programs\MiKTeX\tex/generic/pgf/basiclayer\pgfco
repathprocessing.code.tex
File: pgfcorepathprocessing.code.tex 2025-08-29 v3.1.11a (3.1.11a)
)
(C:\Users\KIMERA\AppData\Local\Programs\MiKTeX\tex/generic/pgf/basiclayer\pgfco
rearrows.code.tex
File: pgfcorearrows.code.tex 2025-08-29 v3.1.11a (3.1.11a)
\pgfarrowsep=\dimen269
)
(C:\Users\KIMERA\AppData\Local\Programs\MiKTeX\tex/generic/pgf/basiclayer\pgfco
reshade.code.tex
File: pgfcoreshade.code.tex 2025-08-29 v3.1.11a (3.1.11a)
\pgf@max=\dimen270
\pgf@sys@shading@range@num=\count363
\pgf@shadingcount=\count364
)
(C:\Users\KIMERA\AppData\Local\Programs\MiKTeX\tex/generic/pgf/basiclayer\pgfco
reimage.code.tex
File: pgfcoreimage.code.tex 2025-08-29 v3.1.11a (3.1.11a)
)
(C:\Users\KIMERA\AppData\Local\Programs\MiKTeX\tex/generic/pgf/basiclayer\pgfco
reexternal.code.tex
File: pgfcoreexternal.code.tex 2025-08-29 v3.1.11a (3.1.11a)
\pgfexternal@startupbox=\box63
)
(C:\Users\KIMERA\AppData\Local\Programs\MiKTeX\tex/generic/pgf/basiclayer\pgfco
relayers.code.tex
File: pgfcorelayers.code.tex 2025-08-29 v3.1.11a (3.1.11a)
)
(C:\Users\KIMERA\AppData\Local\Programs\MiKTeX\tex/generic/pgf/basiclayer\pgfco
retransparency.code.tex
File: pgfcoretransparency.code.tex 2025-08-29 v3.1.11a (3.1.11a)
)
(C:\Users\KIMERA\AppData\Local\Programs\MiKTeX\tex/generic/pgf/basiclayer\pgfco
repatterns.code.tex
File: pgfcorepatterns.code.tex 2025-08-29 v3.1.11a (3.1.11a)
)
(C:\Users\KIMERA\AppData\Local\Programs\MiKTeX\tex/generic/pgf/basiclayer\pgfco
rerdf.code.tex
File: pgfcorerdf.code.tex 2025-08-29 v3.1.11a (3.1.11a)
)))
(C:\Users\KIMERA\AppData\Local\Programs\MiKTeX\tex/generic/pgf/modules\pgfmodul
eshapes.code.tex
File: pgfmoduleshapes.code.tex 2025-08-29 v3.1.11a (3.1.11a)
\pgfnodeparttextbox=\box64
)
(C:\Users\KIMERA\AppData\Local\Programs\MiKTeX\tex/generic/pgf/modules\pgfmodul
eplot.code.tex
File: pgfmoduleplot.code.tex 2025-08-29 v3.1.11a (3.1.11a)
)
(C:\Users\KIMERA\AppData\Local\Programs\MiKTeX\tex/latex/pgf/compatibility\pgfc
omp-version-0-65.sty
Package: pgfcomp-version-0-65 2025-08-29 v3.1.11a (3.1.11a)
\pgf@nodesepstart=\dimen271
\pgf@nodesepend=\dimen272
)
(C:\Users\KIMERA\AppData\Local\Programs\MiKTeX\tex/latex/pgf/compatibility\pgfc
omp-version-1-18.sty
Package: pgfcomp-version-1-18 2025-08-29 v3.1.11a (3.1.11a)
))
(C:\Users\KIMERA\AppData\Local\Programs\MiKTeX\tex/latex/pgf/utilities\pgffor.s
ty
(C:\Users\KIMERA\AppData\Local\Programs\MiKTeX\tex/latex/pgf/utilities\pgfkeys.
sty
(C:\Users\KIMERA\AppData\Local\Programs\MiKTeX\tex/generic/pgf/utilities\pgfkey
s.code.tex))
(C:\Users\KIMERA\AppData\Local\Programs\MiKTeX\tex/latex/pgf/math\pgfmath.sty
(C:\Users\KIMERA\AppData\Local\Programs\MiKTeX\tex/generic/pgf/math\pgfmath.cod
e.tex))
(C:\Users\KIMERA\AppData\Local\Programs\MiKTeX\tex/generic/pgf/utilities\pgffor
.code.tex
Package: pgffor 2025-08-29 v3.1.11a (3.1.11a)
\pgffor@iter=\dimen273
\pgffor@skip=\dimen274
\pgffor@stack=\toks44
\pgffor@toks=\toks45
))
(C:\Users\KIMERA\AppData\Local\Programs\MiKTeX\tex/generic/pgf/frontendlayer/ti
kz\tikz.code.tex
Package: tikz 2025-08-29 v3.1.11a (3.1.11a)

(C:\Users\KIMERA\AppData\Local\Programs\MiKTeX\tex/generic/pgf/libraries\pgflib
raryplothandlers.code.tex
File: pgflibraryplothandlers.code.tex 2025-08-29 v3.1.11a (3.1.11a)
\pgf@plot@mark@count=\count365
\pgfplotmarksize=\dimen275
)
\tikz@lastx=\dimen276
\tikz@lasty=\dimen277
\tikz@lastxsaved=\dimen278
\tikz@lastysaved=\dimen279
\tikz@lastmovetox=\dimen280
\tikz@lastmovetoy=\dimen281
\tikzleveldistance=\dimen282
\tikzsiblingdistance=\dimen283
\tikz@figbox=\box65
\tikz@figbox@bg=\box66
\tikz@tempbox=\box67
\tikz@tempbox@bg=\box68
\tikztreelevel=\count366
\tikznumberofchildren=\count367
\tikznumberofcurrentchild=\count368
\tikz@fig@count=\count369

(C:\Users\KIMERA\AppData\Local\Programs\MiKTeX\tex/generic/pgf/modules\pgfmodul
ematrix.code.tex
File: pgfmodulematrix.code.tex 2025-08-29 v3.1.11a (3.1.11a)
\pgfmatrixcurrentrow=\count370
\pgfmatrixcurrentcolumn=\count371
\pgf@matrix@numberofcolumns=\count372
)
\tikz@expandcount=\count373

(C:\Users\KIMERA\AppData\Local\Programs\MiKTeX\tex/generic/pgf/frontendlayer/ti
kz/libraries\tikzlibrarytopaths.code.tex
File: tikzlibrarytopaths.code.tex 2025-08-29 v3.1.11a (3.1.11a)
)))
(C:\Users\KIMERA\AppData\Local\Programs\MiKTeX\tex/latex/tools\verbatim.sty
Package: verbatim 2024-01-22 v1.5x LaTeX2e package for verbatim enhancements
\every@verbatim=\toks46
\verbatim@line=\toks47
\verbatim@in@stream=\read4
)
(C:\Users\KIMERA\AppData\Local\Programs\MiKTeX\tex/latex/environ\environ.sty
Package: environ 2014/05/04 v0.3 A new way to define environments

(C:\Users\KIMERA\AppData\Local\Programs\MiKTeX\tex/latex/trimspaces\trimspaces.
sty
Package: trimspaces 2009/09/17 v1.1 Trim spaces around a token list
))
\tcb@titlebox=\box69
\tcb@upperbox=\box70
\tcb@lowerbox=\box71
\tcb@phantombox=\box72
\c@tcbbreakpart=\count374
\c@tcblayer=\count375
\c@tcolorbox@number=\count376
\l__tcobox_tmpa_box=\box73
\l__tcobox_tmpa_dim=\dimen284
\tcb@temp=\box74
\tcb@temp=\box75
\tcb@temp=\box76
\tcb@temp=\box77

(C:\Users\KIMERA\AppData\Local\Programs\MiKTeX\tex/latex/tcolorbox\tcbraster.co
de.tex
Library (tcolorbox): 'tcbraster.code.tex' version '6.9.0'
\c@tcbrastercolumn=\count377
\c@tcbrasterrow=\count378
\c@tcbrasternum=\count379
\c@tcbraster=\count380
)
(C:\Users\KIMERA\AppData\Local\Programs\MiKTeX\tex/latex/tcolorbox\tcbskins.cod
e.tex
Library (tcolorbox): 'tcbskins.code.tex' version '6.9.0'

(C:\Users\KIMERA\AppData\Local\Programs\MiKTeX\tex/latex/tikzfill\tikzfill.imag
e.sty
Package: tikzfill.image 2026/04/23 v1.2.0 Image filling library for TikZ

(C:\Users\KIMERA\AppData\Local\Programs\MiKTeX\tex/latex/tikzfill\tikzlibraryfi
ll.image.code.tex
File: tikzlibraryfill.image.code.tex 2026/04/23 v1.2.0 Image filling library
\l__tikzfill_tmpa_dim=\dimen285
\l__tikzfill_tmpb_dim=\dimen286
\l__tikzfill_img_box=\box78
))
(C:\Users\KIMERA\AppData\Local\Programs\MiKTeX\tex/latex/tcolorbox\tcbskinsjigs
aw.code.tex
Library (tcolorbox): 'tcbskinsjigsaw.code.tex' version '6.9.0'
))
(C:\Users\KIMERA\AppData\Local\Programs\MiKTeX\tex/latex/tcolorbox\tcbbreakable
.code.tex
Library (tcolorbox): 'tcbbreakable.code.tex' version '6.9.0'
(C:\Users\KIMERA\AppData\Local\Programs\MiKTeX\tex/latex/pdfcol\pdfcol.sty
Package: pdfcol 2022-09-21 v1.7 Handle new color stacks for pdfTeX (HO)
Package pdfcol Info: Interface disabled because of missing PDF mode of pdfTeX.
)
Package pdfcol Info: pdfTeX's color stacks are not available.
\tcb@testbox=\box79
\tcb@totalupperbox=\box80
\tcb@totallowerbox=\box81
)
(C:\Users\KIMERA\AppData\Local\Programs\MiKTeX\tex/latex/tcolorbox\tcbhooks.cod
e.tex
Library (tcolorbox): 'tcbhooks.code.tex' version '6.9.0'
)
(C:\Users\KIMERA\AppData\Local\Programs\MiKTeX\tex/latex/tcolorbox\tcbtheorems.
code.tex
Library (tcolorbox): 'tcbtheorems.code.tex' version '6.9.0'
)
(C:\Users\KIMERA\AppData\Local\Programs\MiKTeX\tex/latex/tcolorbox\tcbfitting.c
ode.tex
Library (tcolorbox): 'tcbfitting.code.tex' version '6.9.0'
\tcbfitdim=\dimen287
\tcb@lowerfitdim=\dimen288
\tcb@upperfitdim=\dimen289
\tcb@cur@hbadness=\count381
)
(C:\Users\KIMERA\AppData\Local\Programs\MiKTeX\tex/latex/tcolorbox\tcblistingsu
tf8.code.tex
Library (tcolorbox): 'tcblistingsutf8.code.tex' version '6.9.0'

(C:\Users\KIMERA\AppData\Local\Programs\MiKTeX\tex/latex/tcolorbox\tcblistings.
code.tex
Library (tcolorbox): 'tcblistings.code.tex' version '6.9.0'
(C:\Users\KIMERA\AppData\Local\Programs\MiKTeX\tex/latex/listings\listings.sty
\lst@mode=\count382
\lst@gtempboxa=\box82
\lst@token=\toks48
\lst@length=\count383
\lst@currlwidth=\dimen290
\lst@column=\count384
\lst@pos=\count385
\lst@lostspace=\dimen291
\lst@width=\dimen292
\lst@newlines=\count386
\lst@lineno=\count387
\lst@maxwidth=\dimen293

(C:\Users\KIMERA\AppData\Local\Programs\MiKTeX\tex/latex/listings\lstpatch.sty
File: lstpatch.sty 2025/11/14 1.11b (Carsten Heinz)
) (C:\Users\KIMERA\AppData\Local\Programs\MiKTeX\tex/latex/listings\lstmisc.sty
File: lstmisc.sty 2025/11/14 1.11b (Carsten Heinz)
\c@lstnumber=\count388
\lst@skipnumbers=\count389
\lst@framebox=\box83
) (C:\Users\KIMERA\AppData\Local\Programs\MiKTeX\tex/latex/listings\listings.cf
g
File: listings.cfg 2025/11/14 1.11b listings configuration
))
Package: listings 2025/11/14 1.11b (Carsten Heinz)

(C:\Users\KIMERA\AppData\Local\Programs\MiKTeX\tex/latex/bidi\listings-xetex-bi
di.def
File: listings-xetex-bidi.def 2025/01/03 v1.6 bidi adaptations for listings pac
kage for XeTeX engine
)
==> First Aid for listings.sty no longer applied!
    Expected:
        2024/09/23 1.10c (Carsten Heinz)
    but found:
        2025/11/14 1.11b (Carsten Heinz)
    so I'm assuming it got fixed.

(C:\Users\KIMERA\AppData\Local\Programs\MiKTeX\tex/latex/tcolorbox\tcblistingsc
ore.code.tex
Library (tcolorbox): 'tcblistingscore.code.tex' version '6.9.0'

(C:\Users\KIMERA\AppData\Local\Programs\MiKTeX\tex/latex/tcolorbox\tcbprocessin
g.code.tex
Library (tcolorbox): 'tcbprocessing.code.tex' version '6.9.0'
)
\c@tcblisting=\count390
))
Package tcolorbox Info: Library `listingsutf8' is compatible with pdftex only. 
Library `listings` is loaded instead. on input line 29.
)
(C:\Users\KIMERA\AppData\Local\Programs\MiKTeX\tex/latex/tcolorbox\tcbexternal.
code.tex
Library (tcolorbox): 'tcbexternal.code.tex' version '6.9.0'
)
(C:\Users\KIMERA\AppData\Local\Programs\MiKTeX\tex/latex/tcolorbox\tcbmagazine.
code.tex
Library (tcolorbox): 'tcbmagazine.code.tex' version '6.9.0'
)
(C:\Users\KIMERA\AppData\Local\Programs\MiKTeX\tex/latex/tcolorbox\tcbvignette.
code.tex
Library (tcolorbox): 'tcbvignette.code.tex' version '6.9.0'

(C:\Users\KIMERA\AppData\Local\Programs\MiKTeX\tex/generic/pgf/frontendlayer/ti
kz/libraries\tikzlibraryfadings.code.tex
File: tikzlibraryfadings.code.tex 2025-08-29 v3.1.11a (3.1.11a)

(C:\Users\KIMERA\AppData\Local\Programs\MiKTeX\tex/generic/pgf/libraries\pgflib
raryfadings.code.tex
File: pgflibraryfadings.code.tex 2025-08-29 v3.1.11a (3.1.11a)
)))
(C:\Users\KIMERA\AppData\Local\Programs\MiKTeX\tex/latex/tcolorbox\tcbposter.co
de.tex
Library (tcolorbox): 'tcbposter.code.tex' version '6.9.0'
))
(C:\Users\KIMERA\AppData\Local\Programs\MiKTeX\tex/latex/bidi\tcolorbox-xetex-b
idi.def
File: tcolorbox-xetex-bidi.def 2018/11/11 v0.2 bidi adaptations for tcolorbox p
ackage for XeTeX engine
)
(C:\Users\KIMERA\AppData\Local\Programs\MiKTeX\tex/latex/multirow\multirow.sty
Package: multirow 2024/11/12 v2.9 Span multiple rows of a table
\multirow@colwidth=\skip58
\multirow@cntb=\count391
\multirow@dima=\skip59
\bigstrutjot=\dimen294
) (mymacros.sty
Style-File: MyMacros v1.2 <2000/10/02>

\c@theorem=\count392
\c@lemma=\count393
\c@corollary=\count394
\c@definition=\count395
\c@Prop=\count396
\c@Proof=\count397
\c@Corol=\count398
\algobox=\box84
\algolength=\skip60
\c@exmpl=\count399
(pifont.sty
Package: pifont 1998/01/07 PSNFSS v.7 Pi font support : S Rahtz
LaTeX Font Info:    Trying to load font information for U+pzd on input line 59.


(C:\Users\KIMERA\AppData\Local\Programs\MiKTeX\tex/latex/psnfss\upzd.fd
File: upzd.fd 2001/06/04 font definitions for U/pzd.
)
LaTeX Font Info:    Trying to load font information for U+psy on input line 60.


(C:\Users\KIMERA\AppData\Local\Programs\MiKTeX\tex/latex/psnfss\upsy.fd
File: upsy.fd 2001/06/04 font definitions for U/psy.
))
\myfigrule=\box85
)
(C:\Users\KIMERA\AppData\Local\Programs\MiKTeX\tex/latex/base\makeidx.sty
Package: makeidx 2021/10/04 v1.0m Standard LaTeX package
)
(C:\Users\KIMERA\AppData\Local\Programs\MiKTeX\tex/latex/pdfpages\pdfpages.sty
Package: pdfpages 2026/03/30 v0.6h Insert pages of external PDF documents (AM)

(C:\Users\KIMERA\AppData\Local\Programs\MiKTeX\tex/latex/base\ifthen.sty
Package: ifthen 2024/03/16 v1.1e Standard LaTeX ifthen package (DPC)
)
(C:\Users\KIMERA\AppData\Local\Programs\MiKTeX\tex/latex/eso-pic\eso-pic.sty
Package: eso-pic 2025/12/10 v3.0d eso-pic (RN)
\ESO@tempdima=\dimen295
\ESO@tempdimb=\dimen296
)
(C:\Users\KIMERA\AppData\Local\Programs\MiKTeX\tex/latex/bidi\eso-pic-xetex-bid
i.def
File: eso-pic-xetex-bidi.def 2022/02/18 v0.4 bidi adaptations for eso-pic packa
ge for XeTeX engine
)
\AM@pagewidth=\dimen297
\AM@pageheight=\dimen298
\AM@fboxrule=\dimen299

(C:\Users\KIMERA\AppData\Local\Programs\MiKTeX\tex/latex/pdfpages\ppxetex.def
File: ppxetex.def 2026/03/30 v0.6h Pdfpages driver for XeTeX (AM)
)
\pdfpages@includegraphics@status=\count400
\AM@pagebox=\box86
\AM@global@opts=\toks49
\AM@pagecnt=\count401
\AM@toc@title=\toks50
\AM@lof@heading=\toks51
\c@AM@survey=\count402
\AM@templatesizebox=\box87
) (C:\Users\KIMERA\AppData\Local\Programs\MiKTeX\tex/latex/graphics\lscape.sty
Package: lscape 2020/05/28 v3.02 Landscape Pages (DPC)
)
(C:\Users\KIMERA\AppData\Local\Programs\MiKTeX\tex/latex/bidi\lscape-xetex-bidi
.def
File: lscape-xetex-bidi.def 2025/01/03 v0.3 bidi adaptations for lscape package
 for XeTeX engine
) (PhS_Header.tex
(C:\Users\KIMERA\AppData\Local\Programs\MiKTeX\tex/latex/base\latexsym.sty
Package: latexsym 1998/08/17 v2.2e Standard LaTeX package (lasy symbols)
\symlasy=\mathgroup6
LaTeX Font Info:    Overwriting symbol font `lasy' in version `bold'
(Font)                  U/lasy/m/n --> U/lasy/b/n on input line 52.
)
(C:\Users\KIMERA\AppData\Local\Programs\MiKTeX\tex/latex/amsfonts\euscript.sty
Package: euscript 2009/06/22 v3.00 Euler Script fonts
LaTeX Font Info:    Overwriting math alphabet `\EuScript' in version `bold'
(Font)                  U/eus/m/n --> U/eus/b/n on input line 33.
) (C:\Users\KIMERA\AppData\Local\Programs\MiKTeX\tex/latex/graphics\epsfig.sty
Package: epsfig 2024/01/14 v1.7b (e)psfig emulation (SPQR)
\epsfxsize=\dimen300
\epsfysize=\dimen301
)
(C:\Users\KIMERA\AppData\Local\Programs\MiKTeX\tex/latex/tools\array.sty
Package: array 2025/09/25 v2.6n Tabular extension package (FMi)
\col@sep=\dimen302
\ar@mcellbox=\box88
\extrarowheight=\dimen303
\NC@list=\toks52
\extratabsurround=\skip61
\backup@length=\skip62
\ar@cellbox=\box89
)
(C:\Users\KIMERA\AppData\Local\Programs\MiKTeX\tex/latex/bidi\array-xetex-bidi.
def
File: array-xetex-bidi.def 2025/12/06 v0.8 bidi adaptations for array package f
or XeTeX engine
)
\c@parnum=\count403
\@indexfile=\write4
\openout4 = `Thesis-report.idx'.


Writing index file Thesis-report.idx
(PhSAbbreviations.sty)
\c@axiom=\count404
\c@proposition=\count405
\c@examplenum=\count406
)
(C:\Users\KIMERA\AppData\Local\Programs\MiKTeX\tex/latex/tools\longtable.sty
Package: longtable 2025-10-13 v4.24 Multi-page Table package (DPC)
\LTleft=\skip63
\LTright=\skip64
\LTpre=\skip65
\LTpost=\skip66
\LTchunksize=\count407
\LTcapwidth=\dimen304
\LT@head=\box90
\LT@firsthead=\box91
\LT@foot=\box92
\LT@lastfoot=\box93
\LT@gbox=\box94
\LT@cols=\count408
\LT@rows=\count409
\c@LT@tables=\count410
\c@LT@chunks=\count411
\LT@p@ftn=\toks53
)
(C:\Users\KIMERA\AppData\Local\Programs\MiKTeX\tex/latex/bidi\longtable-xetex-b
idi.def
File: longtable-xetex-bidi.def 2025/01/05 v0.8 bidi adaptations for longtable p
ackage for XeTeX engine
)
(C:\Users\KIMERA\AppData\Local\Programs\MiKTeX\tex/latex/booktabs\booktabs.sty
Package: booktabs 2020/01/12 v1.61803398 Publication quality tables
\heavyrulewidth=\dimen305
\lightrulewidth=\dimen306
\cmidrulewidth=\dimen307
\belowrulesep=\dimen308
\belowbottomsep=\dimen309
\aboverulesep=\dimen310
\abovetopsep=\dimen311
\cmidrulesep=\dimen312
\cmidrulekern=\dimen313
\defaultaddspace=\dimen314
\@cmidla=\count412
\@cmidlb=\count413
\@aboverulesep=\dimen315
\@belowrulesep=\dimen316
\@thisruleclass=\count414
\@lastruleclass=\count415
\@thisrulewidth=\dimen317
) (C:\Users\KIMERA\AppData\Local\Programs\MiKTeX\tex/latex/colortbl\colortbl.st
y
Package: colortbl 2024/10/29 v1.0k Color table columns (DPC)
\everycr=\toks54
\minrowclearance=\skip67
\rownum=\count416
)
(C:\Users\KIMERA\AppData\Local\Programs\MiKTeX\tex/latex/bidi\colortbl-xetex-bi
di.def
File: colortbl-xetex-bidi.def 2012/06/10 v0.2 bidi adaptations for colortbl pac
kage for XeTeX engine
)
(C:\Users\KIMERA\AppData\Local\Programs\MiKTeX\tex/latex/float\float.sty
Package: float 2001/11/08 v1.3d Float enhancements (AL)
\c@float@type=\count417
\float@exts=\toks55
\float@box=\box95
\@float@everytoks=\toks56
\@floatcapt=\box96
)
(C:\Users\KIMERA\AppData\Local\Programs\MiKTeX\tex/latex/bidi\float-xetex-bidi.
def
File: float-xetex-bidi.def 2013/04/04 v0.2 bidi adaptations for float package f
or XeTeX engine
)
(C:\Users\KIMERA\AppData\Local\Programs\MiKTeX\tex/latex/placeins\placeins.sty
Package: placeins 2005/04/18  v 2.2
) (C:\Users\KIMERA\AppData\Local\Programs\MiKTeX\tex/latex/tools\tabularx.sty
Package: tabularx 2023/12/11 v2.12a `tabularx' package (DPC)
\TX@col@width=\dimen318
\TX@old@table=\dimen319
\TX@old@col=\dimen320
\TX@target=\dimen321
\TX@delta=\dimen322
\TX@cols=\count418
\TX@ftn=\toks57
)
(C:\Users\KIMERA\AppData\Local\Programs\MiKTeX\tex/latex/bidi\tabularx-xetex-bi
di.def
File: tabularx-xetex-bidi.def 2014/11/08 v0.1 bidi adaptations for tabularx pac
kage for XeTeX engine
) (algorithm.sty
Package: algorithm 2009/08/24 v0.1 Document Style `algorithm' - floating enviro
nment
\@float@every@algorithm=\toks58
\c@algorithm=\count419
)
(C:\Users\KIMERA\AppData\Local\Programs\MiKTeX\tex/latex/minitoc\minitoc.sty
Package: minitoc 2018/07/12 v62 Package minitoc

(C:\Users\KIMERA\AppData\Local\Programs\MiKTeX\tex/latex/minitoc\mtcmess.sty
Package: mtcmess 2006/03/14
)
Package minitoc Info: I0001
(minitoc)             *** minitoc package, version 62 ***.
\tf@mtc=\write5
\mtcindent=\skip68
\mtcskipamount=\skip69
Package minitoc Info: I0005
(minitoc)             compatible with hyperref.
Package minitoc Info: I0023
(minitoc)             part level macros available.
Package minitoc Info: I0003
(minitoc)             chapter level macros available.
\mtc@toks=\toks59
\mtc@strutbox=\box97
\mtc@hstrutbox=\box98
Package minitoc Info: I0002
(minitoc)             Autoconfiguration of extensions.
\openout5 = `Thesis-report.mtc0'.

\openout5 = `Thesis-report.mtc'.


(Thesis-report.mtc0)
Package minitoc Info: I0012
(minitoc)             Long extensions (Unix-like) will be used.
Package minitoc Info: I0031
(minitoc)             ==> this version is configured for UNIX-like 
(minitoc)                 (long extensions) file names.
\openout5 = `Thesis-report.mtc'.

\openout5 = `Thesis-report.mtc0'.

\c@mtc=\count420
\c@minitocdepth=\count421
\c@ptc=\count422
\c@parttocdepth=\count423
\ptcindent=\skip70
Package minitoc Info: I0010
(minitoc)             The english language is selected.
(minitoc)              on input line 4910.

(C:\Users\KIMERA\AppData\Local\Programs\MiKTeX\tex/latex/minitoc\english.mld
File: english.mld 2006/01/13
)
(C:\Users\KIMERA\AppData\Local\Programs\MiKTeX\tex/latex/minitoc\english.mld
File: english.mld 2006/01/13
))
(C:\Users\KIMERA\AppData\Local\Programs\MiKTeX\tex/latex/bidi\minitoc-xetex-bid
i.def
File: minitoc-xetex-bidi.def 2010/07/25 v0.1 bidi adaptations for minitoc packa
ge for XeTeX engine
)
Package minitoc Info: I0024
(minitoc)             PREPARING MINITOCS FROM Thesis-report.toc on input line 3
9.
Package minitoc Info: I0033
(minitoc)             Writing Thesis-report.mtc1.
\openout5 = `Thesis-report.mtc1'.

Package minitoc Info: I0033
(minitoc)             Writing Thesis-report.mtc2.
\openout5 = `Thesis-report.mtc2'.

Package minitoc Info: I0033
(minitoc)             Writing Thesis-report.mtc3.
\openout5 = `Thesis-report.mtc3'.

Package minitoc Info: I0033
(minitoc)             Writing Thesis-report.mtc4.
\openout5 = `Thesis-report.mtc4'.

Package minitoc Info: I0033
(minitoc)             Writing Thesis-report.mtc5.
\openout5 = `Thesis-report.mtc5'.

Package minitoc Info: I0033
(minitoc)             Writing Thesis-report.mtc6.
\openout5 = `Thesis-report.mtc6'.


(C:\Users\KIMERA\AppData\Local\Programs\MiKTeX\tex/latex/csquotes\csquotes.sty
Package: csquotes 2024-04-04 v5.2o context-sensitive quotations (JAW)
\csq@reset=\count424
\csq@gtype=\count425
\csq@glevel=\count426
\csq@qlevel=\count427
\csq@maxlvl=\count428
\csq@tshold=\count429
\csq@ltx@everypar=\toks60

(C:\Users\KIMERA\AppData\Local\Programs\MiKTeX\tex/latex/csquotes\csquotes.def
File: csquotes.def 2024-04-04 v5.2o csquotes generic definitions (JAW)
)
Package csquotes Info: Trying to load configuration file 'csquotes.cfg'...
Package csquotes Info: ... configuration file loaded successfully.
(C:\Users\KIMERA\AppData\Local\Programs\MiKTeX\tex/latex/csquotes\csquotes.cfg
File: csquotes.cfg 
)
Package csquotes Info: Option 'babel' depreciated.
(csquotes)             Using 'autostyle'.
Package csquotes Info: Enabling multilingual quotes.
)
(C:\Users\KIMERA\AppData\Local\Programs\MiKTeX\tex/latex/setspace\setspace.sty
Package: setspace 2022/12/04 v6.7b set line spacing
)
(C:\Users\KIMERA\AppData\Local\Programs\MiKTeX\tex/latex/algorithmicx\algorithm
icx.sty
Package: algorithmicx 2005/04/27 v1.2 Algorithmicx

Document Style algorithmicx 1.2 - a greatly improved `algorithmic' style
\c@ALG@line=\count430
\c@ALG@rem=\count431
\c@ALG@nested=\count432
\ALG@tlm=\skip71
\ALG@thistlm=\skip72
\c@ALG@Lnr=\count433
\c@ALG@blocknr=\count434
\c@ALG@storecount=\count435
\c@ALG@tmpcounter=\count436
\ALG@tmplength=\skip73
)
(C:\Users\KIMERA\AppData\Local\Programs\MiKTeX\tex/latex/algorithmicx\algpseudo
code.sty
Package: algpseudocode 

Document Style - pseudocode environments for use with the `algorithmicx' style
)
(C:\Users\KIMERA\AppData\Local\Programs\MiKTeX\tex/latex/fancybox\fancybox.sty
Package: fancybox 2010/05/15 1.4

Style option: `fancybox' v1.4 <2010/05/15> (tvz)
\@fancybox=\box99
\shadowsize=\dimen323
\@Sbox=\box100
\do@VerbBox=\toks61
\the@fancyput=\toks62
\this@fancyput=\toks63
\EndVerbatimTokens=\toks64
\Verbatim@Outfile=\write6
\Verbatim@Infile=\read5
)
(C:\Users\KIMERA\AppData\Local\Programs\MiKTeX\tex/latex/bidi\fancybox-xetex-bi
di.def
File: fancybox-xetex-bidi.def 2013/05/01 v0.1 bidi adaptations for fancybox pac
kage for XeTeX engine
)
(C:\Users\KIMERA\AppData\Local\Programs\MiKTeX\tex/latex/enumitem\enumitem.sty
Package: enumitem 2025/02/06 v3.11 Customized lists
\labelindent=\skip74
\enit@outerparindent=\dimen324
\enit@toks=\toks65
\enit@inbox=\box101
\enit@count@id=\count437
\enitdp@description=\count438
) (C:\Users\KIMERA\AppData\Local\Programs\MiKTeX\tex/latex/caption\caption.sty
Package: caption 2023/08/05 v3.6o Customizing captions (AR)

(C:\Users\KIMERA\AppData\Local\Programs\MiKTeX\tex/latex/caption\caption3.sty
Package: caption3 2023/07/31 v2.4d caption3 kernel (AR)
\caption@tempdima=\dimen325
\captionmargin=\dimen326
\caption@leftmargin=\dimen327
\caption@rightmargin=\dimen328
\caption@width=\dimen329
\caption@indent=\dimen330
\caption@parindent=\dimen331
\caption@hangindent=\dimen332
Package caption Info: Unknown document class (or package),
(caption)             standard defaults will be used.
Package caption Info: \@makecaption = \long macro:#1#2->\vskip \abovecaptionski
p \sbox \@tempboxa {#1: #2}\ifdim \wd \@tempboxa >\hsize \if@RTL \beginR \fi #1
: #2\if@RTL \endR \fi \par \else \global \@minipagefalse \hb@xt@ \hsize {\if@RT
L \beginR \fi \hfil \box \@tempboxa \hfil \if@RTL \endR \fi }\fi \vskip \belowc
aptionskip  on input line 1175.
)
(C:\Users\KIMERA\AppData\Local\Programs\MiKTeX\tex/latex/bidi\caption3-xetex-bi
di.def
File: caption3-xetex-bidi.def 2013/04/01 v0.1 bidi adaptations for caption3 pac
kage for XeTeX engine
)

Package caption Warning: Unknown document class (or package),
(caption)                standard defaults will be used.
See the caption package documentation for explanation.

\c@caption@flags=\count439
\c@continuedfloat=\count440
Package caption Info: float package is loaded.
Package caption Info: hyperref package is loaded.
Package caption Info: listings package is loaded.
Package caption Info: longtable package is loaded.
(C:\Users\KIMERA\AppData\Local\Programs\MiKTeX\tex/latex/caption\ltcaption.sty
Package: ltcaption 2021/01/08 v1.4c longtable captions (AR)
))
(C:\Users\KIMERA\AppData\Local\Programs\MiKTeX\tex/latex/bidi\caption-xetex-bid
i.def
File: caption-xetex-bidi.def 2010/07/25 v0.1 bidi adaptations for caption packa
ge for XeTeX engine
)
(C:\Users\KIMERA\AppData\Local\Programs\MiKTeX\tex/latex/biblatex\biblatex.sty
Package: biblatex 2025/07/10 v3.21 programmable bibliographies (PK/MW)

(C:\Users\KIMERA\AppData\Local\Programs\MiKTeX\tex/latex/logreq\logreq.sty
Package: logreq 2010/08/04 v1.0 xml request logger
\lrq@indent=\count441

(C:\Users\KIMERA\AppData\Local\Programs\MiKTeX\tex/latex/logreq\logreq.def
File: logreq.def 2010/08/04 v1.0 logreq spec v1.0
))
\c@tabx@nest=\count442
\c@listtotal=\count443
\c@listcount=\count444
\c@liststart=\count445
\c@liststop=\count446
\c@citecount=\count447
\c@citetotal=\count448
\c@multicitecount=\count449
\c@multicitetotal=\count450
\c@instcount=\count451
\c@maxnames=\count452
\c@minnames=\count453
\c@maxitems=\count454
\c@minitems=\count455
\c@citecounter=\count456
\c@maxcitecounter=\count457
\c@savedcitecounter=\count458
\c@uniquelist=\count459
\c@uniquename=\count460
\c@refsection=\count461
\c@refsegment=\count462
\c@maxextratitle=\count463
\c@maxextratitleyear=\count464
\c@maxextraname=\count465
\c@maxextradate=\count466
\c@maxextraalpha=\count467
\c@abbrvpenalty=\count468
\c@highnamepenalty=\count469
\c@lownamepenalty=\count470
\c@maxparens=\count471
\c@parenlevel=\count472
\blx@tempcnta=\count473
\blx@tempcntb=\count474
\blx@tempcntc=\count475
\c@blx@maxsection=\count476
\blx@maxsegment@0=\count477
\blx@notetype=\count478
\blx@parenlevel@text=\count479
\blx@parenlevel@foot=\count480
\blx@sectionciteorder@0=\count481
\blx@sectionciteorderinternal@0=\count482
\blx@entrysetcounter=\count483
\blx@biblioinstance=\count484
\labelnumberwidth=\skip75
\labelalphawidth=\skip76
\biblabelsep=\skip77
\bibitemsep=\skip78
\bibnamesep=\skip79
\bibinitsep=\skip80
\bibparsep=\skip81
\bibhang=\skip82
\blx@bcfin=\read6
\blx@bcfout=\write7
\blx@langwohyphens=\language79
\c@mincomprange=\count485
\c@maxcomprange=\count486
\c@mincompwidth=\count487
Package biblatex Info: Trying to load biblatex default data model...
Package biblatex Info: ... file 'blx-dm.def' found.

(C:\Users\KIMERA\AppData\Local\Programs\MiKTeX\tex/latex/biblatex\blx-dm.def
File: blx-dm.def 2025/07/10 v3.21 biblatex datamodel (PK/MW)
)
Package biblatex Info: Trying to load biblatex style data model...
Package biblatex Info: ... file 'authoryear.dbx' not found.
Package biblatex Info: Trying to load biblatex custom data model...
Package biblatex Info: ... file 'biblatex-dm.cfg' not found.
\c@afterword=\count488
\c@savedafterword=\count489
\c@annotator=\count490
\c@savedannotator=\count491
\c@author=\count492
\c@savedauthor=\count493
\c@bookauthor=\count494
\c@savedbookauthor=\count495
\c@commentator=\count496
\c@savedcommentator=\count497
\c@editor=\count498
\c@savededitor=\count499
\c@editora=\count500
\c@savededitora=\count501
\c@editorb=\count502
\c@savededitorb=\count503
\c@editorc=\count504
\c@savededitorc=\count505
\c@foreword=\count506
\c@savedforeword=\count507
\c@holder=\count508
\c@savedholder=\count509
\c@introduction=\count510
\c@savedintroduction=\count511
\c@namea=\count512
\c@savednamea=\count513
\c@nameb=\count514
\c@savednameb=\count515
\c@namec=\count516
\c@savednamec=\count517
\c@translator=\count518
\c@savedtranslator=\count519
\c@shortauthor=\count520
\c@savedshortauthor=\count521
\c@shorteditor=\count522
\c@savedshorteditor=\count523
\c@labelname=\count524
\c@savedlabelname=\count525
\c@institution=\count526
\c@savedinstitution=\count527
\c@lista=\count528
\c@savedlista=\count529
\c@listb=\count530
\c@savedlistb=\count531
\c@listc=\count532
\c@savedlistc=\count533
\c@listd=\count534
\c@savedlistd=\count535
\c@liste=\count536
\c@savedliste=\count537
\c@listf=\count538
\c@savedlistf=\count539
\c@location=\count540
\c@savedlocation=\count541
\c@organization=\count542
\c@savedorganization=\count543
\c@origlocation=\count544
\c@savedoriglocation=\count545
\c@origpublisher=\count546
\c@savedorigpublisher=\count547
\c@publisher=\count548
\c@savedpublisher=\count549
\c@language=\count550
\c@savedlanguage=\count551
\c@origlanguage=\count552
\c@savedoriglanguage=\count553
\c@pageref=\count554
\c@savedpageref=\count555
\shorthandwidth=\skip83
\shortjournalwidth=\skip84
\shortserieswidth=\skip85
\shorttitlewidth=\skip86
\shortauthorwidth=\skip87
\shorteditorwidth=\skip88
\locallabelnumberwidth=\skip89
\locallabelalphawidth=\skip90
\localshorthandwidth=\skip91
\localshortjournalwidth=\skip92
\localshortserieswidth=\skip93
\localshorttitlewidth=\skip94
\localshortauthorwidth=\skip95
\localshorteditorwidth=\skip96
Package biblatex Info: Trying to load enhanced support for Unicode engines...
Package biblatex Info: ... file 'blx-unicode.def' found.

(C:\Users\KIMERA\AppData\Local\Programs\MiKTeX\tex/latex/biblatex\blx-unicode.d
ef)
Package biblatex Info: Trying to load compatibility code...
Package biblatex Info: ... file 'blx-compat.def' found.

(C:\Users\KIMERA\AppData\Local\Programs\MiKTeX\tex/latex/biblatex\blx-compat.de
f
File: blx-compat.def 2025/07/10 v3.21 biblatex compatibility (PK/MW)
)
Package biblatex Info: Trying to load generic definitions...
Package biblatex Info: ... file 'biblatex.def' found.

(C:\Users\KIMERA\AppData\Local\Programs\MiKTeX\tex/latex/biblatex\biblatex.def
File: biblatex.def 2025/07/10 v3.21 biblatex compatibility (PK/MW)
\c@textcitecount=\count556
\c@textcitetotal=\count557
\c@textcitemaxnames=\count558
\c@biburlbigbreakpenalty=\count559
\c@biburlbreakpenalty=\count560
\c@biburlnumpenalty=\count561
\c@biburlucpenalty=\count562
\c@biburllcpenalty=\count563
\biburlbigskip=\muskip19
\biburlnumskip=\muskip20
\biburlucskip=\muskip21
\biburllcskip=\muskip22
\c@smartand=\count564
)
Package biblatex Info: Trying to load bibliography style 'authoryear'...
Package biblatex Info: ... file 'authoryear.bbx' found.

(C:\Users\KIMERA\AppData\Local\Programs\MiKTeX\tex/latex/biblatex/bbx\authoryea
r.bbx
File: authoryear.bbx 2025/07/10 v3.21 biblatex bibliography style (PK/MW)
Package biblatex Info: Trying to load bibliography style 'standard'...
Package biblatex Info: ... file 'standard.bbx' found.

(C:\Users\KIMERA\AppData\Local\Programs\MiKTeX\tex/latex/biblatex/bbx\standard.
bbx
File: standard.bbx 2025/07/10 v3.21 biblatex bibliography style (PK/MW)
\c@bbx:relatedcount=\count565
\c@bbx:relatedtotal=\count566
))
Package biblatex Info: Trying to load citation style 'authoryear'...
Package biblatex Info: ... file 'authoryear.cbx' found.

(C:\Users\KIMERA\AppData\Local\Programs\MiKTeX\tex/latex/biblatex/cbx\authoryea
r.cbx
File: authoryear.cbx 2025/07/10 v3.21 biblatex citation style (PK/MW)
Package biblatex Info: Redefining '\cite'.
Package biblatex Info: Redefining '\parencite'.
Package biblatex Info: Redefining '\footcite'.
Package biblatex Info: Redefining '\footcitetext'.
Package biblatex Info: Redefining '\smartcite'.
Package biblatex Info: Redefining '\textcite'.
Package biblatex Info: Redefining '\textcites'.
)
Package biblatex Info: Trying to load configuration file...
Package biblatex Info: ... file 'biblatex.cfg' found.

(C:\Users\KIMERA\AppData\Local\Programs\MiKTeX\tex/latex/biblatex\biblatex.cfg
File: biblatex.cfg 
)
Package biblatex Info: XeTeX detected.
(biblatex)             Assuming input encoding 'utf8'.
Package biblatex Info: Document encoding is UTF8 ....
Package biblatex Info: ... and expl3
(biblatex)             2026-03-20 L3 programming layer (loader) 
(biblatex)             is new enough (at least 2020/04/06),
(biblatex)             setting 'casechanger=expl3'.

(C:\Users\KIMERA\AppData\Local\Programs\MiKTeX\tex/latex/biblatex\blx-case-expl
3.sty
Package: blx-case-expl3 2025/07/10 v3.21 expl3 case changing code for biblatex
))
(C:\Users\KIMERA\AppData\Local\Programs\MiKTeX\tex/latex/titlesec\titlesec.sty
Package: titlesec 2025/01/04 v2.17 Sectioning titles
\ttl@box=\box102
\beforetitleunit=\skip97
\aftertitleunit=\skip98
\ttl@plus=\dimen333
\ttl@minus=\dimen334
\ttl@toksa=\toks66
\titlewidth=\dimen335
\titlewidthlast=\dimen336
\titlewidthfirst=\dimen337
)
(C:\Users\KIMERA\AppData\Local\Programs\MiKTeX\tex/latex/bidi\titlesec-xetex-bi
di.def
File: titlesec-xetex-bidi.def 2010/07/25 v0.1 bidi adaptations for titlesec pac
kage for XeTeX engine
)
\longueurequation=\skip99
\longueurrestante=\skip100

(C:\Users\KIMERA\AppData\Local\Programs\MiKTeX\tex/latex/bidi\float-xetex-bidi.
def
File: float-xetex-bidi.def 2013/04/04 v0.2 bidi adaptations for float package f
or XeTeX engine
)
Package csquotes Info: Checking for multilingual support...
Package csquotes Info: ... found 'polyglossia' package.
 (Thesis-report.aux (Chapitres/Declaration.aux) (Chapitres/dedication.aux)
(Chapitres/Acknowledgements.aux) (Chapitres/Abstract.aux)
(Chapitres/Notations.aux) (Chapitres/Introduction.aux) (Chapitres/Chapitre1.aux
) (Chapitres/Chapitre2.aux) (Chapitres/Chapitre3.aux) (Chapitres/Chapitre4.aux)
(Chapitres/Chapitre5.aux) (Chapitres/Conclusion.aux))
\openout1 = `Thesis-report.aux'.

LaTeX Font Info:    Checking defaults for OML/cmm/m/it on input line 104.
LaTeX Font Info:    ... okay on input line 104.
LaTeX Font Info:    Checking defaults for OMS/cmsy/m/n on input line 104.
LaTeX Font Info:    ... okay on input line 104.
LaTeX Font Info:    Checking defaults for OT1/cmr/m/n on input line 104.
LaTeX Font Info:    ... okay on input line 104.
LaTeX Font Info:    Checking defaults for T1/cmr/m/n on input line 104.
LaTeX Font Info:    ... okay on input line 104.
LaTeX Font Info:    Checking defaults for TS1/cmr/m/n on input line 104.
LaTeX Font Info:    ... okay on input line 104.
LaTeX Font Info:    Checking defaults for TU/lmr/m/n on input line 104.
LaTeX Font Info:    ... okay on input line 104.
LaTeX Font Info:    Checking defaults for OMX/cmex/m/n on input line 104.
LaTeX Font Info:    ... okay on input line 104.
LaTeX Font Info:    Checking defaults for U/cmr/m/n on input line 104.
LaTeX Font Info:    ... okay on input line 104.
LaTeX Font Info:    Checking defaults for PD1/pdf/m/n on input line 104.
LaTeX Font Info:    ... okay on input line 104.
LaTeX Font Info:    Checking defaults for PU/pdf/m/n on input line 104.
LaTeX Font Info:    ... okay on input line 104.

Package fontspec Info: 
(fontspec)             Adjusting the maths setup (use [no-math] to avoid
(fontspec)             this).

\symlegacymaths=\mathgroup7
LaTeX Font Info:    Overwriting symbol font `legacymaths' in version `bold'
(Font)                  OT1/cmr/m/n --> OT1/cmr/bx/n on input line 104.
LaTeX Font Info:    Redeclaring math accent \acute on input line 104.
LaTeX Font Info:    Redeclaring math accent \grave on input line 104.
LaTeX Font Info:    Redeclaring math accent \ddot on input line 104.
LaTeX Font Info:    Redeclaring math accent \tilde on input line 104.
LaTeX Font Info:    Redeclaring math accent \bar on input line 104.
LaTeX Font Info:    Redeclaring math accent \breve on input line 104.
LaTeX Font Info:    Redeclaring math accent \check on input line 104.
LaTeX Font Info:    Redeclaring math accent \hat on input line 104.
LaTeX Font Info:    Redeclaring math accent \dot on input line 104.
LaTeX Font Info:    Redeclaring math accent \mathring on input line 104.
LaTeX Font Info:    Redeclaring math symbol \Gamma on input line 104.
LaTeX Font Info:    Redeclaring math symbol \Delta on input line 104.
LaTeX Font Info:    Redeclaring math symbol \Theta on input line 104.
LaTeX Font Info:    Redeclaring math symbol \Lambda on input line 104.
LaTeX Font Info:    Redeclaring math symbol \Xi on input line 104.
LaTeX Font Info:    Redeclaring math symbol \Pi on input line 104.
LaTeX Font Info:    Redeclaring math symbol \Sigma on input line 104.
LaTeX Font Info:    Redeclaring math symbol \Upsilon on input line 104.
LaTeX Font Info:    Redeclaring math symbol \Phi on input line 104.
LaTeX Font Info:    Redeclaring math symbol \Psi on input line 104.
LaTeX Font Info:    Redeclaring math symbol \Omega on input line 104.
LaTeX Font Info:    Redeclaring math symbol \mathdollar on input line 104.
LaTeX Font Info:    Redeclaring symbol font `operators' on input line 104.
LaTeX Font Info:    Encoding `OT1' has changed to `TU' for symbol font
(Font)              `operators' in the math version `normal' on input line 104.

LaTeX Font Info:    Overwriting symbol font `operators' in version `normal'
(Font)                  OT1/cmr/m/n --> TU/lmr/m/n on input line 104.
LaTeX Font Info:    Encoding `OT1' has changed to `TU' for symbol font
(Font)              `operators' in the math version `bold' on input line 104.
LaTeX Font Info:    Overwriting symbol font `operators' in version `bold'
(Font)                  OT1/cmr/bx/n --> TU/lmr/m/n on input line 104.
LaTeX Font Info:    Overwriting symbol font `operators' in version `normal'
(Font)                  TU/lmr/m/n --> TU/lmr/m/n on input line 104.
LaTeX Font Info:    Overwriting math alphabet `\mathit' in version `normal'
(Font)                  OT1/cmr/m/it --> TU/lmr/m/it on input line 104.
LaTeX Font Info:    Overwriting math alphabet `\mathbf' in version `normal'
(Font)                  OT1/cmr/bx/n --> TU/lmr/b/n on input line 104.
LaTeX Font Info:    Overwriting math alphabet `\mathsf' in version `normal'
(Font)                  OT1/cmss/m/n --> TU/lmss/m/n on input line 104.
LaTeX Font Info:    Overwriting math alphabet `\mathtt' in version `normal'
(Font)                  OT1/cmtt/m/n --> TU/lmtt/m/n on input line 104.
LaTeX Font Info:    Overwriting symbol font `operators' in version `bold'
(Font)                  TU/lmr/m/n --> TU/lmr/b/n on input line 104.
LaTeX Font Info:    Overwriting math alphabet `\mathit' in version `bold'
(Font)                  OT1/cmr/bx/it --> TU/lmr/b/it on input line 104.
LaTeX Font Info:    Overwriting math alphabet `\mathsf' in version `bold'
(Font)                  OT1/cmss/bx/n --> TU/lmss/b/n on input line 104.
LaTeX Font Info:    Overwriting math alphabet `\mathtt' in version `bold'
(Font)                  OT1/cmtt/m/n --> TU/lmtt/b/n on input line 104.
Package hyperref Info: Link coloring OFF on input line 104.
 (Thesis-report.out)
(Thesis-report.out)
\@outlinefile=\write8
\openout8 = `Thesis-report.out'.

\c@lstlisting=\count567

(C:\Users\KIMERA\AppData\Local\Programs\MiKTeX\tex/latex/pdflscape\pdflscape.st
y
Package: pdflscape 2022-10-27 v0.13 Display of landscape pages in PDF

(C:\Users\KIMERA\AppData\Local\Programs\MiKTeX\tex/latex/pdflscape\pdflscape-no
metadata.sty
Package: pdflscape-nometadata 2022-10-28 v0.13 Display of landscape pages in PD
F (HO)
Package pdflscape Info: Auto-detected driver: dvipdfm (xetex) on input line 98.

))
(C:\Users\KIMERA\AppData\Local\Programs\MiKTeX\tex/latex/bidi\pdflscape-xetex-b
idi.def
File: pdflscape-xetex-bidi.def 2022/02/18 v0.1 bidi adaptations for pdflscape p
ackage for XeTeX engine
)
Package minitoc(hints) Info: I0049
(minitoc(hints))             ==> You requested the hints option. 
(minitoc(hints))             Some hints are eventually given below.


Package minitoc(hints) Warning: W0099
(minitoc(hints))                --- The titlesec package is loaded. 
(minitoc(hints))                It is incompatible 
(minitoc(hints))                with the minitoc package.

Package caption Info: Begin \AtBeginDocument code.
Package caption Info: End \AtBeginDocument code.
Package biblatex Info: Trying to load language 'arabic'...
Package biblatex Info: ... file 'arabic.lbx' not found.

Package biblatex Warning: Language 'arabic' not supported.
(biblatex)                Using dummy definitions on input line 104.

Package biblatex Info: Trying to load language 'french'...
Package biblatex Info: ... file 'french.lbx' found.

(C:\Users\KIMERA\AppData\Local\Programs\MiKTeX\tex/latex/biblatex/lbx\french.lb
x
File: french.lbx 2025/07/10 v3.21 biblatex localization (PK/MW)
)
Package biblatex Info: XeTeX detected.
(biblatex)             Assuming input encoding 'utf8'.
Package biblatex Info: Automatic encoding selection.
(biblatex)             Assuming data encoding 'utf8'.
\openout7 = `Thesis-report.bcf'.

Package biblatex Info: Trying to load bibliographic data...
Package biblatex Info: ... file 'Thesis-report.bbl' found.
 (Thesis-report.bbl)
Package biblatex Info: Reference section=0 on input line 104.
Package biblatex Info: Reference segment=0 on input line 104.
File: Chapitres/page_garde.pdf.pdf Graphic file (type pdf)
<use Chapitres/page_garde.pdf.pdf>
File: Chapitres/page_garde.pdf.pdf Graphic file (type pdf)
<use Chapitres/page_garde.pdf.pdf, page 1>
File: Chapitres/page_garde.pdf.pdf Graphic file (type pdf)
<use Chapitres/page_garde.pdf.pdf, page 1>
File: Chapitres/page_garde.pdf.pdf Graphic file (type pdf)
<use Chapitres/page_garde.pdf.pdf, page 1>
File: Chapitres/page_garde.pdf.pdf Graphic file (type pdf)
<use Chapitres/page_garde.pdf.pdf, page 1>
File: Chapitres/page_garde.pdf.pdf Graphic file (type pdf)
<use Chapitres/page_garde.pdf.pdf, page 1>
 [1


]
LaTeX Font Info:    Trying to load font information for U+msa on input line 127
.

(C:\Users\KIMERA\AppData\Local\Programs\MiKTeX\tex/latex/amsfonts\umsa.fd
File: umsa.fd 2013/01/14 v3.01 AMS symbols A
)
LaTeX Font Info:    Trying to load font information for U+msb on input line 127
.

(C:\Users\KIMERA\AppData\Local\Programs\MiKTeX\tex/latex/amsfonts\umsb.fd
File: umsb.fd 2013/01/14 v3.01 AMS symbols B
)
LaTeX Font Info:    Trying to load font information for U+lasy on input line 12
7.

(C:\Users\KIMERA\AppData\Local\Programs\MiKTeX\tex/latex/base\ulasy.fd
File: ulasy.fd 1998/08/17 v2.2e LaTeX symbol font definitions
)
[2]
\openout2 = `Chapitres/Declaration.aux'.

 (Chapitres/Declaration.tex) [3


]
\openout2 = `Chapitres/dedication.aux'.

 (Chapitres/dedication.tex
LaTeX Font Info:    Font shape `TU/Arial(0)/bx/n' in size <17.28> not available

(Font)              Font shape `TU/Arial(0)/b/n' tried instead on input line 6.


Missing character: There is no ✧ in font Arial Bold/OT:script=arab;language=dfl
t;!
Missing character: There is no ✧ in font Arial Bold/OT:script=arab;language=dfl
t;!
Missing character: There is no ♡ in font [lmroman12-bold]:mapping=tex-text;!
[4




]
Missing character: There is no ♡ in font [lmroman12-bold]:mapping=tex-text;!
[5]
Missing character: There is no 🎓 in font [lmroman12-bold]:mapping=tex-text;!
LaTeX Font Info:    Font shape `TU/Arial(0)/bx/n' in size <12> not available
(Font)              Font shape `TU/Arial(0)/b/n' tried instead on input line 90
.
Missing character: There is no 🎓 in font [lmroman12-bold]:mapping=tex-text;!
) [6]
\openout2 = `Chapitres/Acknowledgements.aux'.

 (Chapitres/Acknowledgements.tex) [7




]
\openout2 = `Chapitres/Abstract.aux'.

 (Chapitres/Abstract.tex) [8



]
(Thesis-report.toc [1



] [2])
\tf@toc=\write9
\openout9 = `Thesis-report.toc'.

 [3]
\openout2 = `Chapitres/Notations.aux'.

 (Chapitres/Notations.tex)
\openout2 = `Chapitres/Introduction.aux'.


(Chapitres/Introduction.tex [1





]) [2]
\openout2 = `Chapitres/Chapitre1.aux'.

 (Chapitres/Chapitre1.tex
Chapitre 1.
File: figures/logo_virtualdev.png Graphic file (type bmp)
<figures/logo_virtualdev.png>
File: figures/domaines_intervention_simple.png Graphic file (type bmp)
<figures/domaines_intervention_simple.png>

Underfull \vbox (badness 10000) has occurred while \output is active []

 [3




]
File: figures/processus_actuel.jpg Graphic file (type bmp)
<figures/processus_actuel.jpg>

Underfull \vbox (badness 10000) has occurred while \output is active []

 [4]
Underfull \vbox (badness 10000) has occurred while \output is active []

 [5]
File: figures/workflow_systeme.jpg Graphic file (type bmp)
<figures/workflow_systeme.jpg>

Underfull \vbox (badness 10000) has occurred while \output is active []

 [6]
File: figures/architecture_generale.jpg.png Graphic file (type bmp)
<figures/architecture_generale.jpg.png>

Underfull \hbox (badness 10000) in paragraph at lines 181--181
[][]|\TU/lmr/m/n/10.95 Détection tardive des[]
 []


Underfull \vbox (badness 10000) has occurred while \output is active []

 [7]
Underfull \hbox (badness 10000) in paragraph at lines 250--250
[][]|\TU/lmr/m/n/10.95 Développement[]
 []


Underfull \hbox (badness 10000) in paragraph at lines 250--250
[]\TU/lmr/m/n/10.95 orienté program-[]
 []


Underfull \hbox (badness 10000) in paragraph at lines 250--250
[][]|\TU/lmr/m/n/10.95 Réunions quoti-[]
 []


Underfull \hbox (badness 10000) in paragraph at lines 250--250
[][]|\TU/lmr/m/n/10.95 Optimisation du[]
 []


Underfull \vbox (badness 10000) has occurred while \output is active []

 [8]
Overfull \hbox (4.0701pt too wide) in paragraph at lines 269--270
[][]\TU/lmr/m/n/10.95 Cette méthodologie facilite également la communication en
tre les membres de l’équipe[]
 []

File: figures/scrum_cycle.jpg Graphic file (type bmp)
<figures/scrum_cycle.jpg>

Underfull \vbox (badness 10000) has occurred while \output is active []

 [9]
File: figures/uml_modelisation.jpg.png Graphic file (type bmp)
<figures/uml_modelisation.jpg.png>
)
[10]
\openout2 = `Chapitres/Chapitre2.aux'.

 (Chapitres/Chapitre2.tex
Chapitre 2.
[11




]
Underfull \vbox (badness 10000) has occurred while \output is active []

 [12]
[13]
File: figures/usecase.jpg.jpeg Graphic file (type bmp)
<figures/usecase.jpg.jpeg>
File: figures/diagramme_classes_global.jpg.jpg Graphic file (type bmp)
<figures/diagramme_classes_global.jpg.jpg>
 [14]
Underfull \vbox (badness 10000) has occurred while \output is active []

 [15]
File: figures/architecture_physique.jpg Graphic file (type bmp)
<figures/architecture_physique.jpg>

[16]
File: figures/architecture_logique.jpg Graphic file (type bmp)
<figures/architecture_logique.jpg>
 [17]
File: figures/scrum_team.jpg Graphic file (type bmp)
<figures/scrum_team.jpg>

Underfull \hbox (badness 1102) in paragraph at lines 242--242
[][]|\TU/lmr/m/n/10 En tant qu’administrateur, je[]
 []


Underfull \hbox (badness 1102) in paragraph at lines 242--242
[][]|\TU/lmr/m/n/10 En tant qu’administrateur, je[]
 []


Underfull \hbox (badness 1102) in paragraph at lines 242--242
[][]|\TU/lmr/m/n/10 En tant qu’administrateur, je[]
 []


Underfull \hbox (badness 1102) in paragraph at lines 242--242
[][]|\TU/lmr/m/n/10 En tant qu’administrateur, je[]
 []


Underfull \hbox (badness 1163) in paragraph at lines 242--242
[]\TU/lmr/m/n/10 veux sécuriser l’accès afin de[]
 []


Underfull \hbox (badness 4505) in paragraph at lines 242--242
[]\TU/lmr/m/n/10 extraire automatiquement les[]
 []


Underfull \hbox (badness 1590) in paragraph at lines 242--242
[][]|\TU/lmr/m/n/10 Consulter les factures en at-[]
 []


Underfull \hbox (badness 2608) in paragraph at lines 242--242
[][]|\TU/lmr/m/n/10 Approuver une facture après[]
 []


Underfull \vbox (badness 10000) has occurred while \output is active []

 [18]
[19]
File: figures/planification_sprints.jpg Graphic file (type bmp)
<figures/planification_sprints.jpg>
 [20]
Overfull \hbox (37.59996pt too wide) in alignment at lines 299--309
 [] [] [] 
 []


Overfull \hbox (37.59996pt too wide) in alignment at lines 309--319
 [] [] [] 
 []

File: figures/logos/staruml.jpg Graphic file (type bmp)
<figures/logos/staruml.jpg>
File: figures/logos/react.jpg Graphic file (type bmp)
<figures/logos/react.jpg>
File: figures/logos/fastapi.jpg Graphic file (type bmp)
<figures/logos/fastapi.jpg>
File: figures/logos/n8n.jpg Graphic file (type bmp)
<figures/logos/n8n.jpg>
File: figures/logos/ocr.jpg Graphic file (type bmp)
<figures/logos/ocr.jpg>
File: figures/logos/postgresql.jpg Graphic file (type bmp)
<figures/logos/postgresql.jpg>
File: figures/logos/pgadmin.jpg Graphic file (type bmp)
<figures/logos/pgadmin.jpg>
File: figures/logos/postman.jpg Graphic file (type bmp)
<figures/logos/postman.jpg>
File: figures/logos/vscode.jpg Graphic file (type bmp)
<figures/logos/vscode.jpg>

Overfull \hbox (37.59996pt too wide) in alignment at lines 319--394
 [] [] [] 
 []

[21] [22]
File: figures/gantt.jpg Graphic file (type bmp)
<figures/gantt.jpg>
) [23]
\openout2 = `Chapitres/Chapitre3.aux'.

 (Chapitres/Chapitre3.tex
Chapitre 3.
[24




]
Underfull \hbox (badness 10000) in paragraph at lines 50--50
[][]|\TU/lmr/m/n/10 Développement de l’interface de[]
 []


Underfull \hbox (badness 1642) in paragraph at lines 50--50
[][]|\TU/lmr/m/n/10 Conception du processus d’importa-[]
 []


Overfull \hbox (28.83208pt too wide) in alignment at lines 50--50
[][][][][] 
 []


Underfull \vbox (badness 10000) has occurred while \output is active []

 [25]
File: figures/usecase_sprint1.jpg.png Graphic file (type bmp)
<figures/usecase_sprint1.jpg.png>

Underfull \hbox (badness 10000) in paragraph at lines 110--110
[][]|\TU/lmr/bx/n/10.95 Scénario no-[]
 []


Underfull \hbox (badness 10000) in paragraph at lines 110--110
[][]|\TU/lmr/bx/n/10.95 Post-[]
 []


Underfull \hbox (badness 10000) in paragraph at lines 110--110
[][]|\TU/lmr/bx/n/10.95 Scénarios al-[]
 []


Underfull \vbox (badness 10000) has occurred while \output is active []


Overfull \hbox (29.06985pt too wide) has occurred while \output is active
[]\TU/lmr/m/n/10.95 26 \TU/lmr/m/sl/10.95 CHAPITRE 3.  SPRINT 1 : AUTHENTIFICAT
ION ET GESTION DES UTILISATEURS[]
 []

[26]
Underfull \vbox (badness 10000) has occurred while \output is active []

 [27]
Underfull \vbox (badness 10000) has occurred while \output is active []


Overfull \hbox (29.06985pt too wide) has occurred while \output is active
[]\TU/lmr/m/n/10.95 28 \TU/lmr/m/sl/10.95 CHAPITRE 3.  SPRINT 1 : AUTHENTIFICAT
ION ET GESTION DES UTILISATEURS[]
 []

[28]
File: figures/seq_auth.jpg Graphic file (type bmp)
<figures/seq_auth.jpg>
File: figures/seq_manage_users.jpg.png Graphic file (type bmp)
<figures/seq_manage_users.jpg.png>

Underfull \vbox (badness 10000) has occurred while \output is active []

 [29]
Overfull \vbox (85.03279pt too high) has occurred while \output is active []


Overfull \hbox (29.06985pt too wide) has occurred while \output is active
[]\TU/lmr/m/n/10.95 30 \TU/lmr/m/sl/10.95 CHAPITRE 3.  SPRINT 1 : AUTHENTIFICAT
ION ET GESTION DES UTILISATEURS[]
 []

[30]
File: figures/diagramme_classe.jpg.jpg Graphic file (type bmp)
<figures/diagramme_classe.jpg.jpg>
File: figures/seq_auth_detail.jpg.png Graphic file (type bmp)
<figures/seq_auth_detail.jpg.png>

Underfull \vbox (badness 10000) has occurred while \output is active []

 [31]
File: figures/seq_manage_users_detail.jpg.jpg Graphic file (type bmp)
<figures/seq_manage_users_detail.jpg.jpg>

Underfull \vbox (badness 10000) has occurred while \output is active []


Overfull \hbox (29.06985pt too wide) has occurred while \output is active
[]\TU/lmr/m/n/10.95 32 \TU/lmr/m/sl/10.95 CHAPITRE 3.  SPRINT 1 : AUTHENTIFICAT
ION ET GESTION DES UTILISATEURS[]
 []

[32]
File: figures/login.jpg.jpg Graphic file (type bmp)
<figures/login.jpg.jpg>

Underfull \vbox (badness 10000) has occurred while \output is active []

 [33]
File: figures/users_list.jpg Graphic file (type bmp)
<figures/users_list.jpg>
File: figures/add_user.jpg Graphic file (type bmp)
<figures/add_user.jpg>

Underfull \vbox (badness 10000) has occurred while \output is active []


Overfull \hbox (29.06985pt too wide) has occurred while \output is active
[]\TU/lmr/m/n/10.95 34 \TU/lmr/m/sl/10.95 CHAPITRE 3.  SPRINT 1 : AUTHENTIFICAT
ION ET GESTION DES UTILISATEURS[]
 []

[34]
File: figures/edit_user.jpg Graphic file (type bmp)
<figures/edit_user.jpg>
File: figures/ui_import.jpg.jpg Graphic file (type bmp)
<figures/ui_import.jpg.jpg>
File: figures/ui_ocr_result.jpg.jpg Graphic file (type bmp)
<figures/ui_ocr_result.jpg.jpg>

Underfull \vbox (badness 10000) has occurred while \output is active []

 [35]
File: figures/postman_login.jpg.jpg Graphic file (type bmp)
<figures/postman_login.jpg.jpg>
File: figures/postman_add_user.jpg.jpg Graphic file (type bmp)
<figures/postman_add_user.jpg.jpg>
File: figures/postman_update_user.jpg.jpg Graphic file (type bmp)
<figures/postman_update_user.jpg.jpg>
File: figures/postman_delete_user.jpg.jpg Graphic file (type bmp)
<figures/postman_delete_user.jpg.jpg>
File: figures/postman_users.jpg.jpg Graphic file (type bmp)
<figures/postman_users.jpg.jpg>

Overfull \hbox (67.8791pt too wide) in alignment at lines 493--531
 [] [] 
 []


Overfull \hbox (29.06985pt too wide) has occurred while \output is active
[]\TU/lmr/m/n/10.95 36 \TU/lmr/m/sl/10.95 CHAPITRE 3.  SPRINT 1 : AUTHENTIFICAT
ION ET GESTION DES UTILISATEURS[]
 []

[36]
File: figures/burndown_sprint1.jpg.png Graphic file (type bmp)
<figures/burndown_sprint1.jpg.png>

Underfull \hbox (badness 1609) in paragraph at lines 565--565
[][]|\TU/lmr/m/n/10.95 Authentification des utilisa-[]
 []


Underfull \hbox (badness 1314) in paragraph at lines 580--580
[][]|\TU/lmr/m/n/10.95 Intégration Frontend / Ba-[]
 []


Underfull \vbox (badness 10000) has occurred while \output is active []

 [37])
Overfull \hbox (29.06985pt too wide) has occurred while \output is active
[]\TU/lmr/m/n/10.95 38 \TU/lmr/m/sl/10.95 CHAPITRE 3.  SPRINT 1 : AUTHENTIFICAT
ION ET GESTION DES UTILISATEURS[]
 []

[38]
\openout2 = `Chapitres/Chapitre4.aux'.

 (Chapitres/Chapitre4.tex
Chapitre 4.
[39




]
Overfull \vbox (11.00006pt too high) detected at line 98
 []


Overfull \vbox (11.00006pt too high) detected at line 98
 []


Underfull \hbox (badness 10000) in paragraph at lines 98--98
[][]|\TU/lmr/m/n/9 Développement de l’interface de[]
 []


Underfull \hbox (badness 3525) in paragraph at lines 98--98
[][]|\TU/lmr/m/n/9 Implémentation backend d’affichage[]
 []


Underfull \hbox (badness 1675) in paragraph at lines 98--98
[][]|\TU/lmr/m/n/9 Implémentation backend de gestion[]
 []


Underfull \hbox (badness 7631) in paragraph at lines 98--98
[][]|\TU/lmr/m/n/9 Intégration des statistiques dyna-[]
 []


Overfull \vbox (11.00006pt too high) detected at line 98
 []

File: figures/usecase_sprint2.jpg.png Graphic file (type bmp)
<figures/usecase_sprint2.jpg.png>

Underfull \vbox (badness 10000) has occurred while \output is active []

 [40]
Underfull \hbox (badness 10000) in paragraph at lines 164--164
[][]|\TU/lmr/bx/n/10.95 Scénarios alterna-[]
 []


Underfull \vbox (badness 10000) has occurred while \output is active []

 [41]
Underfull \hbox (badness 10000) in paragraph at lines 232--232
[][]
 []


Underfull \hbox (badness 10000) in paragraph at lines 232--232
[][]
 []


Underfull \hbox (badness 10000) in paragraph at lines 232--232
[][]
 []


Underfull \hbox (badness 10000) in paragraph at lines 232--232
[][]
 []


Underfull \hbox (badness 10000) in paragraph at lines 232--232
[][]
 []


Underfull \hbox (badness 10000) in paragraph at lines 232--232
[][]
 []


Underfull \hbox (badness 10000) in paragraph at lines 232--232
[][]
 []


Underfull \vbox (badness 10000) has occurred while \output is active []

 [42]
[43]
File: figures/seq_resultats_extraction.jpg Graphic file (type bmp)
<figures/seq_resultats_extraction.jpg>
File: figures/seq_factures_statut.jpg.jpg Graphic file (type bmp)
<figures/seq_factures_statut.jpg.jpg>

Underfull \vbox (badness 10000) has occurred while \output is active []

 [44

]
File: figures/class_sprint2.jpg.jpg Graphic file (type bmp)
<figures/class_sprint2.jpg.jpg>

Underfull \vbox (badness 10000) has occurred while \output is active []

 [45]
File: figures/seq_resultats_extraction_detail.jpg.jpg Graphic file (type bmp)
<figures/seq_resultats_extraction_detail.jpg.jpg>

Underfull \vbox (badness 10000) has occurred while \output is active []

 [46]
File: figures/seq_factures_statut_detail.jpg.jpg Graphic file (type bmp)
<figures/seq_factures_statut_detail.jpg.jpg>

Underfull \hbox (badness 1694) in paragraph at lines 368--368
[][]|\TU/lmr/m/n/9 Identifiant unique de la[]
 []


Underfull \vbox (badness 10000) has occurred while \output is active []

 [47]
File: figures/ui_resultats_extraction.jpg Graphic file (type bmp)
<figures/ui_resultats_extraction.jpg>

Underfull \vbox (badness 10000) has occurred while \output is active []

 [48]
File: figures/ui_factures_attente.jpg Graphic file (type bmp)
<figures/ui_factures_attente.jpg>
File: figures/ui_factures_validees.jpg Graphic file (type bmp)
<figures/ui_factures_validees.jpg>

Underfull \vbox (badness 10000) has occurred while \output is active []

 [49]
File: figures/ui_factures_rejetees.jpg Graphic file (type bmp)
<figures/ui_factures_rejetees.jpg>
File: figures/ui_dashboard.jpg Graphic file (type bmp)
<figures/ui_dashboard.jpg>

Underfull \vbox (badness 10000) has occurred while \output is active []

 [50]
File: figures/ui_config_ia.jpg.jpg Graphic file (type bmp)
<figures/ui_config_ia.jpg.jpg>
File: figures/postman_import_facture.jpg.jpg Graphic file (type bmp)
<figures/postman_import_facture.jpg.jpg>
File: figures/postman_resultats.jpg.jpg Graphic file (type bmp)
<figures/postman_resultats.jpg.jpg>
File: figures/postman_logs.jpg.jpg Graphic file (type bmp)
<figures/postman_logs.jpg.jpg>
File: figures/postman_factures.jpg.jpg Graphic file (type bmp)
<figures/postman_factures.jpg.jpg>

Overfull \hbox (10.9736pt too wide) in alignment at lines 535--567
 [] [] 
 []


Underfull \vbox (badness 10000) has occurred while \output is active []

 [51]
[52]
File: figures/burndown_sprint2.jpg.png Graphic file (type bmp)
<figures/burndown_sprint2.jpg.png>
 [53]) [54]
\openout2 = `Chapitres/Chapitre5.aux'.

 (Chapitres/Chapitre5.tex
Chapitre 5.
[55




]
Overfull \vbox (11.00006pt too high) detected at line 95
 []


Overfull \vbox (11.00006pt too high) detected at line 95
 []


Overfull \vbox (11.00006pt too high) detected at line 95
 []


Overfull \vbox (11.00006pt too high) detected at line 95
 []


Overfull \vbox (11.00006pt too high) detected at line 95
 []


Overfull \vbox (11.00006pt too high) detected at line 95
 []


Overfull \vbox (11.00006pt too high) detected at line 95
 []


Overfull \vbox (11.00006pt too high) detected at line 95
 []


Underfull \hbox (badness 7631) in paragraph at lines 95--95
[][]|\TU/lmr/m/n/9 Intégration des statistiques dyna-[]
 []


Overfull \vbox (11.00006pt too high) detected at line 95
 []


Underfull \vbox (badness 10000) has occurred while \output is active []

 [56]
File: figures/usecase_sprint3.jpg.png Graphic file (type bmp)
<figures/usecase_sprint3.jpg.png>

Underfull \vbox (badness 10000) has occurred while \output is active []

 [57]
Underfull \hbox (badness 10000) in paragraph at lines 214--214
[][]|\TU/lmr/bx/n/10.95 Scénarios alterna-[]
 []


Underfull \vbox (badness 10000) has occurred while \output is active []

 [58]
File: figures/seq_system_validation.jpg Graphic file (type bmp)
<figures/seq_system_validation.jpg>

Underfull \vbox (badness 10000) has occurred while \output is active []

 [59]
File: figures/seq_system_journal.jpg Graphic file (type bmp)
<figures/seq_system_journal.jpg>

Underfull \vbox (badness 10000) has occurred while \output is active []

 [60]
File: figures/class_sprint3.jpg.jpg Graphic file (type bmp)
<figures/class_sprint3.jpg.jpg>

Underfull \vbox (badness 10000) has occurred while \output is active []

 [61]
File: figures/seq_detail_validation.jpg.png Graphic file (type bmp)
<figures/seq_detail_validation.jpg.png>

Underfull \vbox (badness 10000) has occurred while \output is active []

 [62]
File: figures/seq_detail_journal.jpg.png Graphic file (type bmp)
<figures/seq_detail_journal.jpg.png>

Underfull \vbox (badness 10000) has occurred while \output is active []

 [63]
Underfull \hbox (badness 7362) in paragraph at lines 363--363
[][]|\TU/lmr/m/n/9 Commentaire obligatoire[]
 []


Underfull \hbox (badness 10000) in paragraph at lines 427--427
[][]|\TU/lmr/m/n/9 Description de l’action[]
 []


Underfull \vbox (badness 10000) has occurred while \output is active []

 [64]
File: figures/ui_validation_factures.jpg.jpg Graphic file (type bmp)
<figures/ui_validation_factures.jpg.jpg>
File: figures/ui_details_facture.jpg.jpg Graphic file (type bmp)
<figures/ui_details_facture.jpg.jpg>

Underfull \vbox (badness 10000) has occurred while \output is active []

 [65]
File: figures/ui_modifier_facture.jpg Graphic file (type bmp)
<figures/ui_modifier_facture.jpg>
File: figures/ui_commentaire_obligatoire.jpg.jpg Graphic file (type bmp)
<figures/ui_commentaire_obligatoire.jpg.jpg>

Underfull \vbox (badness 10000) has occurred while \output is active []

 [66]
File: figures/ui_dashboard_financier.jpg Graphic file (type bmp)
<figures/ui_dashboard_financier.jpg>
File: figures/ui_journal.jpg Graphic file (type bmp)
<figures/ui_journal.jpg>

Underfull \vbox (badness 10000) has occurred while \output is active []

 [67]
[68]
File: figures/postman_validation.jpg.jpg Graphic file (type bmp)
<figures/postman_validation.jpg.jpg>
File: figures/postman_rejet.jpg.jpg Graphic file (type bmp)
<figures/postman_rejet.jpg.jpg>
File: figures/postman_dashboard.jpg.jpg Graphic file (type bmp)
<figures/postman_dashboard.jpg.jpg>
File: figures/postman_config_ia.jpg.jpg Graphic file (type bmp)
<figures/postman_config_ia.jpg.jpg>

Overfull \hbox (10.9736pt too wide) in alignment at lines 524--556
 [] [] 
 []

[69]
File: figures/burndown_sprint3.jpg.png Graphic file (type bmp)
<figures/burndown_sprint3.jpg.png>
 [70]) [71]
\openout2 = `Chapitres/Conclusion.aux'.

 (Chapitres/Conclusion.tex
Underfull \vbox (badness 10000) has occurred while \output is active []

 [72




])
[73]
Package minitoc Info: I0009
(minitoc)             Listing minitoc auxiliary files. 
(minitoc)             Creating the Thesis-report.maf file.
\openout5 = `Thesis-report.maf'.



Package minitoc(hints) Warning: W0078
(minitoc(hints))                You have used \dominitoc, 
(minitoc(hints))                but not \minitoc.


Package minitoc(hints) Warning: W0033
(minitoc(hints))                The caption package should be 
(minitoc(hints))                loaded BEFORE the minitoc package.

Package minitoc(hints) Info: I0053
(minitoc(hints))             You have loaded the float package; 
(minitoc(hints))             please be aware that the minitoc package 
(minitoc(hints))             facilities can not be used for new types 
(minitoc(hints))             of floats defined by the float package.

Package minitoc(hints) Warning: W0024
(minitoc(hints))                Some hints have been written 
(minitoc(hints))                in the Thesis-report.log file.

[74



] (Thesis-report.aux (Chapitres/Declaration.aux) (Chapitres/dedication.aux)
(Chapitres/Acknowledgements.aux) (Chapitres/Abstract.aux)
(Chapitres/Notations.aux) (Chapitres/Introduction.aux) (Chapitres/Chapitre1.aux
) (Chapitres/Chapitre2.aux) (Chapitres/Chapitre3.aux) (Chapitres/Chapitre4.aux)
(Chapitres/Chapitre5.aux) (Chapitres/Conclusion.aux))
 ***********
LaTeX2e <2025-11-01>
L3 programming layer <2026-03-20>
 ***********
Package rerunfilecheck Info: File `Thesis-report.out' has not changed.
(rerunfilecheck)             Checksum: ED84F888D5438CB2DF63B363C301A000;13630.
Package logreq Info: Writing requests to 'Thesis-report.run.xml'.
\openout1 = `Thesis-report.run.xml'.

 ) 
Here is how much of TeX's memory you used:
 48168 strings out of 402807
 1027308 string characters out of 5444928
 1961065 words of memory out of 5000000
 76154 multiletter control sequences out of 15000+600000
 642366 words of font info for 130 fonts, out of 8000000 for 9000
 1348 hyphenation exceptions out of 8191
 98i,17n,118p,1296b,4834s stack positions out of 10000i,1000n,20000p,200000b,200000s

Output written on Thesis-report.pdf (85 pages).
